[ 2018-07-04T23:11:54+08:00 ] 172.18.0.1 /index.php
INFO: [ app_init ] --START--
INFO: Run Behavior\BuildLiteBehavior [ RunTime:0.000005s ]
INFO: [ app_init ] --END-- [ RunTime:0.000024s ]
INFO: [ app_begin ] --START--
INFO: Run Behavior\ReadHtmlCacheBehavior [ RunTime:0.000235s ]
INFO: Run Behavior\CheckLangBehavior [ RunTime:0.001018s ]
INFO: [ app_begin ] --END-- [ RunTime:0.001280s ]
INFO: [ view_parse ] --START--
INFO: [ template_filter ] --START--
INFO: Run Behavior\ContentReplaceBehavior [ RunTime:0.000015s ]
INFO: [ template_filter ] --END-- [ RunTime:0.000029s ]
NOTIC: [8] Undefined index: m /var/www/jiuyu/fundtime.cn/core/Common/functions.php 第 977 行.
NOTIC: [8] Undefined index: m /var/www/jiuyu/fundtime.cn/core/Common/functions.php 第 977 行.
NOTIC: [8] Undefined index: m /var/www/jiuyu/fundtime.cn/core/Common/functions.php 第 977 行.
NOTIC: [8] Undefined index: m /var/www/jiuyu/fundtime.cn/core/Common/functions.php 第 977 行.
NOTIC: [8] Undefined index: m /var/www/jiuyu/fundtime.cn/core/Common/functions.php 第 977 行.
INFO: Run Behavior\ParseTemplateBehavior [ RunTime:0.029610s ]
INFO: [ view_parse ] --END-- [ RunTime:0.029628s ]
INFO: [ view_filter ] --START--
INFO: Run Behavior\WriteHtmlCacheBehavior [ RunTime:0.000587s ]
INFO: Run Behavior\TokenBuildBehavior [ RunTime:0.000565s ]
INFO: [ view_filter ] --END-- [ RunTime:0.001166s ]
INFO: [ app_end ] --START--
INFO: Run Behavior\ShowPageTraceBehavior [ RunTime:0.000458s ]
INFO: [ app_end ] --END-- [ RunTime:0.000465s ]

[ 2018-07-04T23:11:54+08:00 ] 172.18.0.1 /Index_verifycode.html
INFO: [ app_init ] --START--
INFO: Run Behavior\BuildLiteBehavior [ RunTime:0.000004s ]
INFO: [ app_init ] --END-- [ RunTime:0.000014s ]
INFO: [ app_begin ] --START--
INFO: Run Behavior\ReadHtmlCacheBehavior [ RunTime:0.000010s ]
INFO: Run Behavior\CheckLangBehavior [ RunTime:0.000026s ]
INFO: [ app_begin ] --END-- [ RunTime:0.000047s ]
ERR: 非法操作:verifycode

[ 2018-07-04T23:15:28+08:00 ] 172.18.0.1 /index.php
INFO: [ app_init ] --START--
INFO: Run Behavior\BuildLiteBehavior [ RunTime:0.000007s ]
INFO: [ app_init ] --END-- [ RunTime:0.000028s ]
INFO: [ app_begin ] --START--
INFO: Run Behavior\ReadHtmlCacheBehavior [ RunTime:0.000349s ]
INFO: Run Behavior\CheckLangBehavior [ RunTime:0.001143s ]
INFO: [ app_begin ] --END-- [ RunTime:0.001524s ]
INFO: [ view_parse ] --START--
INFO: [ template_filter ] --START--
INFO: Run Behavior\ContentReplaceBehavior [ RunTime:0.000016s ]
INFO: [ template_filter ] --END-- [ RunTime:0.000032s ]
NOTIC: [8] Undefined index: m /var/www/jiuyu/fundtime.cn/core/Common/functions.php 第 977 行.
NOTIC: [8] Undefined index: m /var/www/jiuyu/fundtime.cn/core/Common/functions.php 第 977 行.
NOTIC: [8] Undefined index: m /var/www/jiuyu/fundtime.cn/core/Common/functions.php 第 977 行.
NOTIC: [8] Undefined index: m /var/www/jiuyu/fundtime.cn/core/Common/functions.php 第 977 行.
NOTIC: [8] Undefined index: m /var/www/jiuyu/fundtime.cn/core/Common/functions.php 第 977 行.
INFO: Run Behavior\ParseTemplateBehavior [ RunTime:0.016295s ]
INFO: [ view_parse ] --END-- [ RunTime:0.016311s ]
INFO: [ view_filter ] --START--
INFO: Run Behavior\WriteHtmlCacheBehavior [ RunTime:0.000341s ]
INFO: Run Behavior\TokenBuildBehavior [ RunTime:0.000354s ]
INFO: [ view_filter ] --END-- [ RunTime:0.000709s ]
INFO: [ app_end ] --START--
INFO: Run Behavior\ShowPageTraceBehavior [ RunTime:0.000345s ]
INFO: [ app_end ] --END-- [ RunTime:0.000353s ]

[ 2018-07-04T23:15:28+08:00 ] 172.18.0.1 /Index_verifycode.html
INFO: [ app_init ] --START--
INFO: Run Behavior\BuildLiteBehavior [ RunTime:0.000005s ]
INFO: [ app_init ] --END-- [ RunTime:0.000020s ]
INFO: [ app_begin ] --START--
INFO: Run Behavior\ReadHtmlCacheBehavior [ RunTime:0.000030s ]
INFO: Run Behavior\CheckLangBehavior [ RunTime:0.000037s ]
INFO: [ app_begin ] --END-- [ RunTime:0.000087s ]
ERR: 非法操作:verifycode

[ 2018-07-04T23:15:30+08:00 ] 172.18.0.1 /Index_verifycode.html?a=16.00334374022858
INFO: [ app_init ] --START--
INFO: Run Behavior\BuildLiteBehavior [ RunTime:0.000004s ]
INFO: [ app_init ] --END-- [ RunTime:0.000018s ]
INFO: [ app_begin ] --START--
INFO: Run Behavior\ReadHtmlCacheBehavior [ RunTime:0.000382s ]
INFO: Run Behavior\CheckLangBehavior [ RunTime:0.001192s ]
INFO: [ app_begin ] --END-- [ RunTime:0.001606s ]
ERR: 非法操作:verifycode

[ 2018-07-04T23:15:30+08:00 ] 172.18.0.1 /Index_verifycode.html?a=52.56246240833411
INFO: [ app_init ] --START--
INFO: Run Behavior\BuildLiteBehavior [ RunTime:0.000006s ]
INFO: [ app_init ] --END-- [ RunTime:0.000035s ]
INFO: [ app_begin ] --START--
INFO: Run Behavior\ReadHtmlCacheBehavior [ RunTime:0.000015s ]
INFO: Run Behavior\CheckLangBehavior [ RunTime:0.000045s ]
INFO: [ app_begin ] --END-- [ RunTime:0.000078s ]
ERR: 非法操作:verifycode

[ 2018-07-04T23:15:30+08:00 ] 172.18.0.1 /Index_verifycode.html?a=44.876538460241576
INFO: [ app_init ] --START--
INFO: Run Behavior\BuildLiteBehavior [ RunTime:0.000003s ]
INFO: [ app_init ] --END-- [ RunTime:0.000014s ]
INFO: [ app_begin ] --START--
INFO: Run Behavior\ReadHtmlCacheBehavior [ RunTime:0.000011s ]
INFO: Run Behavior\CheckLangBehavior [ RunTime:0.000021s ]
INFO: [ app_begin ] --END-- [ RunTime:0.000044s ]
ERR: 非法操作:verifycode

[ 2018-07-04T23:15:31+08:00 ] 172.18.0.1 /Index_verifycode.html?a=99.8478658668761
INFO: [ app_init ] --START--
INFO: Run Behavior\BuildLiteBehavior [ RunTime:0.000006s ]
INFO: [ app_init ] --END-- [ RunTime:0.000023s ]
INFO: [ app_begin ] --START--
INFO: Run Behavior\ReadHtmlCacheBehavior [ RunTime:0.000350s ]
INFO: Run Behavior\CheckLangBehavior [ RunTime:0.001001s ]
INFO: [ app_begin ] --END-- [ RunTime:0.001381s ]
ERR: 非法操作:verifycode

[ 2018-07-04T23:15:31+08:00 ] 172.18.0.1 /Index_verifycode.html?a=1.8269007300369955
INFO: [ app_init ] --START--
INFO: Run Behavior\BuildLiteBehavior [ RunTime:0.000004s ]
INFO: [ app_init ] --END-- [ RunTime:0.000019s ]
INFO: [ app_begin ] --START--
INFO: Run Behavior\ReadHtmlCacheBehavior [ RunTime:0.000015s ]
INFO: Run Behavior\CheckLangBehavior [ RunTime:0.000033s ]
INFO: [ app_begin ] --END-- [ RunTime:0.000064s ]
ERR: 非法操作:verifycode

[ 2018-07-04T23:15:31+08:00 ] 172.18.0.1 /Index_verifycode.html?a=64.00987671915416
INFO: [ app_init ] --START--
INFO: Run Behavior\BuildLiteBehavior [ RunTime:0.000004s ]
INFO: [ app_init ] --END-- [ RunTime:0.000014s ]
INFO: [ app_begin ] --START--
INFO: Run Behavior\ReadHtmlCacheBehavior [ RunTime:0.000010s ]
INFO: Run Behavior\CheckLangBehavior [ RunTime:0.000032s ]
INFO: [ app_begin ] --END-- [ RunTime:0.000055s ]
ERR: 非法操作:verifycode

[ 2018-07-04T23:15:31+08:00 ] 172.18.0.1 /index.php
INFO: [ app_init ] --START--
INFO: Run Behavior\BuildLiteBehavior [ RunTime:0.000004s ]
INFO: [ app_init ] --END-- [ RunTime:0.000019s ]
INFO: [ app_begin ] --START--
INFO: Run Behavior\ReadHtmlCacheBehavior [ RunTime:0.000011s ]
INFO: Run Behavior\CheckLangBehavior [ RunTime:0.000021s ]
INFO: [ app_begin ] --END-- [ RunTime:0.000043s ]
INFO: [ view_parse ] --START--
INFO: [ template_filter ] --START--
INFO: Run Behavior\ContentReplaceBehavior [ RunTime:0.000017s ]
INFO: [ template_filter ] --END-- [ RunTime:0.000037s ]
NOTIC: [8] Undefined index: m /var/www/jiuyu/fundtime.cn/core/Common/functions.php 第 977 行.
NOTIC: [8] Undefined index: m /var/www/jiuyu/fundtime.cn/core/Common/functions.php 第 977 行.
NOTIC: [8] Undefined index: m /var/www/jiuyu/fundtime.cn/core/Common/functions.php 第 977 行.
NOTIC: [8] Undefined index: m /var/www/jiuyu/fundtime.cn/core/Common/functions.php 第 977 行.
NOTIC: [8] Undefined index: m /var/www/jiuyu/fundtime.cn/core/Common/functions.php 第 977 行.
INFO: Run Behavior\ParseTemplateBehavior [ RunTime:0.012416s ]
INFO: [ view_parse ] --END-- [ RunTime:0.012432s ]
INFO: [ view_filter ] --START--
INFO: Run Behavior\WriteHtmlCacheBehavior [ RunTime:0.000410s ]
INFO: Run Behavior\TokenBuildBehavior [ RunTime:0.000458s ]
INFO: [ view_filter ] --END-- [ RunTime:0.000890s ]
INFO: [ app_end ] --START--
INFO: Run Behavior\ShowPageTraceBehavior [ RunTime:0.000326s ]
INFO: [ app_end ] --END-- [ RunTime:0.000339s ]

[ 2018-07-04T23:15:31+08:00 ] 172.18.0.1 /Index_verifycode.html
INFO: [ app_init ] --START--
INFO: Run Behavior\BuildLiteBehavior [ RunTime:0.000003s ]
INFO: [ app_init ] --END-- [ RunTime:0.000013s ]
INFO: [ app_begin ] --START--
INFO: Run Behavior\ReadHtmlCacheBehavior [ RunTime:0.000010s ]
INFO: Run Behavior\CheckLangBehavior [ RunTime:0.000021s ]
INFO: [ app_begin ] --END-- [ RunTime:0.000043s ]
ERR: 非法操作:verifycode

[ 2018-07-04T23:15:37+08:00 ] 172.18.0.1 /index.php
INFO: [ app_init ] --START--
INFO: Run Behavior\BuildLiteBehavior [ RunTime:0.000005s ]
INFO: [ app_init ] --END-- [ RunTime:0.000019s ]
INFO: [ app_begin ] --START--
INFO: Run Behavior\ReadHtmlCacheBehavior [ RunTime:0.000262s ]
INFO: Run Behavior\CheckLangBehavior [ RunTime:0.000754s ]
INFO: [ app_begin ] --END-- [ RunTime:0.001040s ]
INFO: [ view_parse ] --START--
INFO: [ template_filter ] --START--
INFO: Run Behavior\ContentReplaceBehavior [ RunTime:0.000013s ]
INFO: [ template_filter ] --END-- [ RunTime:0.000022s ]
NOTIC: [8] Undefined index: m /var/www/jiuyu/fundtime.cn/core/Common/functions.php 第 977 行.
NOTIC: [8] Undefined index: m /var/www/jiuyu/fundtime.cn/core/Common/functions.php 第 977 行.
NOTIC: [8] Undefined index: m /var/www/jiuyu/fundtime.cn/core/Common/functions.php 第 977 行.
NOTIC: [8] Undefined index: m /var/www/jiuyu/fundtime.cn/core/Common/functions.php 第 977 行.
NOTIC: [8] Undefined index: m /var/www/jiuyu/fundtime.cn/core/Common/functions.php 第 977 行.
INFO: Run Behavior\ParseTemplateBehavior [ RunTime:0.007907s ]
INFO: [ view_parse ] --END-- [ RunTime:0.007921s ]
INFO: [ view_filter ] --START--
INFO: Run Behavior\WriteHtmlCacheBehavior [ RunTime:0.000297s ]
INFO: Run Behavior\TokenBuildBehavior [ RunTime:0.000284s ]
INFO: [ view_filter ] --END-- [ RunTime:0.000595s ]
INFO: [ app_end ] --START--
INFO: Run Behavior\ShowPageTraceBehavior [ RunTime:0.000251s ]
INFO: [ app_end ] --END-- [ RunTime:0.000258s ]

[ 2018-07-04T23:15:37+08:00 ] 172.18.0.1 /Index_verifycode.html
INFO: [ app_init ] --START--
INFO: Run Behavior\BuildLiteBehavior [ RunTime:0.000005s ]
INFO: [ app_init ] --END-- [ RunTime:0.000021s ]
INFO: [ app_begin ] --START--
INFO: Run Behavior\ReadHtmlCacheBehavior [ RunTime:0.000011s ]
INFO: Run Behavior\CheckLangBehavior [ RunTime:0.000024s ]
INFO: [ app_begin ] --END-- [ RunTime:0.000049s ]
ERR: 非法操作:verifycode

[ 2018-07-04T23:15:46+08:00 ] 172.18.0.1 /index.php
INFO: [ app_init ] --START--
INFO: Run Behavior\BuildLiteBehavior [ RunTime:0.000006s ]
INFO: [ app_init ] --END-- [ RunTime:0.000023s ]
INFO: [ app_begin ] --START--
INFO: Run Behavior\ReadHtmlCacheBehavior [ RunTime:0.000218s ]
INFO: Run Behavior\CheckLangBehavior [ RunTime:0.000735s ]
INFO: [ app_begin ] --END-- [ RunTime:0.000971s ]
INFO: [ view_parse ] --START--
INFO: [ template_filter ] --START--
INFO: Run Behavior\ContentReplaceBehavior [ RunTime:0.000016s ]
INFO: [ template_filter ] --END-- [ RunTime:0.000027s ]
NOTIC: [8] Undefined index: m /var/www/jiuyu/fundtime.cn/core/Common/functions.php 第 977 行.
NOTIC: [8] Undefined index: m /var/www/jiuyu/fundtime.cn/core/Common/functions.php 第 977 行.
NOTIC: [8] Undefined index: m /var/www/jiuyu/fundtime.cn/core/Common/functions.php 第 977 行.
NOTIC: [8] Undefined index: m /var/www/jiuyu/fundtime.cn/core/Common/functions.php 第 977 行.
NOTIC: [8] Undefined index: m /var/www/jiuyu/fundtime.cn/core/Common/functions.php 第 977 行.
INFO: Run Behavior\ParseTemplateBehavior [ RunTime:0.007868s ]
INFO: [ view_parse ] --END-- [ RunTime:0.007883s ]
INFO: [ view_filter ] --START--
INFO: Run Behavior\WriteHtmlCacheBehavior [ RunTime:0.000317s ]
INFO: Run Behavior\TokenBuildBehavior [ RunTime:0.000312s ]
INFO: [ view_filter ] --END-- [ RunTime:0.000643s ]
INFO: [ app_end ] --START--
INFO: Run Behavior\ShowPageTraceBehavior [ RunTime:0.000248s ]
INFO: [ app_end ] --END-- [ RunTime:0.000256s ]

[ 2018-07-04T23:15:46+08:00 ] 172.18.0.1 /Index_verifycode.html
INFO: [ app_init ] --START--
INFO: Run Behavior\BuildLiteBehavior [ RunTime:0.000003s ]
INFO: [ app_init ] --END-- [ RunTime:0.000014s ]
INFO: [ app_begin ] --START--
INFO: Run Behavior\ReadHtmlCacheBehavior [ RunTime:0.000010s ]
INFO: Run Behavior\CheckLangBehavior [ RunTime:0.000021s ]
INFO: [ app_begin ] --END-- [ RunTime:0.000042s ]
ERR: 非法操作:verifycode

[ 2018-07-04T23:20:27+08:00 ] 172.18.0.1 /Home_Index_generateQrcode?str=otpauth%3A%2F%2Ftotp%2Fhttp%3A%2F%2Fwww.9pay.local%3Fsecret%3DZ7X264EGDVRYB43M
INFO: [ app_init ] --START--
INFO: Run Behavior\BuildLiteBehavior [ RunTime:0.000005s ]
INFO: [ app_init ] --END-- [ RunTime:0.000024s ]
INFO: [ app_begin ] --START--
INFO: Run Behavior\ReadHtmlCacheBehavior [ RunTime:0.000033s ]
INFO: Run Behavior\CheckLangBehavior [ RunTime:0.000193s ]
INFO: [ app_begin ] --END-- [ RunTime:0.000255s ]

