[ 2018-07-18T23:35:23+08:00 ] 172.18.0.1 /
INFO: [ app_init ] --START--
INFO: Run Behavior\BuildLiteBehavior [ RunTime:0.000005s ]
INFO: [ app_init ] --END-- [ RunTime:0.000040s ]
INFO: [ app_begin ] --START--
INFO: Run Behavior\ReadHtmlCacheBehavior [ RunTime:0.015316s ]
INFO: Run Behavior\CheckLangBehavior [ RunTime:0.019036s ]
INFO: [ app_begin ] --END-- [ RunTime:0.034396s ]
INFO: [ action_begin ] --START--
INFO: Run Behavior\CheckAuthBehavior [ RunTime:1.110886s ]
INFO: [ action_begin ] --END-- [ RunTime:1.110926s ]
SQL: SHOW COLUMNS FROM `pay_template` [ RunTime:0.0097s ]
SQL: SELECT `theme` FROM `pay_template` WHERE `is_default` = 1 LIMIT 1   [ RunTime:0.0131s ]
SQL: SHOW COLUMNS FROM `pay_websiteconfig` [ RunTime:0.0020s ]
SQL: SELECT * FROM `pay_websiteconfig` LIMIT 1   [ RunTime:0.0087s ]
NOTIC: [8] Undefined index: logo /var/www/jiuyu/fundtime.cn/Application/Home/Controller/BaseController.class.php 第 39 行.
INFO: [ view_parse ] --START--
INFO: [ template_filter ] --START--
INFO: Run Behavior\ContentReplaceBehavior [ RunTime:0.000048s ]
INFO: [ template_filter ] --END-- [ RunTime:0.000077s ]
INFO: Run Behavior\ParseTemplateBehavior [ RunTime:0.107397s ]
INFO: [ view_parse ] --END-- [ RunTime:0.107445s ]
INFO: [ view_filter ] --START--
INFO: Run Behavior\WriteHtmlCacheBehavior [ RunTime:0.010688s ]
INFO: Run Behavior\TokenBuildBehavior [ RunTime:0.013798s ]
INFO: [ view_filter ] --END-- [ RunTime:0.024534s ]
INFO: [ app_end ] --START--
INFO: Run Behavior\ShowPageTraceBehavior [ RunTime:0.008853s ]
INFO: [ app_end ] --END-- [ RunTime:0.008876s ]

