[ 2018-07-13T00:17:55+08:00 ] 172.18.0.1 /manage_PayForAnother_index.html
INFO: [ app_init ] --START--
INFO: Run Behavior\BuildLiteBehavior [ RunTime:0.000005s ]
INFO: [ app_init ] --END-- [ RunTime:0.000019s ]
INFO: [ app_begin ] --START--
INFO: Run Behavior\ReadHtmlCacheBehavior [ RunTime:0.000238s ]
INFO: Run Behavior\CheckLangBehavior [ RunTime:0.000922s ]
INFO: [ app_begin ] --END-- [ RunTime:0.001192s ]
INFO: [ action_begin ] --START--
INFO: Run Behavior\CheckAuthBehavior [ RunTime:0.002344s ]
INFO: [ action_begin ] --END-- [ RunTime:0.002373s ]
SQL: SHOW COLUMNS FROM `pay_admin` [ RunTime:0.0008s ]
SQL: SELECT `groupid` FROM `pay_admin` WHERE `id` = 1 LIMIT 1   [ RunTime:0.0001s ]
SQL: SHOW COLUMNS FROM `pay_websiteconfig` [ RunTime:0.0007s ]
SQL: SELECT * FROM `pay_websiteconfig` LIMIT 1   [ RunTime:0.0001s ]
SQL: SELECT `session_random` FROM `pay_admin` WHERE `id` = 1 LIMIT 1   [ RunTime:0.0001s ]
SQL: SHOW COLUMNS FROM `pay_member_agent_cate` [ RunTime:0.0005s ]
SQL: SELECT * FROM `pay_member_agent_cate`  [ RunTime:0.0001s ]
SQL: SHOW COLUMNS FROM `pay_auth_group_access` [ RunTime:0.0006s ]
SQL: SELECT b.rules FROM pay_auth_group_access a LEFT JOIN pay_auth_group b ON b.id=a.group_id  WHERE a.uid = '1'  [ RunTime:0.0001s ]
SQL: SHOW COLUMNS FROM `pay_auth_rule` [ RunTime:0.0008s ]
SQL: SELECT * FROM `pay_auth_rule` WHERE `id` IN ('1','49','2','3','51','4','57','5','55','56','58','59','6','43','44','52','53','48','70','54','7','8','60','61','62','9','63','64','65','66','10','67','68','69','11','12','79','80','81','82','83','84','85','86','87','88','89','90','91','93','94','95','96','97','98','99','100','101','120','13','14','15','92','16','73','76','77','78','17','18','19','71','75','72','74','22','23','24','25','26','46','27','28','108','29','102','30','103','107','104','105','122','31','32','33','34','121','35','36','37','38','39','40','41','42','45','47') AND `is_menu` = 1 AND `status` = 1  [ RunTime:0.0004s ]
SQL: SHOW COLUMNS FROM `pay_pay_for_another` [ RunTime:0.0014s ]
SQL: SELECT COUNT(*) AS tp_count FROM `pay_pay_for_another` LIMIT 1   [ RunTime:0.0083s ]
SQL: SELECT * FROM `pay_pay_for_another` LIMIT 0,15   [ RunTime:0.0004s ]
INFO: [ view_parse ] --START--
INFO: [ template_filter ] --START--
INFO: Run Behavior\ContentReplaceBehavior [ RunTime:0.000017s ]
INFO: [ template_filter ] --END-- [ RunTime:0.000031s ]
NOTIC: [2] Use of undefined constant id - assumed 'id' (this will throw an Error in a future version of PHP) /var/www/jiuyu/fundtime.cn/Runtime/Cache/Admin/c1dfebf609fb69e91ee1f10455818bc9.php 第 64 行.
NOTIC: [2] Use of undefined constant id - assumed 'id' (this will throw an Error in a future version of PHP) /var/www/jiuyu/fundtime.cn/Runtime/Cache/Admin/c1dfebf609fb69e91ee1f10455818bc9.php 第 66 行.
NOTIC: [2] Use of undefined constant id - assumed 'id' (this will throw an Error in a future version of PHP) /var/www/jiuyu/fundtime.cn/Runtime/Cache/Admin/c1dfebf609fb69e91ee1f10455818bc9.php 第 68 行.
NOTIC: [2] Use of undefined constant id - assumed 'id' (this will throw an Error in a future version of PHP) /var/www/jiuyu/fundtime.cn/Runtime/Cache/Admin/c1dfebf609fb69e91ee1f10455818bc9.php 第 64 行.
NOTIC: [2] Use of undefined constant id - assumed 'id' (this will throw an Error in a future version of PHP) /var/www/jiuyu/fundtime.cn/Runtime/Cache/Admin/c1dfebf609fb69e91ee1f10455818bc9.php 第 66 行.
NOTIC: [2] Use of undefined constant id - assumed 'id' (this will throw an Error in a future version of PHP) /var/www/jiuyu/fundtime.cn/Runtime/Cache/Admin/c1dfebf609fb69e91ee1f10455818bc9.php 第 68 行.
NOTIC: [2] Use of undefined constant id - assumed 'id' (this will throw an Error in a future version of PHP) /var/www/jiuyu/fundtime.cn/Runtime/Cache/Admin/c1dfebf609fb69e91ee1f10455818bc9.php 第 64 行.
NOTIC: [2] Use of undefined constant id - assumed 'id' (this will throw an Error in a future version of PHP) /var/www/jiuyu/fundtime.cn/Runtime/Cache/Admin/c1dfebf609fb69e91ee1f10455818bc9.php 第 66 行.
NOTIC: [2] Use of undefined constant id - assumed 'id' (this will throw an Error in a future version of PHP) /var/www/jiuyu/fundtime.cn/Runtime/Cache/Admin/c1dfebf609fb69e91ee1f10455818bc9.php 第 68 行.
NOTIC: [2] Use of undefined constant id - assumed 'id' (this will throw an Error in a future version of PHP) /var/www/jiuyu/fundtime.cn/Runtime/Cache/Admin/c1dfebf609fb69e91ee1f10455818bc9.php 第 64 行.
NOTIC: [2] Use of undefined constant id - assumed 'id' (this will throw an Error in a future version of PHP) /var/www/jiuyu/fundtime.cn/Runtime/Cache/Admin/c1dfebf609fb69e91ee1f10455818bc9.php 第 66 行.
NOTIC: [2] Use of undefined constant id - assumed 'id' (this will throw an Error in a future version of PHP) /var/www/jiuyu/fundtime.cn/Runtime/Cache/Admin/c1dfebf609fb69e91ee1f10455818bc9.php 第 68 行.
NOTIC: [2] Use of undefined constant id - assumed 'id' (this will throw an Error in a future version of PHP) /var/www/jiuyu/fundtime.cn/Runtime/Cache/Admin/c1dfebf609fb69e91ee1f10455818bc9.php 第 64 行.
NOTIC: [2] Use of undefined constant id - assumed 'id' (this will throw an Error in a future version of PHP) /var/www/jiuyu/fundtime.cn/Runtime/Cache/Admin/c1dfebf609fb69e91ee1f10455818bc9.php 第 66 行.
NOTIC: [2] Use of undefined constant id - assumed 'id' (this will throw an Error in a future version of PHP) /var/www/jiuyu/fundtime.cn/Runtime/Cache/Admin/c1dfebf609fb69e91ee1f10455818bc9.php 第 68 行.
NOTIC: [2] Use of undefined constant id - assumed 'id' (this will throw an Error in a future version of PHP) /var/www/jiuyu/fundtime.cn/Runtime/Cache/Admin/c1dfebf609fb69e91ee1f10455818bc9.php 第 64 行.
NOTIC: [2] Use of undefined constant id - assumed 'id' (this will throw an Error in a future version of PHP) /var/www/jiuyu/fundtime.cn/Runtime/Cache/Admin/c1dfebf609fb69e91ee1f10455818bc9.php 第 66 行.
NOTIC: [2] Use of undefined constant id - assumed 'id' (this will throw an Error in a future version of PHP) /var/www/jiuyu/fundtime.cn/Runtime/Cache/Admin/c1dfebf609fb69e91ee1f10455818bc9.php 第 68 行.
NOTIC: [2] Use of undefined constant id - assumed 'id' (this will throw an Error in a future version of PHP) /var/www/jiuyu/fundtime.cn/Runtime/Cache/Admin/c1dfebf609fb69e91ee1f10455818bc9.php 第 64 行.
NOTIC: [2] Use of undefined constant id - assumed 'id' (this will throw an Error in a future version of PHP) /var/www/jiuyu/fundtime.cn/Runtime/Cache/Admin/c1dfebf609fb69e91ee1f10455818bc9.php 第 66 行.
NOTIC: [2] Use of undefined constant id - assumed 'id' (this will throw an Error in a future version of PHP) /var/www/jiuyu/fundtime.cn/Runtime/Cache/Admin/c1dfebf609fb69e91ee1f10455818bc9.php 第 68 行.
INFO: Run Behavior\ParseTemplateBehavior [ RunTime:0.044512s ]
INFO: [ view_parse ] --END-- [ RunTime:0.044531s ]
INFO: [ view_filter ] --START--
INFO: Run Behavior\WriteHtmlCacheBehavior [ RunTime:0.002052s ]
INFO: Run Behavior\TokenBuildBehavior [ RunTime:0.002365s ]
INFO: [ view_filter ] --END-- [ RunTime:0.004444s ]
INFO: [ app_end ] --START--
INFO: Run Behavior\ShowPageTraceBehavior [ RunTime:0.000751s ]
INFO: [ app_end ] --END-- [ RunTime:0.000766s ]

[ 2018-07-13T00:17:57+08:00 ] 172.18.0.1 /manage_Channel_addProduct.html
INFO: [ app_init ] --START--
INFO: Run Behavior\BuildLiteBehavior [ RunTime:0.000006s ]
INFO: [ app_init ] --END-- [ RunTime:0.000026s ]
INFO: [ app_begin ] --START--
INFO: Run Behavior\ReadHtmlCacheBehavior [ RunTime:0.000308s ]
INFO: Run Behavior\CheckLangBehavior [ RunTime:0.001453s ]
INFO: [ app_begin ] --END-- [ RunTime:0.001808s ]
INFO: [ action_begin ] --START--
INFO: Run Behavior\CheckAuthBehavior [ RunTime:0.001630s ]
INFO: [ action_begin ] --END-- [ RunTime:0.001657s ]
SQL: SHOW COLUMNS FROM `pay_admin` [ RunTime:0.0010s ]
SQL: SELECT `groupid` FROM `pay_admin` WHERE `id` = 1 LIMIT 1   [ RunTime:0.0002s ]
SQL: SHOW COLUMNS FROM `pay_websiteconfig` [ RunTime:0.0009s ]
SQL: SELECT * FROM `pay_websiteconfig` LIMIT 1   [ RunTime:0.0002s ]
SQL: SELECT `session_random` FROM `pay_admin` WHERE `id` = 1 LIMIT 1   [ RunTime:0.0001s ]
SQL: SHOW COLUMNS FROM `pay_member_agent_cate` [ RunTime:0.0007s ]
SQL: SELECT * FROM `pay_member_agent_cate`  [ RunTime:0.0002s ]
SQL: SHOW COLUMNS FROM `pay_auth_group_access` [ RunTime:0.0008s ]
SQL: SELECT b.rules FROM pay_auth_group_access a LEFT JOIN pay_auth_group b ON b.id=a.group_id  WHERE a.uid = '1'  [ RunTime:0.0002s ]
SQL: SHOW COLUMNS FROM `pay_auth_rule` [ RunTime:0.0010s ]
SQL: SELECT * FROM `pay_auth_rule` WHERE `id` IN ('1','49','2','3','51','4','57','5','55','56','58','59','6','43','44','52','53','48','70','54','7','8','60','61','62','9','63','64','65','66','10','67','68','69','11','12','79','80','81','82','83','84','85','86','87','88','89','90','91','93','94','95','96','97','98','99','100','101','120','13','14','15','92','16','73','76','77','78','17','18','19','71','75','72','74','22','23','24','25','26','46','27','28','108','29','102','30','103','107','104','105','122','31','32','33','34','121','35','36','37','38','39','40','41','42','45','47') AND `is_menu` = 1 AND `status` = 1  [ RunTime:0.0003s ]
SQL: SHOW COLUMNS FROM `pay_channel` [ RunTime:0.0007s ]
SQL: SELECT `id`,`code`,`title`,`paytype`,`status` FROM `pay_channel` WHERE `status` = 1  [ RunTime:0.0002s ]
INFO: [ view_parse ] --START--
INFO: [ template_filter ] --START--
INFO: Run Behavior\ContentReplaceBehavior [ RunTime:0.000025s ]
INFO: [ template_filter ] --END-- [ RunTime:0.000043s ]
NOTIC: [8] Undefined variable: pd /var/www/jiuyu/fundtime.cn/Runtime/Cache/Admin/a38a076c748809f937d69d4b2c82071b.php 第 25 行.
NOTIC: [8] Undefined variable: pd /var/www/jiuyu/fundtime.cn/Runtime/Cache/Admin/a38a076c748809f937d69d4b2c82071b.php 第 29 行.
NOTIC: [8] Undefined variable: pd /var/www/jiuyu/fundtime.cn/Runtime/Cache/Admin/a38a076c748809f937d69d4b2c82071b.php 第 36 行.
NOTIC: [2] Use of undefined constant paytype - assumed 'paytype' (this will throw an Error in a future version of PHP) /var/www/jiuyu/fundtime.cn/Runtime/Cache/Admin/a38a076c748809f937d69d4b2c82071b.php 第 45 行.
NOTIC: [8] Undefined variable: pd /var/www/jiuyu/fundtime.cn/Runtime/Cache/Admin/a38a076c748809f937d69d4b2c82071b.php 第 45 行.
NOTIC: [2] Use of undefined constant id - assumed 'id' (this will throw an Error in a future version of PHP) /var/www/jiuyu/fundtime.cn/Runtime/Cache/Admin/a38a076c748809f937d69d4b2c82071b.php 第 45 行.
NOTIC: [2] Use of undefined constant paytype - assumed 'paytype' (this will throw an Error in a future version of PHP) /var/www/jiuyu/fundtime.cn/Runtime/Cache/Admin/a38a076c748809f937d69d4b2c82071b.php 第 45 行.
NOTIC: [8] Undefined variable: pd /var/www/jiuyu/fundtime.cn/Runtime/Cache/Admin/a38a076c748809f937d69d4b2c82071b.php 第 45 行.
NOTIC: [2] Use of undefined constant id - assumed 'id' (this will throw an Error in a future version of PHP) /var/www/jiuyu/fundtime.cn/Runtime/Cache/Admin/a38a076c748809f937d69d4b2c82071b.php 第 45 行.
NOTIC: [2] Use of undefined constant paytype - assumed 'paytype' (this will throw an Error in a future version of PHP) /var/www/jiuyu/fundtime.cn/Runtime/Cache/Admin/a38a076c748809f937d69d4b2c82071b.php 第 45 行.
NOTIC: [8] Undefined variable: pd /var/www/jiuyu/fundtime.cn/Runtime/Cache/Admin/a38a076c748809f937d69d4b2c82071b.php 第 45 行.
NOTIC: [2] Use of undefined constant id - assumed 'id' (this will throw an Error in a future version of PHP) /var/www/jiuyu/fundtime.cn/Runtime/Cache/Admin/a38a076c748809f937d69d4b2c82071b.php 第 45 行.
NOTIC: [2] Use of undefined constant paytype - assumed 'paytype' (this will throw an Error in a future version of PHP) /var/www/jiuyu/fundtime.cn/Runtime/Cache/Admin/a38a076c748809f937d69d4b2c82071b.php 第 45 行.
NOTIC: [8] Undefined variable: pd /var/www/jiuyu/fundtime.cn/Runtime/Cache/Admin/a38a076c748809f937d69d4b2c82071b.php 第 45 行.
NOTIC: [2] Use of undefined constant id - assumed 'id' (this will throw an Error in a future version of PHP) /var/www/jiuyu/fundtime.cn/Runtime/Cache/Admin/a38a076c748809f937d69d4b2c82071b.php 第 45 行.
NOTIC: [2] Use of undefined constant paytype - assumed 'paytype' (this will throw an Error in a future version of PHP) /var/www/jiuyu/fundtime.cn/Runtime/Cache/Admin/a38a076c748809f937d69d4b2c82071b.php 第 45 行.
NOTIC: [8] Undefined variable: pd /var/www/jiuyu/fundtime.cn/Runtime/Cache/Admin/a38a076c748809f937d69d4b2c82071b.php 第 45 行.
NOTIC: [2] Use of undefined constant id - assumed 'id' (this will throw an Error in a future version of PHP) /var/www/jiuyu/fundtime.cn/Runtime/Cache/Admin/a38a076c748809f937d69d4b2c82071b.php 第 45 行.
NOTIC: [2] Use of undefined constant paytype - assumed 'paytype' (this will throw an Error in a future version of PHP) /var/www/jiuyu/fundtime.cn/Runtime/Cache/Admin/a38a076c748809f937d69d4b2c82071b.php 第 45 行.
NOTIC: [8] Undefined variable: pd /var/www/jiuyu/fundtime.cn/Runtime/Cache/Admin/a38a076c748809f937d69d4b2c82071b.php 第 45 行.
NOTIC: [2] Use of undefined constant id - assumed 'id' (this will throw an Error in a future version of PHP) /var/www/jiuyu/fundtime.cn/Runtime/Cache/Admin/a38a076c748809f937d69d4b2c82071b.php 第 45 行.
NOTIC: [2] Use of undefined constant paytype - assumed 'paytype' (this will throw an Error in a future version of PHP) /var/www/jiuyu/fundtime.cn/Runtime/Cache/Admin/a38a076c748809f937d69d4b2c82071b.php 第 45 行.
NOTIC: [8] Undefined variable: pd /var/www/jiuyu/fundtime.cn/Runtime/Cache/Admin/a38a076c748809f937d69d4b2c82071b.php 第 45 行.
NOTIC: [2] Use of undefined constant id - assumed 'id' (this will throw an Error in a future version of PHP) /var/www/jiuyu/fundtime.cn/Runtime/Cache/Admin/a38a076c748809f937d69d4b2c82071b.php 第 45 行.
NOTIC: [2] Use of undefined constant paytype - assumed 'paytype' (this will throw an Error in a future version of PHP) /var/www/jiuyu/fundtime.cn/Runtime/Cache/Admin/a38a076c748809f937d69d4b2c82071b.php 第 45 行.
NOTIC: [8] Undefined variable: pd /var/www/jiuyu/fundtime.cn/Runtime/Cache/Admin/a38a076c748809f937d69d4b2c82071b.php 第 45 行.
NOTIC: [2] Use of undefined constant id - assumed 'id' (this will throw an Error in a future version of PHP) /var/www/jiuyu/fundtime.cn/Runtime/Cache/Admin/a38a076c748809f937d69d4b2c82071b.php 第 45 行.
NOTIC: [2] Use of undefined constant paytype - assumed 'paytype' (this will throw an Error in a future version of PHP) /var/www/jiuyu/fundtime.cn/Runtime/Cache/Admin/a38a076c748809f937d69d4b2c82071b.php 第 45 行.
NOTIC: [8] Undefined variable: pd /var/www/jiuyu/fundtime.cn/Runtime/Cache/Admin/a38a076c748809f937d69d4b2c82071b.php 第 45 行.
NOTIC: [2] Use of undefined constant id - assumed 'id' (this will throw an Error in a future version of PHP) /var/www/jiuyu/fundtime.cn/Runtime/Cache/Admin/a38a076c748809f937d69d4b2c82071b.php 第 45 行.
NOTIC: [2] Use of undefined constant paytype - assumed 'paytype' (this will throw an Error in a future version of PHP) /var/www/jiuyu/fundtime.cn/Runtime/Cache/Admin/a38a076c748809f937d69d4b2c82071b.php 第 45 行.
NOTIC: [8] Undefined variable: pd /var/www/jiuyu/fundtime.cn/Runtime/Cache/Admin/a38a076c748809f937d69d4b2c82071b.php 第 45 行.
NOTIC: [2] Use of undefined constant id - assumed 'id' (this will throw an Error in a future version of PHP) /var/www/jiuyu/fundtime.cn/Runtime/Cache/Admin/a38a076c748809f937d69d4b2c82071b.php 第 45 行.
NOTIC: [2] Use of undefined constant paytype - assumed 'paytype' (this will throw an Error in a future version of PHP) /var/www/jiuyu/fundtime.cn/Runtime/Cache/Admin/a38a076c748809f937d69d4b2c82071b.php 第 45 行.
NOTIC: [8] Undefined variable: pd /var/www/jiuyu/fundtime.cn/Runtime/Cache/Admin/a38a076c748809f937d69d4b2c82071b.php 第 45 行.
NOTIC: [2] Use of undefined constant id - assumed 'id' (this will throw an Error in a future version of PHP) /var/www/jiuyu/fundtime.cn/Runtime/Cache/Admin/a38a076c748809f937d69d4b2c82071b.php 第 45 行.
NOTIC: [2] Use of undefined constant paytype - assumed 'paytype' (this will throw an Error in a future version of PHP) /var/www/jiuyu/fundtime.cn/Runtime/Cache/Admin/a38a076c748809f937d69d4b2c82071b.php 第 45 行.
NOTIC: [8] Undefined variable: pd /var/www/jiuyu/fundtime.cn/Runtime/Cache/Admin/a38a076c748809f937d69d4b2c82071b.php 第 45 行.
NOTIC: [2] Use of undefined constant id - assumed 'id' (this will throw an Error in a future version of PHP) /var/www/jiuyu/fundtime.cn/Runtime/Cache/Admin/a38a076c748809f937d69d4b2c82071b.php 第 45 行.
NOTIC: [2] Use of undefined constant paytype - assumed 'paytype' (this will throw an Error in a future version of PHP) /var/www/jiuyu/fundtime.cn/Runtime/Cache/Admin/a38a076c748809f937d69d4b2c82071b.php 第 45 行.
NOTIC: [8] Undefined variable: pd /var/www/jiuyu/fundtime.cn/Runtime/Cache/Admin/a38a076c748809f937d69d4b2c82071b.php 第 45 行.
NOTIC: [2] Use of undefined constant id - assumed 'id' (this will throw an Error in a future version of PHP) /var/www/jiuyu/fundtime.cn/Runtime/Cache/Admin/a38a076c748809f937d69d4b2c82071b.php 第 45 行.
NOTIC: [2] Use of undefined constant paytype - assumed 'paytype' (this will throw an Error in a future version of PHP) /var/www/jiuyu/fundtime.cn/Runtime/Cache/Admin/a38a076c748809f937d69d4b2c82071b.php 第 45 行.
NOTIC: [8] Undefined variable: pd /var/www/jiuyu/fundtime.cn/Runtime/Cache/Admin/a38a076c748809f937d69d4b2c82071b.php 第 45 行.
NOTIC: [2] Use of undefined constant id - assumed 'id' (this will throw an Error in a future version of PHP) /var/www/jiuyu/fundtime.cn/Runtime/Cache/Admin/a38a076c748809f937d69d4b2c82071b.php 第 45 行.
NOTIC: [2] Use of undefined constant polling - assumed 'polling' (this will throw an Error in a future version of PHP) /var/www/jiuyu/fundtime.cn/Runtime/Cache/Admin/a38a076c748809f937d69d4b2c82071b.php 第 53 行.
NOTIC: [8] Undefined variable: pd /var/www/jiuyu/fundtime.cn/Runtime/Cache/Admin/a38a076c748809f937d69d4b2c82071b.php 第 53 行.
NOTIC: [2] Use of undefined constant polling - assumed 'polling' (this will throw an Error in a future version of PHP) /var/www/jiuyu/fundtime.cn/Runtime/Cache/Admin/a38a076c748809f937d69d4b2c82071b.php 第 54 行.
NOTIC: [8] Undefined variable: pd /var/www/jiuyu/fundtime.cn/Runtime/Cache/Admin/a38a076c748809f937d69d4b2c82071b.php 第 54 行.
NOTIC: [2] Use of undefined constant polling - assumed 'polling' (this will throw an Error in a future version of PHP) /var/www/jiuyu/fundtime.cn/Runtime/Cache/Admin/a38a076c748809f937d69d4b2c82071b.php 第 55 行.
NOTIC: [8] Undefined variable: pd /var/www/jiuyu/fundtime.cn/Runtime/Cache/Admin/a38a076c748809f937d69d4b2c82071b.php 第 55 行.
NOTIC: [2] Use of undefined constant paytype - assumed 'paytype' (this will throw an Error in a future version of PHP) /var/www/jiuyu/fundtime.cn/Runtime/Cache/Admin/a38a076c748809f937d69d4b2c82071b.php 第 58 行.
NOTIC: [2] Use of undefined constant paytype - assumed 'paytype' (this will throw an Error in a future version of PHP) /var/www/jiuyu/fundtime.cn/Runtime/Cache/Admin/a38a076c748809f937d69d4b2c82071b.php 第 58 行.
NOTIC: [8] Undefined variable: pd /var/www/jiuyu/fundtime.cn/Runtime/Cache/Admin/a38a076c748809f937d69d4b2c82071b.php 第 58 行.
NOTIC: [2] Use of undefined constant paytype - assumed 'paytype' (this will throw an Error in a future version of PHP) /var/www/jiuyu/fundtime.cn/Runtime/Cache/Admin/a38a076c748809f937d69d4b2c82071b.php 第 58 行.
NOTIC: [2] Use of undefined constant paytype - assumed 'paytype' (this will throw an Error in a future version of PHP) /var/www/jiuyu/fundtime.cn/Runtime/Cache/Admin/a38a076c748809f937d69d4b2c82071b.php 第 58 行.
NOTIC: [8] Undefined variable: pd /var/www/jiuyu/fundtime.cn/Runtime/Cache/Admin/a38a076c748809f937d69d4b2c82071b.php 第 58 行.
NOTIC: [2] Use of undefined constant paytype - assumed 'paytype' (this will throw an Error in a future version of PHP) /var/www/jiuyu/fundtime.cn/Runtime/Cache/Admin/a38a076c748809f937d69d4b2c82071b.php 第 58 行.
NOTIC: [2] Use of undefined constant paytype - assumed 'paytype' (this will throw an Error in a future version of PHP) /var/www/jiuyu/fundtime.cn/Runtime/Cache/Admin/a38a076c748809f937d69d4b2c82071b.php 第 58 行.
NOTIC: [8] Undefined variable: pd /var/www/jiuyu/fundtime.cn/Runtime/Cache/Admin/a38a076c748809f937d69d4b2c82071b.php 第 58 行.
NOTIC: [2] Use of undefined constant paytype - assumed 'paytype' (this will throw an Error in a future version of PHP) /var/www/jiuyu/fundtime.cn/Runtime/Cache/Admin/a38a076c748809f937d69d4b2c82071b.php 第 58 行.
NOTIC: [2] Use of undefined constant paytype - assumed 'paytype' (this will throw an Error in a future version of PHP) /var/www/jiuyu/fundtime.cn/Runtime/Cache/Admin/a38a076c748809f937d69d4b2c82071b.php 第 58 行.
NOTIC: [8] Undefined variable: pd /var/www/jiuyu/fundtime.cn/Runtime/Cache/Admin/a38a076c748809f937d69d4b2c82071b.php 第 58 行.
NOTIC: [2] Use of undefined constant paytype - assumed 'paytype' (this will throw an Error in a future version of PHP) /var/www/jiuyu/fundtime.cn/Runtime/Cache/Admin/a38a076c748809f937d69d4b2c82071b.php 第 58 行.
NOTIC: [2] Use of undefined constant paytype - assumed 'paytype' (this will throw an Error in a future version of PHP) /var/www/jiuyu/fundtime.cn/Runtime/Cache/Admin/a38a076c748809f937d69d4b2c82071b.php 第 58 行.
NOTIC: [8] Undefined variable: pd /var/www/jiuyu/fundtime.cn/Runtime/Cache/Admin/a38a076c748809f937d69d4b2c82071b.php 第 58 行.
NOTIC: [2] Use of undefined constant paytype - assumed 'paytype' (this will throw an Error in a future version of PHP) /var/www/jiuyu/fundtime.cn/Runtime/Cache/Admin/a38a076c748809f937d69d4b2c82071b.php 第 58 行.
NOTIC: [2] Use of undefined constant paytype - assumed 'paytype' (this will throw an Error in a future version of PHP) /var/www/jiuyu/fundtime.cn/Runtime/Cache/Admin/a38a076c748809f937d69d4b2c82071b.php 第 58 行.
NOTIC: [8] Undefined variable: pd /var/www/jiuyu/fundtime.cn/Runtime/Cache/Admin/a38a076c748809f937d69d4b2c82071b.php 第 58 行.
NOTIC: [2] Use of undefined constant paytype - assumed 'paytype' (this will throw an Error in a future version of PHP) /var/www/jiuyu/fundtime.cn/Runtime/Cache/Admin/a38a076c748809f937d69d4b2c82071b.php 第 58 行.
NOTIC: [2] Use of undefined constant paytype - assumed 'paytype' (this will throw an Error in a future version of PHP) /var/www/jiuyu/fundtime.cn/Runtime/Cache/Admin/a38a076c748809f937d69d4b2c82071b.php 第 58 行.
NOTIC: [8] Undefined variable: pd /var/www/jiuyu/fundtime.cn/Runtime/Cache/Admin/a38a076c748809f937d69d4b2c82071b.php 第 58 行.
NOTIC: [2] Use of undefined constant paytype - assumed 'paytype' (this will throw an Error in a future version of PHP) /var/www/jiuyu/fundtime.cn/Runtime/Cache/Admin/a38a076c748809f937d69d4b2c82071b.php 第 58 行.
NOTIC: [2] Use of undefined constant paytype - assumed 'paytype' (this will throw an Error in a future version of PHP) /var/www/jiuyu/fundtime.cn/Runtime/Cache/Admin/a38a076c748809f937d69d4b2c82071b.php 第 58 行.
NOTIC: [8] Undefined variable: pd /var/www/jiuyu/fundtime.cn/Runtime/Cache/Admin/a38a076c748809f937d69d4b2c82071b.php 第 58 行.
NOTIC: [2] Use of undefined constant polling - assumed 'polling' (this will throw an Error in a future version of PHP) /var/www/jiuyu/fundtime.cn/Runtime/Cache/Admin/a38a076c748809f937d69d4b2c82071b.php 第 61 行.
NOTIC: [8] Undefined variable: pd /var/www/jiuyu/fundtime.cn/Runtime/Cache/Admin/a38a076c748809f937d69d4b2c82071b.php 第 61 行.
NOTIC: [8] Undefined variable: pd /var/www/jiuyu/fundtime.cn/Runtime/Cache/Admin/a38a076c748809f937d69d4b2c82071b.php 第 71 行.
NOTIC: [8] Undefined variable: pd /var/www/jiuyu/fundtime.cn/Runtime/Cache/Admin/a38a076c748809f937d69d4b2c82071b.php 第 71 行.
NOTIC: [8] Undefined variable: pd /var/www/jiuyu/fundtime.cn/Runtime/Cache/Admin/a38a076c748809f937d69d4b2c82071b.php 第 71 行.
NOTIC: [8] Undefined variable: pd /var/www/jiuyu/fundtime.cn/Runtime/Cache/Admin/a38a076c748809f937d69d4b2c82071b.php 第 71 行.
NOTIC: [8] Undefined variable: pd /var/www/jiuyu/fundtime.cn/Runtime/Cache/Admin/a38a076c748809f937d69d4b2c82071b.php 第 71 行.
NOTIC: [8] Undefined variable: pd /var/www/jiuyu/fundtime.cn/Runtime/Cache/Admin/a38a076c748809f937d69d4b2c82071b.php 第 71 行.
NOTIC: [8] Undefined variable: pd /var/www/jiuyu/fundtime.cn/Runtime/Cache/Admin/a38a076c748809f937d69d4b2c82071b.php 第 71 行.
NOTIC: [8] Undefined variable: pd /var/www/jiuyu/fundtime.cn/Runtime/Cache/Admin/a38a076c748809f937d69d4b2c82071b.php 第 71 行.
NOTIC: [2] Use of undefined constant status - assumed 'status' (this will throw an Error in a future version of PHP) /var/www/jiuyu/fundtime.cn/Runtime/Cache/Admin/a38a076c748809f937d69d4b2c82071b.php 第 87 行.
NOTIC: [8] Undefined variable: pd /var/www/jiuyu/fundtime.cn/Runtime/Cache/Admin/a38a076c748809f937d69d4b2c82071b.php 第 87 行.
NOTIC: [2] Use of undefined constant status - assumed 'status' (this will throw an Error in a future version of PHP) /var/www/jiuyu/fundtime.cn/Runtime/Cache/Admin/a38a076c748809f937d69d4b2c82071b.php 第 88 行.
NOTIC: [8] Undefined variable: pd /var/www/jiuyu/fundtime.cn/Runtime/Cache/Admin/a38a076c748809f937d69d4b2c82071b.php 第 88 行.
NOTIC: [2] Use of undefined constant isdisplay - assumed 'isdisplay' (this will throw an Error in a future version of PHP) /var/www/jiuyu/fundtime.cn/Runtime/Cache/Admin/a38a076c748809f937d69d4b2c82071b.php 第 95 行.
NOTIC: [8] Undefined variable: pd /var/www/jiuyu/fundtime.cn/Runtime/Cache/Admin/a38a076c748809f937d69d4b2c82071b.php 第 95 行.
NOTIC: [2] Use of undefined constant isdisplay - assumed 'isdisplay' (this will throw an Error in a future version of PHP) /var/www/jiuyu/fundtime.cn/Runtime/Cache/Admin/a38a076c748809f937d69d4b2c82071b.php 第 96 行.
NOTIC: [8] Undefined variable: pd /var/www/jiuyu/fundtime.cn/Runtime/Cache/Admin/a38a076c748809f937d69d4b2c82071b.php 第 96 行.
INFO: Run Behavior\ParseTemplateBehavior [ RunTime:0.036851s ]
INFO: [ view_parse ] --END-- [ RunTime:0.036872s ]
INFO: [ view_filter ] --START--
INFO: Run Behavior\WriteHtmlCacheBehavior [ RunTime:0.000338s ]
INFO: Run Behavior\TokenBuildBehavior [ RunTime:0.000314s ]
INFO: [ view_filter ] --END-- [ RunTime:0.000666s ]
INFO: [ app_end ] --START--
INFO: Run Behavior\ShowPageTraceBehavior [ RunTime:0.000272s ]
INFO: [ app_end ] --END-- [ RunTime:0.000281s ]

