[ 2018-07-14T15:35:14+08:00 ] 172.18.0.1 /Pay_Index.html
INFO: [ app_init ] --START--
INFO: Run Behavior\BuildLiteBehavior [ RunTime:0.000006s ]
INFO: [ app_init ] --END-- [ RunTime:0.000042s ]
INFO: [ app_begin ] --START--
INFO: Run Behavior\ReadHtmlCacheBehavior [ RunTime:0.012681s ]
INFO: Run Behavior\CheckLangBehavior [ RunTime:0.017224s ]
INFO: [ app_begin ] --END-- [ RunTime:0.029948s ]
INFO: [ action_begin ] --START--
INFO: Run Behavior\CheckAuthBehavior [ RunTime:0.829636s ]
INFO: [ action_begin ] --END-- [ RunTime:0.829664s ]
SQL: SHOW COLUMNS FROM `pay_websiteconfig` [ RunTime:0.0089s ]
SQL: SELECT `is_repeat_order` FROM `pay_websiteconfig` LIMIT 1   [ RunTime:0.0112s ]
SQL: SHOW COLUMNS FROM `pay_order` [ RunTime:0.0015s ]
SQL: SELECT COUNT(*) AS tp_count FROM `pay_order` WHERE `pay_memberid` = 10002 AND `out_trade_id` = 'E20180714073509308811' LIMIT 1   [ RunTime:0.0097s ]
SQL: SHOW COLUMNS FROM `pay_user_riskcontrol_config` [ RunTime:0.0016s ]
SQL: SHOW COLUMNS FROM `pay_member` [ RunTime:0.0018s ]
SQL: SELECT `id`,`unit_paying_number`,`unit_frist_paying_time`,`unit_paying_amount`,`paying_money`,`last_paying_time` FROM `pay_member` WHERE `id` = 2 LIMIT 1   [ RunTime:0.0027s ]
SQL: SELECT * FROM `pay_user_riskcontrol_config` WHERE `user_id` = 2 AND `status` = 1 LIMIT 1   [ RunTime:0.0028s ]
SQL: SELECT * FROM `pay_user_riskcontrol_config` WHERE `is_system` = 1 AND `status` = 1 LIMIT 1   [ RunTime:0.0003s ]
SQL: SHOW COLUMNS FROM `pay_product` [ RunTime:0.0009s ]
SQL: SELECT COUNT(*) AS tp_count FROM `pay_product` WHERE `id` = 907 AND `status` = 1 LIMIT 1   [ RunTime:0.0159s ]
SQL: SHOW COLUMNS FROM `pay_product_user` [ RunTime:0.0009s ]
SQL: SELECT * FROM `pay_product_user` WHERE `pid` = 907 AND `userid` = 2 AND `status` = 1 LIMIT 1   [ RunTime:0.0068s ]
SQL: SHOW COLUMNS FROM `pay_channel` [ RunTime:0.0010s ]
SQL: SELECT * FROM `pay_channel` WHERE `id` = 212 LIMIT 1   [ RunTime:0.0075s ]
SQL: SHOW COLUMNS FROM `pay_banks` [ RunTime:0.0014s ]
SQL: SELECT * FROM `pay_banks` WHERE `status` = 1 AND `code` = 'ABC' LIMIT 1   [ RunTime:0.0025s ]
SQL: SELECT * FROM `pay_channel` WHERE `id` = 212 AND `status` = 1 LIMIT 1   [ RunTime:0.0002s ]
SQL: SELECT * FROM `pay_channel` WHERE `id` = 214 AND `status` = 1 LIMIT 1   [ RunTime:0.0001s ]
SQL: SELECT * FROM `pay_channel` WHERE `id` = 212 AND `status` = 1 LIMIT 1   [ RunTime:0.0001s ]
INFO: [ action_begin ] --START--
INFO: Run Behavior\CheckAuthBehavior [ RunTime:0.000398s ]
INFO: [ action_begin ] --END-- [ RunTime:-0.211785s ]

[ 2018-07-14T15:56:44+08:00 ] 172.18.0.1 /Pay_Index.html
INFO: [ app_init ] --START--
INFO: Run Behavior\BuildLiteBehavior [ RunTime:0.000004s ]
INFO: [ app_init ] --END-- [ RunTime:0.000019s ]
INFO: [ app_begin ] --START--
INFO: Run Behavior\ReadHtmlCacheBehavior [ RunTime:0.000377s ]
INFO: Run Behavior\CheckLangBehavior [ RunTime:0.001017s ]
INFO: [ app_begin ] --END-- [ RunTime:0.001434s ]
INFO: [ action_begin ] --START--
INFO: Run Behavior\CheckAuthBehavior [ RunTime:0.002714s ]
INFO: [ action_begin ] --END-- [ RunTime:0.002742s ]
SQL: SHOW COLUMNS FROM `pay_websiteconfig` [ RunTime:0.0016s ]
SQL: SELECT `is_repeat_order` FROM `pay_websiteconfig` LIMIT 1   [ RunTime:0.0010s ]
SQL: SHOW COLUMNS FROM `pay_order` [ RunTime:0.0014s ]
SQL: SELECT COUNT(*) AS tp_count FROM `pay_order` WHERE `pay_memberid` = 10002 AND `out_trade_id` = 'E20180714073509308811' LIMIT 1   [ RunTime:0.0007s ]
SQL: SHOW COLUMNS FROM `pay_user_riskcontrol_config` [ RunTime:0.0012s ]
SQL: SHOW COLUMNS FROM `pay_member` [ RunTime:0.0014s ]
SQL: SELECT `id`,`unit_paying_number`,`unit_frist_paying_time`,`unit_paying_amount`,`paying_money`,`last_paying_time` FROM `pay_member` WHERE `id` = 2 LIMIT 1   [ RunTime:0.0003s ]
SQL: SELECT * FROM `pay_user_riskcontrol_config` WHERE `user_id` = 2 AND `status` = 1 LIMIT 1   [ RunTime:0.0002s ]
SQL: SELECT * FROM `pay_user_riskcontrol_config` WHERE `is_system` = 1 AND `status` = 1 LIMIT 1   [ RunTime:0.0002s ]
SQL: SHOW COLUMNS FROM `pay_product` [ RunTime:0.0009s ]
SQL: SELECT COUNT(*) AS tp_count FROM `pay_product` WHERE `id` = 907 AND `status` = 1 LIMIT 1   [ RunTime:0.0006s ]
SQL: SHOW COLUMNS FROM `pay_product_user` [ RunTime:0.0008s ]
SQL: SELECT * FROM `pay_product_user` WHERE `pid` = 907 AND `userid` = 2 AND `status` = 1 LIMIT 1   [ RunTime:0.0006s ]
SQL: SHOW COLUMNS FROM `pay_channel` [ RunTime:0.0007s ]
SQL: SELECT * FROM `pay_channel` WHERE `id` = 212 LIMIT 1   [ RunTime:0.0006s ]
SQL: SHOW COLUMNS FROM `pay_banks` [ RunTime:0.0007s ]
SQL: SELECT * FROM `pay_banks` WHERE `status` = 1 AND `code` = 'ABC' LIMIT 1   [ RunTime:0.0002s ]
SQL: SELECT * FROM `pay_channel` WHERE `id` = 212 AND `status` = 1 LIMIT 1   [ RunTime:0.0001s ]
SQL: SELECT * FROM `pay_channel` WHERE `id` = 214 AND `status` = 1 LIMIT 1   [ RunTime:0.0001s ]
SQL: SELECT * FROM `pay_channel` WHERE `id` = 212 AND `status` = 1 LIMIT 1   [ RunTime:0.0001s ]
INFO: [ action_begin ] --START--
INFO: Run Behavior\CheckAuthBehavior [ RunTime:0.000550s ]
INFO: [ action_begin ] --END-- [ RunTime:-0.022230s ]
SQL: SHOW COLUMNS FROM `pay_member` [ RunTime:0.0014s ]
NOTIC: [8] Undefined index: userid /var/www/jiuyu/fundtime.cn/Application/Pay/Controller/PayController.class.php 第 36 行.
SQL: SELECT * FROM `pay_member` WHERE `id` = null LIMIT 1   [ RunTime:0.0003s ]
SQL: SHOW COLUMNS FROM `pay_userrate` [ RunTime:0.0012s ]
NOTIC: [8] Undefined index: userid /var/www/jiuyu/fundtime.cn/Application/Pay/Controller/PayController.class.php 第 46 行.
NOTIC: [8] Undefined index: pid /var/www/jiuyu/fundtime.cn/Application/Pay/Controller/PayController.class.php 第 46 行.
SQL: SELECT * FROM `pay_userrate` WHERE `userid` = null AND `payapiid` = null LIMIT 1   [ RunTime:0.0079s ]
SQL: SELECT * FROM `pay_channel` WHERE `id` = 212 LIMIT 1   [ RunTime:0.0002s ]
SQL: SHOW COLUMNS FROM `pay_channel_account` [ RunTime:0.0011s ]
SQL: SELECT * FROM `pay_channel_account` WHERE `channel_id` = 212 AND `status` = 1  [ RunTime:0.0077s ]
SQL: SHOW COLUMNS FROM `pay_channel_account` [ RunTime:0.0011s ]
NOTIC: [8] Undefined index: pid /var/www/jiuyu/fundtime.cn/Application/Pay/Controller/PayController.class.php 第 101 行.
SQL: SELECT * FROM `pay_product` WHERE `id` = null LIMIT 1   [ RunTime:0.0002s ]

[ 2018-07-14T15:56:59+08:00 ] 172.18.0.1 /Pay_Index.html
INFO: [ app_init ] --START--
INFO: Run Behavior\BuildLiteBehavior [ RunTime:0.000005s ]
INFO: [ app_init ] --END-- [ RunTime:0.000033s ]
INFO: [ app_begin ] --START--
INFO: Run Behavior\ReadHtmlCacheBehavior [ RunTime:0.000256s ]
INFO: Run Behavior\CheckLangBehavior [ RunTime:0.000814s ]
INFO: [ app_begin ] --END-- [ RunTime:0.001098s ]
INFO: [ action_begin ] --START--
INFO: Run Behavior\CheckAuthBehavior [ RunTime:0.002579s ]
INFO: [ action_begin ] --END-- [ RunTime:0.002600s ]
SQL: SHOW COLUMNS FROM `pay_websiteconfig` [ RunTime:0.0011s ]
SQL: SELECT `is_repeat_order` FROM `pay_websiteconfig` LIMIT 1   [ RunTime:0.0009s ]
SQL: SHOW COLUMNS FROM `pay_order` [ RunTime:0.0010s ]
SQL: SELECT COUNT(*) AS tp_count FROM `pay_order` WHERE `pay_memberid` = 10002 AND `out_trade_id` = 'E20180714075654417157' LIMIT 1   [ RunTime:0.0020s ]
SQL: SHOW COLUMNS FROM `pay_user_riskcontrol_config` [ RunTime:0.0011s ]
SQL: SHOW COLUMNS FROM `pay_member` [ RunTime:0.0010s ]
SQL: SELECT `id`,`unit_paying_number`,`unit_frist_paying_time`,`unit_paying_amount`,`paying_money`,`last_paying_time` FROM `pay_member` WHERE `id` = 2 LIMIT 1   [ RunTime:0.0002s ]
SQL: SELECT * FROM `pay_user_riskcontrol_config` WHERE `user_id` = 2 AND `status` = 1 LIMIT 1   [ RunTime:0.0002s ]
SQL: SELECT * FROM `pay_user_riskcontrol_config` WHERE `is_system` = 1 AND `status` = 1 LIMIT 1   [ RunTime:0.0001s ]
SQL: SHOW COLUMNS FROM `pay_product` [ RunTime:0.0008s ]
SQL: SELECT COUNT(*) AS tp_count FROM `pay_product` WHERE `id` = 907 AND `status` = 1 LIMIT 1   [ RunTime:0.0006s ]
SQL: SHOW COLUMNS FROM `pay_product_user` [ RunTime:0.0009s ]
SQL: SELECT * FROM `pay_product_user` WHERE `pid` = 907 AND `userid` = 2 AND `status` = 1 LIMIT 1   [ RunTime:0.0006s ]
SQL: SHOW COLUMNS FROM `pay_channel` [ RunTime:0.0009s ]
SQL: SELECT * FROM `pay_channel` WHERE `id` = 212 LIMIT 1   [ RunTime:0.0007s ]
SQL: SHOW COLUMNS FROM `pay_banks` [ RunTime:0.0008s ]
SQL: SELECT * FROM `pay_banks` WHERE `status` = 1 AND `code` = 'ABC' LIMIT 1   [ RunTime:0.0003s ]
SQL: SELECT * FROM `pay_channel` WHERE `id` = 212 AND `status` = 1 LIMIT 1   [ RunTime:0.0002s ]
SQL: SELECT * FROM `pay_channel` WHERE `id` = 214 AND `status` = 1 LIMIT 1   [ RunTime:0.0002s ]
SQL: SELECT * FROM `pay_channel` WHERE `id` = 212 AND `status` = 1 LIMIT 1   [ RunTime:0.0002s ]
INFO: [ action_begin ] --START--
INFO: Run Behavior\CheckAuthBehavior [ RunTime:0.000589s ]
INFO: [ action_begin ] --END-- [ RunTime:-0.021505s ]
SQL: SHOW COLUMNS FROM `pay_member` [ RunTime:0.0013s ]
NOTIC: [8] Undefined index: userid /var/www/jiuyu/fundtime.cn/Application/Pay/Controller/PayController.class.php 第 36 行.
SQL: SELECT * FROM `pay_member` WHERE `id` = null LIMIT 1   [ RunTime:0.0002s ]
SQL: SHOW COLUMNS FROM `pay_userrate` [ RunTime:0.0009s ]
NOTIC: [8] Undefined index: userid /var/www/jiuyu/fundtime.cn/Application/Pay/Controller/PayController.class.php 第 46 行.
NOTIC: [8] Undefined index: pid /var/www/jiuyu/fundtime.cn/Application/Pay/Controller/PayController.class.php 第 46 行.
SQL: SELECT * FROM `pay_userrate` WHERE `userid` = null AND `payapiid` = null LIMIT 1   [ RunTime:0.0008s ]
SQL: SELECT * FROM `pay_channel` WHERE `id` = 212 LIMIT 1   [ RunTime:0.0002s ]
SQL: SHOW COLUMNS FROM `pay_channel_account` [ RunTime:0.0009s ]
SQL: SELECT * FROM `pay_channel_account` WHERE `channel_id` = 212 AND `status` = 1  [ RunTime:0.0007s ]
SQL: SHOW COLUMNS FROM `pay_channel_account` [ RunTime:0.0009s ]
NOTIC: [8] Undefined index: pid /var/www/jiuyu/fundtime.cn/Application/Pay/Controller/PayController.class.php 第 101 行.
SQL: SELECT * FROM `pay_product` WHERE `id` = null LIMIT 1   [ RunTime:0.0002s ]

[ 2018-07-14T15:57:28+08:00 ] 172.18.0.1 /Pay_Index.html
INFO: [ app_init ] --START--
INFO: Run Behavior\BuildLiteBehavior [ RunTime:0.000006s ]
INFO: [ app_init ] --END-- [ RunTime:0.000026s ]
INFO: [ app_begin ] --START--
INFO: Run Behavior\ReadHtmlCacheBehavior [ RunTime:0.000275s ]
INFO: Run Behavior\CheckLangBehavior [ RunTime:0.001020s ]
INFO: [ app_begin ] --END-- [ RunTime:0.001319s ]
INFO: [ action_begin ] --START--
INFO: Run Behavior\CheckAuthBehavior [ RunTime:0.002782s ]
INFO: [ action_begin ] --END-- [ RunTime:0.002804s ]
SQL: SHOW COLUMNS FROM `pay_websiteconfig` [ RunTime:0.0013s ]
SQL: SELECT `is_repeat_order` FROM `pay_websiteconfig` LIMIT 1   [ RunTime:0.0007s ]
SQL: SHOW COLUMNS FROM `pay_order` [ RunTime:0.0010s ]
SQL: SELECT COUNT(*) AS tp_count FROM `pay_order` WHERE `pay_memberid` = 10002 AND `out_trade_id` = 'E20180714075654417157' LIMIT 1   [ RunTime:0.0006s ]
SQL: SHOW COLUMNS FROM `pay_user_riskcontrol_config` [ RunTime:0.0011s ]
SQL: SHOW COLUMNS FROM `pay_member` [ RunTime:0.0011s ]
SQL: SELECT `id`,`unit_paying_number`,`unit_frist_paying_time`,`unit_paying_amount`,`paying_money`,`last_paying_time` FROM `pay_member` WHERE `id` = 2 LIMIT 1   [ RunTime:0.0002s ]
SQL: SELECT * FROM `pay_user_riskcontrol_config` WHERE `user_id` = 2 AND `status` = 1 LIMIT 1   [ RunTime:0.0002s ]
SQL: SELECT * FROM `pay_user_riskcontrol_config` WHERE `is_system` = 1 AND `status` = 1 LIMIT 1   [ RunTime:0.0002s ]
SQL: SHOW COLUMNS FROM `pay_product` [ RunTime:0.0007s ]
SQL: SELECT COUNT(*) AS tp_count FROM `pay_product` WHERE `id` = 907 AND `status` = 1 LIMIT 1   [ RunTime:0.0006s ]
SQL: SHOW COLUMNS FROM `pay_product_user` [ RunTime:0.0006s ]
SQL: SELECT * FROM `pay_product_user` WHERE `pid` = 907 AND `userid` = 2 AND `status` = 1 LIMIT 1   [ RunTime:0.0005s ]
SQL: SHOW COLUMNS FROM `pay_channel` [ RunTime:0.0009s ]
SQL: SELECT * FROM `pay_channel` WHERE `id` = 212 LIMIT 1   [ RunTime:0.0007s ]
SQL: SHOW COLUMNS FROM `pay_banks` [ RunTime:0.0008s ]
SQL: SELECT * FROM `pay_banks` WHERE `status` = 1 AND `code` = 'ABC' LIMIT 1   [ RunTime:0.0002s ]
SQL: SELECT * FROM `pay_channel` WHERE `id` = 212 AND `status` = 1 LIMIT 1   [ RunTime:0.0002s ]
SQL: SELECT * FROM `pay_channel` WHERE `id` = 214 AND `status` = 1 LIMIT 1   [ RunTime:0.0001s ]
SQL: SELECT * FROM `pay_channel` WHERE `id` = 212 AND `status` = 1 LIMIT 1   [ RunTime:0.0001s ]
INFO: [ action_begin ] --START--
INFO: Run Behavior\CheckAuthBehavior [ RunTime:0.000463s ]
INFO: [ action_begin ] --END-- [ RunTime:-0.019662s ]

[ 2018-07-14T15:57:35+08:00 ] 172.18.0.1 /Pay_Index.html
INFO: [ app_init ] --START--
INFO: Run Behavior\BuildLiteBehavior [ RunTime:0.000006s ]
INFO: [ app_init ] --END-- [ RunTime:0.000024s ]
INFO: [ app_begin ] --START--
INFO: Run Behavior\ReadHtmlCacheBehavior [ RunTime:0.000302s ]
INFO: Run Behavior\CheckLangBehavior [ RunTime:0.000900s ]
INFO: [ app_begin ] --END-- [ RunTime:0.001227s ]
INFO: [ action_begin ] --START--
INFO: Run Behavior\CheckAuthBehavior [ RunTime:0.002419s ]
INFO: [ action_begin ] --END-- [ RunTime:0.002431s ]
SQL: SHOW COLUMNS FROM `pay_websiteconfig` [ RunTime:0.0011s ]
SQL: SELECT `is_repeat_order` FROM `pay_websiteconfig` LIMIT 1   [ RunTime:0.0008s ]
SQL: SHOW COLUMNS FROM `pay_order` [ RunTime:0.0007s ]
SQL: SELECT COUNT(*) AS tp_count FROM `pay_order` WHERE `pay_memberid` = 10002 AND `out_trade_id` = 'E20180714075654417157' LIMIT 1   [ RunTime:0.0004s ]
SQL: SHOW COLUMNS FROM `pay_user_riskcontrol_config` [ RunTime:0.0007s ]
SQL: SHOW COLUMNS FROM `pay_member` [ RunTime:0.0008s ]
SQL: SELECT `id`,`unit_paying_number`,`unit_frist_paying_time`,`unit_paying_amount`,`paying_money`,`last_paying_time` FROM `pay_member` WHERE `id` = 2 LIMIT 1   [ RunTime:0.0001s ]
SQL: SELECT * FROM `pay_user_riskcontrol_config` WHERE `user_id` = 2 AND `status` = 1 LIMIT 1   [ RunTime:0.0001s ]
SQL: SELECT * FROM `pay_user_riskcontrol_config` WHERE `is_system` = 1 AND `status` = 1 LIMIT 1   [ RunTime:0.0001s ]
SQL: SHOW COLUMNS FROM `pay_product` [ RunTime:0.0005s ]
SQL: SELECT COUNT(*) AS tp_count FROM `pay_product` WHERE `id` = 907 AND `status` = 1 LIMIT 1   [ RunTime:0.0004s ]
SQL: SHOW COLUMNS FROM `pay_product_user` [ RunTime:0.0005s ]
SQL: SELECT * FROM `pay_product_user` WHERE `pid` = 907 AND `userid` = 2 AND `status` = 1 LIMIT 1   [ RunTime:0.0004s ]
SQL: SHOW COLUMNS FROM `pay_channel` [ RunTime:0.0006s ]
SQL: SELECT * FROM `pay_channel` WHERE `id` = 212 LIMIT 1   [ RunTime:0.0004s ]
SQL: SHOW COLUMNS FROM `pay_banks` [ RunTime:0.0005s ]
SQL: SELECT * FROM `pay_banks` WHERE `status` = 1 AND `code` = 'ABC' LIMIT 1   [ RunTime:0.0001s ]
SQL: SELECT * FROM `pay_channel` WHERE `id` = 212 AND `status` = 1 LIMIT 1   [ RunTime:0.0001s ]
SQL: SELECT * FROM `pay_channel` WHERE `id` = 214 AND `status` = 1 LIMIT 1   [ RunTime:0.0001s ]
SQL: SELECT * FROM `pay_channel` WHERE `id` = 214 AND `status` = 1 LIMIT 1   [ RunTime:0.0001s ]
INFO: [ action_begin ] --START--
INFO: Run Behavior\CheckAuthBehavior [ RunTime:0.000937s ]
INFO: [ action_begin ] --END-- [ RunTime:-0.032586s ]
SQL: SHOW COLUMNS FROM `pay_member` [ RunTime:0.0015s ]
NOTIC: [8] Undefined index: userid /var/www/jiuyu/fundtime.cn/Application/Pay/Controller/PayController.class.php 第 36 行.
SQL: SELECT * FROM `pay_member` WHERE `id` = null LIMIT 1   [ RunTime:0.0001s ]
SQL: SHOW COLUMNS FROM `pay_userrate` [ RunTime:0.0005s ]
NOTIC: [8] Undefined index: userid /var/www/jiuyu/fundtime.cn/Application/Pay/Controller/PayController.class.php 第 46 行.
NOTIC: [8] Undefined index: pid /var/www/jiuyu/fundtime.cn/Application/Pay/Controller/PayController.class.php 第 46 行.
SQL: SELECT * FROM `pay_userrate` WHERE `userid` = null AND `payapiid` = null LIMIT 1   [ RunTime:0.0005s ]
SQL: SELECT * FROM `pay_channel` WHERE `id` = 214 LIMIT 1   [ RunTime:0.0001s ]
SQL: SHOW COLUMNS FROM `pay_channel_account` [ RunTime:0.0008s ]
SQL: SELECT * FROM `pay_channel_account` WHERE `channel_id` = 214 AND `status` = 1  [ RunTime:0.0006s ]
SQL: SHOW COLUMNS FROM `pay_channel_account` [ RunTime:0.0007s ]
NOTIC: [8] Undefined index: pid /var/www/jiuyu/fundtime.cn/Application/Pay/Controller/PayController.class.php 第 101 行.
SQL: SELECT * FROM `pay_product` WHERE `id` = null LIMIT 1   [ RunTime:0.0001s ]

[ 2018-07-14T15:57:56+08:00 ] 172.18.0.1 /Pay_Index.html
INFO: [ app_init ] --START--
INFO: Run Behavior\BuildLiteBehavior [ RunTime:0.000004s ]
INFO: [ app_init ] --END-- [ RunTime:0.000022s ]
INFO: [ app_begin ] --START--
INFO: Run Behavior\ReadHtmlCacheBehavior [ RunTime:0.000300s ]
INFO: Run Behavior\CheckLangBehavior [ RunTime:0.000866s ]
INFO: [ app_begin ] --END-- [ RunTime:0.001187s ]
INFO: [ action_begin ] --START--
INFO: Run Behavior\CheckAuthBehavior [ RunTime:0.002164s ]
INFO: [ action_begin ] --END-- [ RunTime:0.002177s ]
SQL: SHOW COLUMNS FROM `pay_websiteconfig` [ RunTime:0.0010s ]
SQL: SELECT `is_repeat_order` FROM `pay_websiteconfig` LIMIT 1   [ RunTime:0.0007s ]
SQL: SHOW COLUMNS FROM `pay_order` [ RunTime:0.0007s ]
SQL: SELECT COUNT(*) AS tp_count FROM `pay_order` WHERE `pay_memberid` = 10002 AND `out_trade_id` = 'E20180714075654417157' LIMIT 1   [ RunTime:0.0004s ]
SQL: SHOW COLUMNS FROM `pay_user_riskcontrol_config` [ RunTime:0.0007s ]
SQL: SHOW COLUMNS FROM `pay_member` [ RunTime:0.0008s ]
SQL: SELECT `id`,`unit_paying_number`,`unit_frist_paying_time`,`unit_paying_amount`,`paying_money`,`last_paying_time` FROM `pay_member` WHERE `id` = 2 LIMIT 1   [ RunTime:0.0002s ]
SQL: SELECT * FROM `pay_user_riskcontrol_config` WHERE `user_id` = 2 AND `status` = 1 LIMIT 1   [ RunTime:0.0002s ]
SQL: SELECT * FROM `pay_user_riskcontrol_config` WHERE `is_system` = 1 AND `status` = 1 LIMIT 1   [ RunTime:0.0001s ]
SQL: SHOW COLUMNS FROM `pay_product` [ RunTime:0.0007s ]
SQL: SELECT COUNT(*) AS tp_count FROM `pay_product` WHERE `id` = 907 AND `status` = 1 LIMIT 1   [ RunTime:0.0005s ]
SQL: SHOW COLUMNS FROM `pay_product_user` [ RunTime:0.0006s ]
SQL: SELECT * FROM `pay_product_user` WHERE `pid` = 907 AND `userid` = 2 AND `status` = 1 LIMIT 1   [ RunTime:0.0004s ]
SQL: SHOW COLUMNS FROM `pay_channel` [ RunTime:0.0007s ]
SQL: SELECT * FROM `pay_channel` WHERE `id` = 212 LIMIT 1   [ RunTime:0.0005s ]
SQL: SHOW COLUMNS FROM `pay_banks` [ RunTime:0.0006s ]
SQL: SELECT * FROM `pay_banks` WHERE `status` = 1 AND `code` = 'ABC' LIMIT 1   [ RunTime:0.0001s ]
SQL: SELECT * FROM `pay_channel` WHERE `id` = 212 AND `status` = 1 LIMIT 1   [ RunTime:0.0001s ]
SQL: SELECT * FROM `pay_channel` WHERE `id` = 214 AND `status` = 1 LIMIT 1   [ RunTime:0.0002s ]
SQL: SELECT * FROM `pay_channel` WHERE `id` = 214 AND `status` = 1 LIMIT 1   [ RunTime:0.0001s ]
INFO: [ action_begin ] --START--
INFO: Run Behavior\CheckAuthBehavior [ RunTime:0.000473s ]
INFO: [ action_begin ] --END-- [ RunTime:-0.015643s ]
SQL: SHOW COLUMNS FROM `pay_member` [ RunTime:0.0008s ]
NOTIC: [8] Undefined index: userid /var/www/jiuyu/fundtime.cn/Application/Pay/Controller/PayController.class.php 第 36 行.
SQL: SELECT * FROM `pay_member` WHERE `id` = null LIMIT 1   [ RunTime:0.0001s ]
SQL: SHOW COLUMNS FROM `pay_userrate` [ RunTime:0.0005s ]
NOTIC: [8] Undefined index: userid /var/www/jiuyu/fundtime.cn/Application/Pay/Controller/PayController.class.php 第 46 行.
NOTIC: [8] Undefined index: pid /var/www/jiuyu/fundtime.cn/Application/Pay/Controller/PayController.class.php 第 46 行.
SQL: SELECT * FROM `pay_userrate` WHERE `userid` = null AND `payapiid` = null LIMIT 1   [ RunTime:0.0004s ]
SQL: SELECT * FROM `pay_channel` WHERE `id` = 214 LIMIT 1   [ RunTime:0.0001s ]
SQL: SHOW COLUMNS FROM `pay_channel_account` [ RunTime:0.0007s ]
SQL: SELECT * FROM `pay_channel_account` WHERE `channel_id` = 214 AND `status` = 1  [ RunTime:0.0005s ]
SQL: SHOW COLUMNS FROM `pay_channel_account` [ RunTime:0.0007s ]
NOTIC: [8] Undefined index: pid /var/www/jiuyu/fundtime.cn/Application/Pay/Controller/PayController.class.php 第 101 行.
SQL: SELECT * FROM `pay_product` WHERE `id` = null LIMIT 1   [ RunTime:0.0001s ]

[ 2018-07-14T15:57:57+08:00 ] 172.18.0.1 /Pay_Index.html
INFO: [ app_init ] --START--
INFO: Run Behavior\BuildLiteBehavior [ RunTime:0.000004s ]
INFO: [ app_init ] --END-- [ RunTime:0.000019s ]
INFO: [ app_begin ] --START--
INFO: Run Behavior\ReadHtmlCacheBehavior [ RunTime:0.000016s ]
INFO: Run Behavior\CheckLangBehavior [ RunTime:0.000034s ]
INFO: [ app_begin ] --END-- [ RunTime:0.000067s ]
INFO: [ action_begin ] --START--
INFO: Run Behavior\CheckAuthBehavior [ RunTime:0.001028s ]
INFO: [ action_begin ] --END-- [ RunTime:0.001048s ]
SQL: SHOW COLUMNS FROM `pay_websiteconfig` [ RunTime:0.0013s ]
SQL: SELECT `is_repeat_order` FROM `pay_websiteconfig` LIMIT 1   [ RunTime:0.0011s ]
SQL: SHOW COLUMNS FROM `pay_order` [ RunTime:0.0010s ]
SQL: SELECT COUNT(*) AS tp_count FROM `pay_order` WHERE `pay_memberid` = 10002 AND `out_trade_id` = 'E20180714075654417157' LIMIT 1   [ RunTime:0.0008s ]
SQL: SHOW COLUMNS FROM `pay_user_riskcontrol_config` [ RunTime:0.0008s ]
SQL: SHOW COLUMNS FROM `pay_member` [ RunTime:0.0009s ]
SQL: SELECT `id`,`unit_paying_number`,`unit_frist_paying_time`,`unit_paying_amount`,`paying_money`,`last_paying_time` FROM `pay_member` WHERE `id` = 2 LIMIT 1   [ RunTime:0.0002s ]
SQL: SELECT * FROM `pay_user_riskcontrol_config` WHERE `user_id` = 2 AND `status` = 1 LIMIT 1   [ RunTime:0.0002s ]
SQL: SELECT * FROM `pay_user_riskcontrol_config` WHERE `is_system` = 1 AND `status` = 1 LIMIT 1   [ RunTime:0.0002s ]
SQL: SHOW COLUMNS FROM `pay_product` [ RunTime:0.0006s ]
SQL: SELECT COUNT(*) AS tp_count FROM `pay_product` WHERE `id` = 907 AND `status` = 1 LIMIT 1   [ RunTime:0.0007s ]
SQL: SHOW COLUMNS FROM `pay_product_user` [ RunTime:0.0006s ]
SQL: SELECT * FROM `pay_product_user` WHERE `pid` = 907 AND `userid` = 2 AND `status` = 1 LIMIT 1   [ RunTime:0.0006s ]
SQL: SHOW COLUMNS FROM `pay_channel` [ RunTime:0.0007s ]
SQL: SELECT * FROM `pay_channel` WHERE `id` = 212 LIMIT 1   [ RunTime:0.0006s ]
SQL: SHOW COLUMNS FROM `pay_banks` [ RunTime:0.0007s ]
SQL: SELECT * FROM `pay_banks` WHERE `status` = 1 AND `code` = 'ABC' LIMIT 1   [ RunTime:0.0003s ]
SQL: SELECT * FROM `pay_channel` WHERE `id` = 212 AND `status` = 1 LIMIT 1   [ RunTime:0.0002s ]
SQL: SELECT * FROM `pay_channel` WHERE `id` = 214 AND `status` = 1 LIMIT 1   [ RunTime:0.0003s ]
SQL: SELECT * FROM `pay_channel` WHERE `id` = 212 AND `status` = 1 LIMIT 1   [ RunTime:0.0001s ]
INFO: [ action_begin ] --START--
INFO: Run Behavior\CheckAuthBehavior [ RunTime:0.000406s ]
INFO: [ action_begin ] --END-- [ RunTime:-0.015858s ]

[ 2018-07-14T16:02:03+08:00 ] 172.18.0.1 /Pay_Index.html
INFO: [ app_init ] --START--
INFO: Run Behavior\BuildLiteBehavior [ RunTime:0.000004s ]
INFO: [ app_init ] --END-- [ RunTime:0.000017s ]
INFO: [ app_begin ] --START--
INFO: Run Behavior\ReadHtmlCacheBehavior [ RunTime:0.000179s ]
INFO: Run Behavior\CheckLangBehavior [ RunTime:0.000622s ]
INFO: [ app_begin ] --END-- [ RunTime:0.000818s ]
INFO: [ action_begin ] --START--
INFO: Run Behavior\CheckAuthBehavior [ RunTime:0.002380s ]
INFO: [ action_begin ] --END-- [ RunTime:0.002432s ]
SQL: SHOW COLUMNS FROM `pay_websiteconfig` [ RunTime:0.0010s ]
SQL: SELECT `is_repeat_order` FROM `pay_websiteconfig` LIMIT 1   [ RunTime:0.0007s ]
SQL: SHOW COLUMNS FROM `pay_order` [ RunTime:0.0007s ]
SQL: SELECT COUNT(*) AS tp_count FROM `pay_order` WHERE `pay_memberid` = 10002 AND `out_trade_id` = 'E20180714075654417157' LIMIT 1   [ RunTime:0.0004s ]
SQL: SHOW COLUMNS FROM `pay_user_riskcontrol_config` [ RunTime:0.0007s ]
SQL: SHOW COLUMNS FROM `pay_member` [ RunTime:0.0007s ]
SQL: SELECT `id`,`unit_paying_number`,`unit_frist_paying_time`,`unit_paying_amount`,`paying_money`,`last_paying_time` FROM `pay_member` WHERE `id` = 2 LIMIT 1   [ RunTime:0.0001s ]
SQL: SELECT * FROM `pay_user_riskcontrol_config` WHERE `user_id` = 2 AND `status` = 1 LIMIT 1   [ RunTime:0.0001s ]
SQL: SELECT * FROM `pay_user_riskcontrol_config` WHERE `is_system` = 1 AND `status` = 1 LIMIT 1   [ RunTime:0.0001s ]
SQL: SHOW COLUMNS FROM `pay_product` [ RunTime:0.0008s ]
SQL: SELECT COUNT(*) AS tp_count FROM `pay_product` WHERE `id` = 907 AND `status` = 1 LIMIT 1   [ RunTime:0.0004s ]
SQL: SHOW COLUMNS FROM `pay_product_user` [ RunTime:0.0006s ]
SQL: SELECT * FROM `pay_product_user` WHERE `pid` = 907 AND `userid` = 2 AND `status` = 1 LIMIT 1   [ RunTime:0.0004s ]
SQL: SHOW COLUMNS FROM `pay_channel` [ RunTime:0.0007s ]
SQL: SELECT * FROM `pay_channel` WHERE `id` = 212 LIMIT 1   [ RunTime:0.0004s ]
SQL: SHOW COLUMNS FROM `pay_banks` [ RunTime:0.0005s ]
SQL: SELECT * FROM `pay_banks` WHERE `status` = 1 AND `code` = 'ABC' LIMIT 1   [ RunTime:0.0001s ]
SQL: SELECT * FROM `pay_channel` WHERE `id` = 212 AND `status` = 1 LIMIT 1   [ RunTime:0.0002s ]
SQL: SELECT * FROM `pay_channel` WHERE `id` = 214 AND `status` = 1 LIMIT 1   [ RunTime:0.0001s ]
SQL: SELECT * FROM `pay_channel` WHERE `id` = 214 AND `status` = 1 LIMIT 1   [ RunTime:0.0001s ]
INFO: [ action_begin ] --START--
INFO: Run Behavior\CheckAuthBehavior [ RunTime:0.000451s ]
INFO: [ action_begin ] --END-- [ RunTime:-0.013899s ]
SQL: SHOW COLUMNS FROM `pay_member` [ RunTime:0.0011s ]
NOTIC: [8] Undefined index: userid /var/www/jiuyu/fundtime.cn/Application/Pay/Controller/PayController.class.php 第 36 行.
SQL: SELECT * FROM `pay_member` WHERE `id` = null LIMIT 1   [ RunTime:0.0001s ]
SQL: SHOW COLUMNS FROM `pay_userrate` [ RunTime:0.0005s ]
NOTIC: [8] Undefined index: userid /var/www/jiuyu/fundtime.cn/Application/Pay/Controller/PayController.class.php 第 46 行.
NOTIC: [8] Undefined index: pid /var/www/jiuyu/fundtime.cn/Application/Pay/Controller/PayController.class.php 第 46 行.
SQL: SELECT * FROM `pay_userrate` WHERE `userid` = null AND `payapiid` = null LIMIT 1   [ RunTime:0.0005s ]
SQL: SELECT * FROM `pay_channel` WHERE `id` = 214 LIMIT 1   [ RunTime:0.0001s ]
SQL: SHOW COLUMNS FROM `pay_channel_account` [ RunTime:0.0007s ]
SQL: SELECT * FROM `pay_channel_account` WHERE `channel_id` = 214 AND `status` = 1  [ RunTime:0.0005s ]
SQL: SHOW COLUMNS FROM `pay_channel_account` [ RunTime:0.0007s ]
NOTIC: [8] Undefined index: pid /var/www/jiuyu/fundtime.cn/Application/Pay/Controller/PayController.class.php 第 101 行.
SQL: SELECT * FROM `pay_product` WHERE `id` = null LIMIT 1   [ RunTime:0.0001s ]

[ 2018-07-14T16:02:44+08:00 ] 172.18.0.1 /Pay_Index.html
INFO: [ app_init ] --START--
INFO: Run Behavior\BuildLiteBehavior [ RunTime:0.000004s ]
INFO: [ app_init ] --END-- [ RunTime:0.000017s ]
INFO: [ app_begin ] --START--
INFO: Run Behavior\ReadHtmlCacheBehavior [ RunTime:0.000261s ]
INFO: Run Behavior\CheckLangBehavior [ RunTime:0.000932s ]
INFO: [ app_begin ] --END-- [ RunTime:0.001216s ]
INFO: [ action_begin ] --START--
INFO: Run Behavior\CheckAuthBehavior [ RunTime:0.002045s ]
INFO: [ action_begin ] --END-- [ RunTime:0.002062s ]
SQL: SHOW COLUMNS FROM `pay_websiteconfig` [ RunTime:0.0009s ]
SQL: SELECT `is_repeat_order` FROM `pay_websiteconfig` LIMIT 1   [ RunTime:0.0007s ]
SQL: SHOW COLUMNS FROM `pay_order` [ RunTime:0.0014s ]
SQL: SELECT COUNT(*) AS tp_count FROM `pay_order` WHERE `pay_memberid` = 10002 AND `out_trade_id` = 'E20180714075654417157' LIMIT 1   [ RunTime:0.0005s ]
SQL: SHOW COLUMNS FROM `pay_user_riskcontrol_config` [ RunTime:0.0008s ]
SQL: SHOW COLUMNS FROM `pay_member` [ RunTime:0.0008s ]
SQL: SELECT `id`,`unit_paying_number`,`unit_frist_paying_time`,`unit_paying_amount`,`paying_money`,`last_paying_time` FROM `pay_member` WHERE `id` = 2 LIMIT 1   [ RunTime:0.0001s ]
SQL: SELECT * FROM `pay_user_riskcontrol_config` WHERE `user_id` = 2 AND `status` = 1 LIMIT 1   [ RunTime:0.0001s ]
SQL: SELECT * FROM `pay_user_riskcontrol_config` WHERE `is_system` = 1 AND `status` = 1 LIMIT 1   [ RunTime:0.0004s ]
SQL: SHOW COLUMNS FROM `pay_product` [ RunTime:0.0013s ]
SQL: SELECT COUNT(*) AS tp_count FROM `pay_product` WHERE `id` = 907 AND `status` = 1 LIMIT 1   [ RunTime:0.0006s ]
SQL: SHOW COLUMNS FROM `pay_product_user` [ RunTime:0.0007s ]
SQL: SELECT * FROM `pay_product_user` WHERE `pid` = 907 AND `userid` = 2 AND `status` = 1 LIMIT 1   [ RunTime:0.0008s ]
SQL: SHOW COLUMNS FROM `pay_channel` [ RunTime:0.0007s ]
SQL: SELECT * FROM `pay_channel` WHERE `id` = 212 LIMIT 1   [ RunTime:0.0005s ]
SQL: SHOW COLUMNS FROM `pay_banks` [ RunTime:0.0006s ]
SQL: SELECT * FROM `pay_banks` WHERE `status` = 1 AND `code` = 'ABC' LIMIT 1   [ RunTime:0.0002s ]
SQL: SELECT * FROM `pay_channel` WHERE `id` = 212 AND `status` = 1 LIMIT 1   [ RunTime:0.0002s ]
SQL: SELECT * FROM `pay_channel` WHERE `id` = 214 AND `status` = 1 LIMIT 1   [ RunTime:0.0001s ]
SQL: SELECT * FROM `pay_channel` WHERE `id` = 212 AND `status` = 1 LIMIT 1   [ RunTime:0.0002s ]
INFO: [ action_begin ] --START--
INFO: Run Behavior\CheckAuthBehavior [ RunTime:0.000544s ]
INFO: [ action_begin ] --END-- [ RunTime:-0.017272s ]

[ 2018-07-14T16:03:08+08:00 ] 172.18.0.1 /Pay_Index.html
INFO: [ app_init ] --START--
INFO: Run Behavior\BuildLiteBehavior [ RunTime:0.000006s ]
INFO: [ app_init ] --END-- [ RunTime:0.000025s ]
INFO: [ app_begin ] --START--
INFO: Run Behavior\ReadHtmlCacheBehavior [ RunTime:0.000219s ]
INFO: Run Behavior\CheckLangBehavior [ RunTime:0.000764s ]
INFO: [ app_begin ] --END-- [ RunTime:0.001006s ]
INFO: [ action_begin ] --START--
INFO: Run Behavior\CheckAuthBehavior [ RunTime:0.001854s ]
INFO: [ action_begin ] --END-- [ RunTime:0.001868s ]
SQL: SHOW COLUMNS FROM `pay_websiteconfig` [ RunTime:0.0009s ]
SQL: SELECT `is_repeat_order` FROM `pay_websiteconfig` LIMIT 1   [ RunTime:0.0007s ]
SQL: SHOW COLUMNS FROM `pay_order` [ RunTime:0.0011s ]
SQL: SELECT COUNT(*) AS tp_count FROM `pay_order` WHERE `pay_memberid` = 10002 AND `out_trade_id` = 'E20180714075654417157' LIMIT 1   [ RunTime:0.0007s ]
SQL: SHOW COLUMNS FROM `pay_user_riskcontrol_config` [ RunTime:0.0008s ]
SQL: SHOW COLUMNS FROM `pay_member` [ RunTime:0.0008s ]
SQL: SELECT `id`,`unit_paying_number`,`unit_frist_paying_time`,`unit_paying_amount`,`paying_money`,`last_paying_time` FROM `pay_member` WHERE `id` = 2 LIMIT 1   [ RunTime:0.0002s ]
SQL: SELECT * FROM `pay_user_riskcontrol_config` WHERE `user_id` = 2 AND `status` = 1 LIMIT 1   [ RunTime:0.0002s ]
SQL: SELECT * FROM `pay_user_riskcontrol_config` WHERE `is_system` = 1 AND `status` = 1 LIMIT 1   [ RunTime:0.0002s ]
SQL: SHOW COLUMNS FROM `pay_product` [ RunTime:0.0006s ]
SQL: SELECT COUNT(*) AS tp_count FROM `pay_product` WHERE `id` = 907 AND `status` = 1 LIMIT 1   [ RunTime:0.0007s ]
SQL: SHOW COLUMNS FROM `pay_product_user` [ RunTime:0.0006s ]
SQL: SELECT * FROM `pay_product_user` WHERE `pid` = 907 AND `userid` = 2 AND `status` = 1 LIMIT 1   [ RunTime:0.0007s ]
SQL: SHOW COLUMNS FROM `pay_channel` [ RunTime:0.0007s ]
SQL: SELECT * FROM `pay_channel` WHERE `id` = 212 LIMIT 1   [ RunTime:0.0007s ]
SQL: SHOW COLUMNS FROM `pay_banks` [ RunTime:0.0006s ]
SQL: SELECT * FROM `pay_banks` WHERE `status` = 1 AND `code` = 'ABC' LIMIT 1   [ RunTime:0.0002s ]
SQL: SELECT * FROM `pay_channel` WHERE `id` = 212 AND `status` = 1 LIMIT 1   [ RunTime:0.0003s ]
SQL: SELECT * FROM `pay_channel` WHERE `id` = 214 AND `status` = 1 LIMIT 1   [ RunTime:0.0002s ]
SQL: SELECT * FROM `pay_channel` WHERE `id` = 212 AND `status` = 1 LIMIT 1   [ RunTime:0.0002s ]
INFO: [ action_begin ] --START--
INFO: Run Behavior\CheckAuthBehavior [ RunTime:0.000665s ]
INFO: [ action_begin ] --END-- [ RunTime:-0.016297s ]

[ 2018-07-14T16:03:09+08:00 ] 172.18.0.1 /Pay_Index.html
INFO: [ app_init ] --START--
INFO: Run Behavior\BuildLiteBehavior [ RunTime:0.000008s ]
INFO: [ app_init ] --END-- [ RunTime:0.000021s ]
INFO: [ app_begin ] --START--
INFO: Run Behavior\ReadHtmlCacheBehavior [ RunTime:0.000197s ]
INFO: Run Behavior\CheckLangBehavior [ RunTime:0.000674s ]
INFO: [ app_begin ] --END-- [ RunTime:0.000887s ]
INFO: [ action_begin ] --START--
INFO: Run Behavior\CheckAuthBehavior [ RunTime:0.000956s ]
INFO: [ action_begin ] --END-- [ RunTime:0.000971s ]
SQL: SHOW COLUMNS FROM `pay_websiteconfig` [ RunTime:0.0009s ]
SQL: SELECT `is_repeat_order` FROM `pay_websiteconfig` LIMIT 1   [ RunTime:0.0006s ]
SQL: SHOW COLUMNS FROM `pay_order` [ RunTime:0.0007s ]
SQL: SELECT COUNT(*) AS tp_count FROM `pay_order` WHERE `pay_memberid` = 10002 AND `out_trade_id` = 'E20180714075654417157' LIMIT 1   [ RunTime:0.0004s ]
SQL: SHOW COLUMNS FROM `pay_user_riskcontrol_config` [ RunTime:0.0007s ]
SQL: SHOW COLUMNS FROM `pay_member` [ RunTime:0.0008s ]
SQL: SELECT `id`,`unit_paying_number`,`unit_frist_paying_time`,`unit_paying_amount`,`paying_money`,`last_paying_time` FROM `pay_member` WHERE `id` = 2 LIMIT 1   [ RunTime:0.0001s ]
SQL: SELECT * FROM `pay_user_riskcontrol_config` WHERE `user_id` = 2 AND `status` = 1 LIMIT 1   [ RunTime:0.0001s ]
SQL: SELECT * FROM `pay_user_riskcontrol_config` WHERE `is_system` = 1 AND `status` = 1 LIMIT 1   [ RunTime:0.0001s ]
SQL: SHOW COLUMNS FROM `pay_product` [ RunTime:0.0005s ]
SQL: SELECT COUNT(*) AS tp_count FROM `pay_product` WHERE `id` = 907 AND `status` = 1 LIMIT 1   [ RunTime:0.0004s ]
SQL: SHOW COLUMNS FROM `pay_product_user` [ RunTime:0.0007s ]
SQL: SELECT * FROM `pay_product_user` WHERE `pid` = 907 AND `userid` = 2 AND `status` = 1 LIMIT 1   [ RunTime:0.0004s ]
SQL: SHOW COLUMNS FROM `pay_channel` [ RunTime:0.0009s ]
SQL: SELECT * FROM `pay_channel` WHERE `id` = 212 LIMIT 1   [ RunTime:0.0007s ]
SQL: SHOW COLUMNS FROM `pay_banks` [ RunTime:0.0006s ]
SQL: SELECT * FROM `pay_banks` WHERE `status` = 1 AND `code` = 'ABC' LIMIT 1   [ RunTime:0.0001s ]
SQL: SELECT * FROM `pay_channel` WHERE `id` = 212 AND `status` = 1 LIMIT 1   [ RunTime:0.0005s ]
SQL: SELECT * FROM `pay_channel` WHERE `id` = 214 AND `status` = 1 LIMIT 1   [ RunTime:0.0001s ]
SQL: SELECT * FROM `pay_channel` WHERE `id` = 212 AND `status` = 1 LIMIT 1   [ RunTime:0.0001s ]
INFO: [ action_begin ] --START--
INFO: Run Behavior\CheckAuthBehavior [ RunTime:0.000440s ]
INFO: [ action_begin ] --END-- [ RunTime:-0.014046s ]

[ 2018-07-14T16:03:10+08:00 ] 172.18.0.1 /Pay_Index.html
INFO: [ app_init ] --START--
INFO: Run Behavior\BuildLiteBehavior [ RunTime:0.000003s ]
INFO: [ app_init ] --END-- [ RunTime:0.000014s ]
INFO: [ app_begin ] --START--
INFO: Run Behavior\ReadHtmlCacheBehavior [ RunTime:0.000010s ]
INFO: Run Behavior\CheckLangBehavior [ RunTime:0.000022s ]
INFO: [ app_begin ] --END-- [ RunTime:0.000041s ]
INFO: [ action_begin ] --START--
INFO: Run Behavior\CheckAuthBehavior [ RunTime:0.000780s ]
INFO: [ action_begin ] --END-- [ RunTime:0.000807s ]
SQL: SHOW COLUMNS FROM `pay_websiteconfig` [ RunTime:0.0011s ]
SQL: SELECT `is_repeat_order` FROM `pay_websiteconfig` LIMIT 1   [ RunTime:0.0007s ]
SQL: SHOW COLUMNS FROM `pay_order` [ RunTime:0.0010s ]
SQL: SELECT COUNT(*) AS tp_count FROM `pay_order` WHERE `pay_memberid` = 10002 AND `out_trade_id` = 'E20180714075654417157' LIMIT 1   [ RunTime:0.0014s ]
SQL: SHOW COLUMNS FROM `pay_user_riskcontrol_config` [ RunTime:0.0007s ]
SQL: SHOW COLUMNS FROM `pay_member` [ RunTime:0.0008s ]
SQL: SELECT `id`,`unit_paying_number`,`unit_frist_paying_time`,`unit_paying_amount`,`paying_money`,`last_paying_time` FROM `pay_member` WHERE `id` = 2 LIMIT 1   [ RunTime:0.0002s ]
SQL: SELECT * FROM `pay_user_riskcontrol_config` WHERE `user_id` = 2 AND `status` = 1 LIMIT 1   [ RunTime:0.0002s ]
SQL: SELECT * FROM `pay_user_riskcontrol_config` WHERE `is_system` = 1 AND `status` = 1 LIMIT 1   [ RunTime:0.0009s ]
SQL: SHOW COLUMNS FROM `pay_product` [ RunTime:0.0007s ]
SQL: SELECT COUNT(*) AS tp_count FROM `pay_product` WHERE `id` = 907 AND `status` = 1 LIMIT 1   [ RunTime:0.0006s ]
SQL: SHOW COLUMNS FROM `pay_product_user` [ RunTime:0.0008s ]
SQL: SELECT * FROM `pay_product_user` WHERE `pid` = 907 AND `userid` = 2 AND `status` = 1 LIMIT 1   [ RunTime:0.0005s ]
SQL: SHOW COLUMNS FROM `pay_channel` [ RunTime:0.0007s ]
SQL: SELECT * FROM `pay_channel` WHERE `id` = 212 LIMIT 1   [ RunTime:0.0005s ]
SQL: SHOW COLUMNS FROM `pay_banks` [ RunTime:0.0006s ]
SQL: SELECT * FROM `pay_banks` WHERE `status` = 1 AND `code` = 'ABC' LIMIT 1   [ RunTime:0.0002s ]
SQL: SELECT * FROM `pay_channel` WHERE `id` = 212 AND `status` = 1 LIMIT 1   [ RunTime:0.0001s ]
SQL: SELECT * FROM `pay_channel` WHERE `id` = 214 AND `status` = 1 LIMIT 1   [ RunTime:0.0001s ]
SQL: SELECT * FROM `pay_channel` WHERE `id` = 212 AND `status` = 1 LIMIT 1   [ RunTime:0.0001s ]
INFO: [ action_begin ] --START--
INFO: Run Behavior\CheckAuthBehavior [ RunTime:0.000605s ]
INFO: [ action_begin ] --END-- [ RunTime:-0.013736s ]

[ 2018-07-14T16:03:39+08:00 ] 172.18.0.1 /Pay_Index.html
INFO: [ app_init ] --START--
INFO: Run Behavior\BuildLiteBehavior [ RunTime:0.000005s ]
INFO: [ app_init ] --END-- [ RunTime:0.000018s ]
INFO: [ app_begin ] --START--
INFO: Run Behavior\ReadHtmlCacheBehavior [ RunTime:0.000269s ]
INFO: Run Behavior\CheckLangBehavior [ RunTime:0.000785s ]
INFO: [ app_begin ] --END-- [ RunTime:0.001079s ]
INFO: [ action_begin ] --START--
INFO: Run Behavior\CheckAuthBehavior [ RunTime:0.001782s ]
INFO: [ action_begin ] --END-- [ RunTime:0.001798s ]
SQL: SHOW COLUMNS FROM `pay_websiteconfig` [ RunTime:0.0013s ]
SQL: SELECT `is_repeat_order` FROM `pay_websiteconfig` LIMIT 1   [ RunTime:0.0008s ]
SQL: SHOW COLUMNS FROM `pay_order` [ RunTime:0.0008s ]
SQL: SELECT COUNT(*) AS tp_count FROM `pay_order` WHERE `pay_memberid` = 10002 AND `out_trade_id` = 'E20180714075654417157' LIMIT 1   [ RunTime:0.0004s ]
SQL: SHOW COLUMNS FROM `pay_user_riskcontrol_config` [ RunTime:0.0006s ]
SQL: SHOW COLUMNS FROM `pay_member` [ RunTime:0.0008s ]
SQL: SELECT `id`,`unit_paying_number`,`unit_frist_paying_time`,`unit_paying_amount`,`paying_money`,`last_paying_time` FROM `pay_member` WHERE `id` = 2 LIMIT 1   [ RunTime:0.0002s ]
SQL: SELECT * FROM `pay_user_riskcontrol_config` WHERE `user_id` = 2 AND `status` = 1 LIMIT 1   [ RunTime:0.0003s ]
SQL: SELECT * FROM `pay_user_riskcontrol_config` WHERE `is_system` = 1 AND `status` = 1 LIMIT 1   [ RunTime:0.0001s ]
SQL: SHOW COLUMNS FROM `pay_product` [ RunTime:0.0007s ]
SQL: SELECT COUNT(*) AS tp_count FROM `pay_product` WHERE `id` = 907 AND `status` = 1 LIMIT 1   [ RunTime:0.0005s ]
SQL: SHOW COLUMNS FROM `pay_product_user` [ RunTime:0.0006s ]
SQL: SELECT * FROM `pay_product_user` WHERE `pid` = 907 AND `userid` = 2 AND `status` = 1 LIMIT 1   [ RunTime:0.0004s ]
SQL: SHOW COLUMNS FROM `pay_channel` [ RunTime:0.0007s ]
SQL: SELECT * FROM `pay_channel` WHERE `id` = 212 LIMIT 1   [ RunTime:0.0003s ]
SQL: SHOW COLUMNS FROM `pay_banks` [ RunTime:0.0005s ]
SQL: SELECT * FROM `pay_banks` WHERE `status` = 1 AND `code` = 'ABC' LIMIT 1   [ RunTime:0.0001s ]
SQL: SELECT * FROM `pay_channel` WHERE `id` = 212 AND `status` = 1 LIMIT 1   [ RunTime:0.0001s ]
SQL: SELECT * FROM `pay_channel` WHERE `id` = 214 AND `status` = 1 LIMIT 1   [ RunTime:0.0001s ]
SQL: SELECT * FROM `pay_channel` WHERE `id` = 212 AND `status` = 1 LIMIT 1   [ RunTime:0.0001s ]
INFO: [ action_begin ] --START--
INFO: Run Behavior\CheckAuthBehavior [ RunTime:0.000375s ]
INFO: [ action_begin ] --END-- [ RunTime:-0.014238s ]

[ 2018-07-14T16:04:08+08:00 ] 172.18.0.1 /Pay_Index.html
INFO: [ app_init ] --START--
INFO: Run Behavior\BuildLiteBehavior [ RunTime:0.000005s ]
INFO: [ app_init ] --END-- [ RunTime:0.000018s ]
INFO: [ app_begin ] --START--
INFO: Run Behavior\ReadHtmlCacheBehavior [ RunTime:0.000223s ]
INFO: Run Behavior\CheckLangBehavior [ RunTime:0.000773s ]
INFO: [ app_begin ] --END-- [ RunTime:0.001020s ]
INFO: [ action_begin ] --START--
INFO: Run Behavior\CheckAuthBehavior [ RunTime:0.002040s ]
INFO: [ action_begin ] --END-- [ RunTime:0.002057s ]
SQL: SHOW COLUMNS FROM `pay_websiteconfig` [ RunTime:0.0015s ]
SQL: SELECT `is_repeat_order` FROM `pay_websiteconfig` LIMIT 1   [ RunTime:0.0010s ]
SQL: SHOW COLUMNS FROM `pay_order` [ RunTime:0.0008s ]
SQL: SELECT COUNT(*) AS tp_count FROM `pay_order` WHERE `pay_memberid` = 10002 AND `out_trade_id` = 'E20180714075654417157' LIMIT 1   [ RunTime:0.0006s ]
SQL: SHOW COLUMNS FROM `pay_user_riskcontrol_config` [ RunTime:0.0011s ]
SQL: SHOW COLUMNS FROM `pay_member` [ RunTime:0.0011s ]
SQL: SELECT `id`,`unit_paying_number`,`unit_frist_paying_time`,`unit_paying_amount`,`paying_money`,`last_paying_time` FROM `pay_member` WHERE `id` = 2 LIMIT 1   [ RunTime:0.0002s ]
SQL: SELECT * FROM `pay_user_riskcontrol_config` WHERE `user_id` = 2 AND `status` = 1 LIMIT 1   [ RunTime:0.0002s ]
SQL: SELECT * FROM `pay_user_riskcontrol_config` WHERE `is_system` = 1 AND `status` = 1 LIMIT 1   [ RunTime:0.0001s ]
SQL: SHOW COLUMNS FROM `pay_product` [ RunTime:0.0007s ]
SQL: SELECT COUNT(*) AS tp_count FROM `pay_product` WHERE `id` = 907 AND `status` = 1 LIMIT 1   [ RunTime:0.0005s ]
SQL: SHOW COLUMNS FROM `pay_product_user` [ RunTime:0.0007s ]
SQL: SELECT * FROM `pay_product_user` WHERE `pid` = 907 AND `userid` = 2 AND `status` = 1 LIMIT 1   [ RunTime:0.0004s ]
SQL: SHOW COLUMNS FROM `pay_channel` [ RunTime:0.0009s ]
SQL: SELECT * FROM `pay_channel` WHERE `id` = 212 LIMIT 1   [ RunTime:0.0005s ]
SQL: SHOW COLUMNS FROM `pay_banks` [ RunTime:0.0007s ]
SQL: SELECT * FROM `pay_banks` WHERE `status` = 1 AND `code` = 'ABC' LIMIT 1   [ RunTime:0.0002s ]
SQL: SELECT * FROM `pay_channel` WHERE `id` = 212 AND `status` = 1 LIMIT 1   [ RunTime:0.0002s ]
SQL: SELECT * FROM `pay_channel` WHERE `id` = 214 AND `status` = 1 LIMIT 1   [ RunTime:0.0001s ]
SQL: SELECT * FROM `pay_channel` WHERE `id` = 214 AND `status` = 1 LIMIT 1   [ RunTime:0.0001s ]
INFO: [ action_begin ] --START--
INFO: Run Behavior\CheckAuthBehavior [ RunTime:0.000481s ]
INFO: [ action_begin ] --END-- [ RunTime:-0.017361s ]
SQL: SHOW COLUMNS FROM `pay_member` [ RunTime:0.0008s ]
NOTIC: [8] Undefined index: userid /var/www/jiuyu/fundtime.cn/Application/Pay/Controller/PayController.class.php 第 36 行.
SQL: SELECT * FROM `pay_member` WHERE `id` = null LIMIT 1   [ RunTime:0.0001s ]
SQL: SHOW COLUMNS FROM `pay_userrate` [ RunTime:0.0006s ]
NOTIC: [8] Undefined index: userid /var/www/jiuyu/fundtime.cn/Application/Pay/Controller/PayController.class.php 第 46 行.
NOTIC: [8] Undefined index: pid /var/www/jiuyu/fundtime.cn/Application/Pay/Controller/PayController.class.php 第 46 行.
SQL: SELECT * FROM `pay_userrate` WHERE `userid` = null AND `payapiid` = null LIMIT 1   [ RunTime:0.0004s ]
SQL: SELECT * FROM `pay_channel` WHERE `id` = 214 LIMIT 1   [ RunTime:0.0001s ]
SQL: SHOW COLUMNS FROM `pay_channel_account` [ RunTime:0.0014s ]
SQL: SELECT * FROM `pay_channel_account` WHERE `channel_id` = 214 AND `status` = 1  [ RunTime:0.0005s ]
SQL: SHOW COLUMNS FROM `pay_channel_account` [ RunTime:0.0007s ]
NOTIC: [8] Undefined index: pid /var/www/jiuyu/fundtime.cn/Application/Pay/Controller/PayController.class.php 第 101 行.
SQL: SELECT * FROM `pay_product` WHERE `id` = null LIMIT 1   [ RunTime:0.0001s ]

[ 2018-07-14T16:05:47+08:00 ] 172.18.0.1 /Pay_Index.html
INFO: [ app_init ] --START--
INFO: Run Behavior\BuildLiteBehavior [ RunTime:0.000005s ]
INFO: [ app_init ] --END-- [ RunTime:0.000020s ]
INFO: [ app_begin ] --START--
INFO: Run Behavior\ReadHtmlCacheBehavior [ RunTime:0.000406s ]
INFO: Run Behavior\CheckLangBehavior [ RunTime:0.000754s ]
INFO: [ app_begin ] --END-- [ RunTime:0.001183s ]
INFO: [ action_begin ] --START--
INFO: Run Behavior\CheckAuthBehavior [ RunTime:0.002644s ]
INFO: [ action_begin ] --END-- [ RunTime:0.002666s ]
SQL: SHOW COLUMNS FROM `pay_websiteconfig` [ RunTime:0.0010s ]
SQL: SELECT `is_repeat_order` FROM `pay_websiteconfig` LIMIT 1   [ RunTime:0.0006s ]
SQL: SHOW COLUMNS FROM `pay_order` [ RunTime:0.0007s ]
SQL: SELECT COUNT(*) AS tp_count FROM `pay_order` WHERE `pay_memberid` = 10002 AND `out_trade_id` = 'E20180714075654417157' LIMIT 1   [ RunTime:0.0004s ]
SQL: SHOW COLUMNS FROM `pay_user_riskcontrol_config` [ RunTime:0.0007s ]
SQL: SHOW COLUMNS FROM `pay_member` [ RunTime:0.0007s ]
SQL: SELECT `id`,`unit_paying_number`,`unit_frist_paying_time`,`unit_paying_amount`,`paying_money`,`last_paying_time` FROM `pay_member` WHERE `id` = 2 LIMIT 1   [ RunTime:0.0001s ]
SQL: SELECT * FROM `pay_user_riskcontrol_config` WHERE `user_id` = 2 AND `status` = 1 LIMIT 1   [ RunTime:0.0002s ]
SQL: SELECT * FROM `pay_user_riskcontrol_config` WHERE `is_system` = 1 AND `status` = 1 LIMIT 1   [ RunTime:0.0001s ]
SQL: SHOW COLUMNS FROM `pay_product` [ RunTime:0.0005s ]
SQL: SELECT COUNT(*) AS tp_count FROM `pay_product` WHERE `id` = 907 AND `status` = 1 LIMIT 1   [ RunTime:0.0003s ]
SQL: SHOW COLUMNS FROM `pay_product_user` [ RunTime:0.0006s ]
SQL: SELECT * FROM `pay_product_user` WHERE `pid` = 907 AND `userid` = 2 AND `status` = 1 LIMIT 1   [ RunTime:0.0004s ]
SQL: SHOW COLUMNS FROM `pay_channel` [ RunTime:0.0007s ]
SQL: SELECT * FROM `pay_channel` WHERE `id` = 212 LIMIT 1   [ RunTime:0.0004s ]
SQL: SHOW COLUMNS FROM `pay_banks` [ RunTime:0.0006s ]
SQL: SELECT * FROM `pay_banks` WHERE `status` = 1 AND `code` = 'ABC' LIMIT 1   [ RunTime:0.0001s ]
SQL: SELECT * FROM `pay_channel` WHERE `id` = 212 AND `status` = 1 LIMIT 1   [ RunTime:0.0001s ]
SQL: SELECT * FROM `pay_channel` WHERE `id` = 214 AND `status` = 1 LIMIT 1   [ RunTime:0.0001s ]
SQL: SELECT * FROM `pay_channel` WHERE `id` = 212 AND `status` = 1 LIMIT 1   [ RunTime:0.0001s ]
INFO: [ action_begin ] --START--
INFO: Run Behavior\CheckAuthBehavior [ RunTime:0.000495s ]
INFO: [ action_begin ] --END-- [ RunTime:-0.013484s ]

[ 2018-07-14T16:06:15+08:00 ] 172.18.0.1 /Pay_Index.html
INFO: [ app_init ] --START--
INFO: Run Behavior\BuildLiteBehavior [ RunTime:0.000005s ]
INFO: [ app_init ] --END-- [ RunTime:0.000018s ]
INFO: [ app_begin ] --START--
INFO: Run Behavior\ReadHtmlCacheBehavior [ RunTime:0.000225s ]
INFO: Run Behavior\CheckLangBehavior [ RunTime:0.000708s ]
INFO: [ app_begin ] --END-- [ RunTime:0.000955s ]
INFO: [ action_begin ] --START--
INFO: Run Behavior\CheckAuthBehavior [ RunTime:0.001629s ]
INFO: [ action_begin ] --END-- [ RunTime:0.001642s ]
SQL: SHOW COLUMNS FROM `pay_websiteconfig` [ RunTime:0.0010s ]
SQL: SELECT `is_repeat_order` FROM `pay_websiteconfig` LIMIT 1   [ RunTime:0.0006s ]
SQL: SHOW COLUMNS FROM `pay_order` [ RunTime:0.0008s ]
SQL: SELECT COUNT(*) AS tp_count FROM `pay_order` WHERE `pay_memberid` = 10002 AND `out_trade_id` = 'E20180714075654417157' LIMIT 1   [ RunTime:0.0004s ]
SQL: SHOW COLUMNS FROM `pay_user_riskcontrol_config` [ RunTime:0.0006s ]
SQL: SHOW COLUMNS FROM `pay_member` [ RunTime:0.0009s ]
SQL: SELECT `id`,`unit_paying_number`,`unit_frist_paying_time`,`unit_paying_amount`,`paying_money`,`last_paying_time` FROM `pay_member` WHERE `id` = 2 LIMIT 1   [ RunTime:0.0001s ]
SQL: SELECT * FROM `pay_user_riskcontrol_config` WHERE `user_id` = 2 AND `status` = 1 LIMIT 1   [ RunTime:0.0001s ]
SQL: SELECT * FROM `pay_user_riskcontrol_config` WHERE `is_system` = 1 AND `status` = 1 LIMIT 1   [ RunTime:0.0001s ]
SQL: SHOW COLUMNS FROM `pay_product` [ RunTime:0.0008s ]
SQL: SELECT COUNT(*) AS tp_count FROM `pay_product` WHERE `id` = 907 AND `status` = 1 LIMIT 1   [ RunTime:0.0008s ]
SQL: SHOW COLUMNS FROM `pay_product_user` [ RunTime:0.0006s ]
SQL: SELECT * FROM `pay_product_user` WHERE `pid` = 907 AND `userid` = 2 AND `status` = 1 LIMIT 1   [ RunTime:0.0004s ]
SQL: SHOW COLUMNS FROM `pay_channel` [ RunTime:0.0006s ]
SQL: SELECT * FROM `pay_channel` WHERE `id` = 212 LIMIT 1   [ RunTime:0.0004s ]
SQL: SHOW COLUMNS FROM `pay_banks` [ RunTime:0.0005s ]
SQL: SELECT * FROM `pay_banks` WHERE `status` = 1 AND `code` = 'ABC' LIMIT 1   [ RunTime:0.0001s ]
SQL: SELECT * FROM `pay_channel` WHERE `id` = 212 AND `status` = 1 LIMIT 1   [ RunTime:0.0001s ]
SQL: SELECT * FROM `pay_channel` WHERE `id` = 214 AND `status` = 1 LIMIT 1   [ RunTime:0.0001s ]
SQL: SELECT * FROM `pay_channel` WHERE `id` = 212 AND `status` = 1 LIMIT 1   [ RunTime:0.0001s ]
INFO: [ action_begin ] --START--
INFO: Run Behavior\CheckAuthBehavior [ RunTime:0.000495s ]
INFO: [ action_begin ] --END-- [ RunTime:-0.015858s ]
SQL: SHOW COLUMNS FROM `pay_member` [ RunTime:0.0050s ]
SQL: SELECT * FROM `pay_member` WHERE `id` = 2 LIMIT 1   [ RunTime:0.0002s ]
SQL: SHOW COLUMNS FROM `pay_userrate` [ RunTime:0.0005s ]
NOTIC: [8] Undefined index: pid /var/www/jiuyu/fundtime.cn/Application/Pay/Controller/PayController.class.php 第 46 行.
SQL: SELECT * FROM `pay_userrate` WHERE `userid` = 2 AND `payapiid` = null LIMIT 1   [ RunTime:0.0004s ]
SQL: SELECT * FROM `pay_channel` WHERE `id` = 212 LIMIT 1   [ RunTime:0.0001s ]
SQL: SHOW COLUMNS FROM `pay_channel_account` [ RunTime:0.0007s ]
SQL: SELECT * FROM `pay_channel_account` WHERE `channel_id` = 212 AND `status` = 1  [ RunTime:0.0012s ]
SQL: SHOW COLUMNS FROM `pay_channel_account` [ RunTime:0.0008s ]
NOTIC: [8] Undefined index: pid /var/www/jiuyu/fundtime.cn/Application/Pay/Controller/PayController.class.php 第 101 行.
SQL: SELECT * FROM `pay_product` WHERE `id` = null LIMIT 1   [ RunTime:0.0001s ]

[ 2018-07-14T16:06:21+08:00 ] 172.18.0.1 /Pay_Index.html
INFO: [ app_init ] --START--
INFO: Run Behavior\BuildLiteBehavior [ RunTime:0.000004s ]
INFO: [ app_init ] --END-- [ RunTime:0.000018s ]
INFO: [ app_begin ] --START--
INFO: Run Behavior\ReadHtmlCacheBehavior [ RunTime:0.000212s ]
INFO: Run Behavior\CheckLangBehavior [ RunTime:0.000622s ]
INFO: [ app_begin ] --END-- [ RunTime:0.000853s ]
INFO: [ action_begin ] --START--
INFO: Run Behavior\CheckAuthBehavior [ RunTime:0.002012s ]
INFO: [ action_begin ] --END-- [ RunTime:0.002032s ]
SQL: SHOW COLUMNS FROM `pay_websiteconfig` [ RunTime:0.0008s ]
SQL: SELECT `is_repeat_order` FROM `pay_websiteconfig` LIMIT 1   [ RunTime:0.0001s ]
SQL: SHOW COLUMNS FROM `pay_order` [ RunTime:0.0007s ]
SQL: SELECT COUNT(*) AS tp_count FROM `pay_order` WHERE `pay_memberid` = 10002 AND `out_trade_id` = 'E20180714075654417157' LIMIT 1   [ RunTime:0.0002s ]
SQL: SHOW COLUMNS FROM `pay_user_riskcontrol_config` [ RunTime:0.0008s ]
SQL: SHOW COLUMNS FROM `pay_member` [ RunTime:0.0007s ]
SQL: SELECT `id`,`unit_paying_number`,`unit_frist_paying_time`,`unit_paying_amount`,`paying_money`,`last_paying_time` FROM `pay_member` WHERE `id` = 2 LIMIT 1   [ RunTime:0.0001s ]
SQL: SELECT * FROM `pay_user_riskcontrol_config` WHERE `user_id` = 2 AND `status` = 1 LIMIT 1   [ RunTime:0.0001s ]
SQL: SELECT * FROM `pay_user_riskcontrol_config` WHERE `is_system` = 1 AND `status` = 1 LIMIT 1   [ RunTime:0.0001s ]
SQL: SHOW COLUMNS FROM `pay_product` [ RunTime:0.0005s ]
SQL: SELECT COUNT(*) AS tp_count FROM `pay_product` WHERE `id` = 907 AND `status` = 1 LIMIT 1   [ RunTime:0.0001s ]
SQL: SHOW COLUMNS FROM `pay_product_user` [ RunTime:0.0005s ]
SQL: SELECT * FROM `pay_product_user` WHERE `pid` = 907 AND `userid` = 2 AND `status` = 1 LIMIT 1   [ RunTime:0.0001s ]
SQL: SHOW COLUMNS FROM `pay_channel` [ RunTime:0.0006s ]
SQL: SELECT * FROM `pay_channel` WHERE `id` = 212 LIMIT 1   [ RunTime:0.0001s ]
SQL: SHOW COLUMNS FROM `pay_banks` [ RunTime:0.0013s ]
SQL: SELECT * FROM `pay_banks` WHERE `status` = 1 AND `code` = 'ABC' LIMIT 1   [ RunTime:0.0002s ]
SQL: SELECT * FROM `pay_channel` WHERE `id` = 212 AND `status` = 1 LIMIT 1   [ RunTime:0.0002s ]
SQL: SELECT * FROM `pay_channel` WHERE `id` = 214 AND `status` = 1 LIMIT 1   [ RunTime:0.0001s ]
SQL: SELECT * FROM `pay_channel` WHERE `id` = 212 AND `status` = 1 LIMIT 1   [ RunTime:0.0001s ]
INFO: [ action_begin ] --START--
INFO: Run Behavior\CheckAuthBehavior [ RunTime:0.000604s ]
INFO: [ action_begin ] --END-- [ RunTime:-0.013423s ]
SQL: SHOW COLUMNS FROM `pay_member` [ RunTime:0.0010s ]
SQL: SELECT * FROM `pay_member` WHERE `id` = 2 LIMIT 1   [ RunTime:0.0002s ]
SQL: SHOW COLUMNS FROM `pay_userrate` [ RunTime:0.0005s ]
NOTIC: [8] Undefined index: pid /var/www/jiuyu/fundtime.cn/Application/Pay/Controller/PayController.class.php 第 46 行.
SQL: SELECT * FROM `pay_userrate` WHERE `userid` = 2 AND `payapiid` = null LIMIT 1   [ RunTime:0.0008s ]
SQL: SELECT * FROM `pay_channel` WHERE `id` = 212 LIMIT 1   [ RunTime:0.0001s ]
SQL: SHOW COLUMNS FROM `pay_channel_account` [ RunTime:0.0006s ]
SQL: SELECT * FROM `pay_channel_account` WHERE `channel_id` = 212 AND `status` = 1  [ RunTime:0.0004s ]
SQL: SHOW COLUMNS FROM `pay_channel_account` [ RunTime:0.0007s ]
NOTIC: [8] Undefined index: pid /var/www/jiuyu/fundtime.cn/Application/Pay/Controller/PayController.class.php 第 101 行.
SQL: SELECT * FROM `pay_product` WHERE `id` = null LIMIT 1   [ RunTime:0.0001s ]
NOTIC: [8] Undefined index: pid /var/www/jiuyu/fundtime.cn/Application/Pay/Controller/PayController.class.php 第 142 行.
NOTIC: [8] Undefined index: pid /var/www/jiuyu/fundtime.cn/Application/Pay/Controller/PayController.class.php 第 153 行.
SQL: INSERT INTO `pay_order` (`pay_memberid`,`pay_orderid`,`pay_amount`,`pay_poundage`,`pay_actualamount`,`pay_applydate`,`pay_bankcode`,`pay_bankid`,`pay_bankname`,`pay_notifyurl`,`pay_callbackurl`,`pay_status`,`pay_tongdao`,`pay_zh_tongdao`,`pay_channel_account`,`pay_ytongdao`,`pay_yzh_tongdao`,`pay_tjurl`,`pay_productname`,`attach`,`out_trade_id`,`ddlx`,`memberid`,`key`,`account`,`cost`,`cost_rate`,`channel_id`,`account_id`) VALUES ('10002','20180714160620100485','0.01','3.5E-5','0.009965','1531555580',NULL,'ABC',NULL,'http://www.9pay.local/demo/server.php','http://www.9pay.local/demo/page.php','0','TfbBank','天付宝（网银支付）','1800450040','TfbBank','天付宝','http://www.9pay.local/demo/index1.php','VIP基础服务','1234|456','E20180714075654417157','0','1800450040','v*Lo01H?J2','','0.00','0.0035','212','228') [ RunTime:0.0113s ]
NOTIC: [8192] Function mcrypt_encrypt() is deprecated /var/www/jiuyu/fundtime.cn/Application/Pay/Controller/TfbBankController.class.php 第 102 行.
NOTIC: [8192] Function mcrypt_decrypt() is deprecated /var/www/jiuyu/fundtime.cn/Application/Pay/Controller/TfbBankController.class.php 第 99 行.
INFO: [ app_end ] --START--
INFO: Run Behavior\ShowPageTraceBehavior [ RunTime:0.007329s ]
INFO: [ app_end ] --END-- [ RunTime:0.007352s ]

[ 2018-07-14T16:06:32+08:00 ] 172.18.0.1 /Pay_Index.html
INFO: [ app_init ] --START--
INFO: Run Behavior\BuildLiteBehavior [ RunTime:0.000004s ]
INFO: [ app_init ] --END-- [ RunTime:0.000017s ]
INFO: [ app_begin ] --START--
INFO: Run Behavior\ReadHtmlCacheBehavior [ RunTime:0.000238s ]
INFO: Run Behavior\CheckLangBehavior [ RunTime:0.000686s ]
INFO: [ app_begin ] --END-- [ RunTime:0.000950s ]
INFO: [ action_begin ] --START--
INFO: Run Behavior\CheckAuthBehavior [ RunTime:0.002773s ]
INFO: [ action_begin ] --END-- [ RunTime:0.002808s ]
SQL: SHOW COLUMNS FROM `pay_websiteconfig` [ RunTime:0.0017s ]
SQL: SELECT `is_repeat_order` FROM `pay_websiteconfig` LIMIT 1   [ RunTime:0.0001s ]
SQL: SHOW COLUMNS FROM `pay_order` [ RunTime:0.0009s ]
SQL: SELECT COUNT(*) AS tp_count FROM `pay_order` WHERE `pay_memberid` = 10002 AND `out_trade_id` = 'E20180714075654417157' LIMIT 1   [ RunTime:0.0002s ]

[ 2018-07-14T16:06:32+08:00 ] 172.18.0.1 /Pay_Index.html
INFO: [ app_init ] --START--
INFO: Run Behavior\BuildLiteBehavior [ RunTime:0.000003s ]
INFO: [ app_init ] --END-- [ RunTime:0.000013s ]
INFO: [ app_begin ] --START--
INFO: Run Behavior\ReadHtmlCacheBehavior [ RunTime:0.000010s ]
INFO: Run Behavior\CheckLangBehavior [ RunTime:0.000033s ]
INFO: [ app_begin ] --END-- [ RunTime:0.000055s ]
INFO: [ action_begin ] --START--
INFO: Run Behavior\CheckAuthBehavior [ RunTime:0.000808s ]
INFO: [ action_begin ] --END-- [ RunTime:0.000820s ]
SQL: SHOW COLUMNS FROM `pay_websiteconfig` [ RunTime:0.0010s ]
SQL: SELECT `is_repeat_order` FROM `pay_websiteconfig` LIMIT 1   [ RunTime:0.0001s ]
SQL: SHOW COLUMNS FROM `pay_order` [ RunTime:0.0009s ]
SQL: SELECT COUNT(*) AS tp_count FROM `pay_order` WHERE `pay_memberid` = 10002 AND `out_trade_id` = 'E20180714075654417157' LIMIT 1   [ RunTime:0.0002s ]

[ 2018-07-14T16:06:33+08:00 ] 172.18.0.1 /Pay_Index.html
INFO: [ app_init ] --START--
INFO: Run Behavior\BuildLiteBehavior [ RunTime:0.000007s ]
INFO: [ app_init ] --END-- [ RunTime:0.000032s ]
INFO: [ app_begin ] --START--
INFO: Run Behavior\ReadHtmlCacheBehavior [ RunTime:0.000207s ]
INFO: Run Behavior\CheckLangBehavior [ RunTime:0.000641s ]
INFO: [ app_begin ] --END-- [ RunTime:0.000871s ]
INFO: [ action_begin ] --START--
INFO: Run Behavior\CheckAuthBehavior [ RunTime:0.000802s ]
INFO: [ action_begin ] --END-- [ RunTime:0.000815s ]
SQL: SHOW COLUMNS FROM `pay_websiteconfig` [ RunTime:0.0008s ]
SQL: SELECT `is_repeat_order` FROM `pay_websiteconfig` LIMIT 1   [ RunTime:0.0001s ]
SQL: SHOW COLUMNS FROM `pay_order` [ RunTime:0.0007s ]
SQL: SELECT COUNT(*) AS tp_count FROM `pay_order` WHERE `pay_memberid` = 10002 AND `out_trade_id` = 'E20180714075654417157' LIMIT 1   [ RunTime:0.0002s ]

[ 2018-07-14T16:06:33+08:00 ] 172.18.0.1 /Pay_Index.html
INFO: [ app_init ] --START--
INFO: Run Behavior\BuildLiteBehavior [ RunTime:0.000004s ]
INFO: [ app_init ] --END-- [ RunTime:0.000015s ]
INFO: [ app_begin ] --START--
INFO: Run Behavior\ReadHtmlCacheBehavior [ RunTime:0.000012s ]
INFO: Run Behavior\CheckLangBehavior [ RunTime:0.000022s ]
INFO: [ app_begin ] --END-- [ RunTime:0.000047s ]
INFO: [ action_begin ] --START--
INFO: Run Behavior\CheckAuthBehavior [ RunTime:0.000866s ]
INFO: [ action_begin ] --END-- [ RunTime:0.000880s ]
SQL: SHOW COLUMNS FROM `pay_websiteconfig` [ RunTime:0.0010s ]
SQL: SELECT `is_repeat_order` FROM `pay_websiteconfig` LIMIT 1   [ RunTime:0.0001s ]
SQL: SHOW COLUMNS FROM `pay_order` [ RunTime:0.0009s ]
SQL: SELECT COUNT(*) AS tp_count FROM `pay_order` WHERE `pay_memberid` = 10002 AND `out_trade_id` = 'E20180714075654417157' LIMIT 1   [ RunTime:0.0003s ]

[ 2018-07-14T16:08:10+08:00 ] 172.18.0.1 /Pay_Index.html
INFO: [ app_init ] --START--
INFO: Run Behavior\BuildLiteBehavior [ RunTime:0.000007s ]
INFO: [ app_init ] --END-- [ RunTime:0.000031s ]
INFO: [ app_begin ] --START--
INFO: Run Behavior\ReadHtmlCacheBehavior [ RunTime:0.000438s ]
INFO: Run Behavior\CheckLangBehavior [ RunTime:0.001386s ]
INFO: [ app_begin ] --END-- [ RunTime:0.001871s ]
INFO: [ action_begin ] --START--
INFO: Run Behavior\CheckAuthBehavior [ RunTime:0.004485s ]
INFO: [ action_begin ] --END-- [ RunTime:0.004517s ]
SQL: SHOW COLUMNS FROM `pay_websiteconfig` [ RunTime:0.0053s ]
SQL: SELECT `is_repeat_order` FROM `pay_websiteconfig` LIMIT 1   [ RunTime:0.0002s ]
SQL: SHOW COLUMNS FROM `pay_order` [ RunTime:0.0013s ]
SQL: SELECT COUNT(*) AS tp_count FROM `pay_order` WHERE `pay_memberid` = 10002 AND `out_trade_id` = 'E20180714080635561107' LIMIT 1   [ RunTime:0.0002s ]
SQL: SHOW COLUMNS FROM `pay_user_riskcontrol_config` [ RunTime:0.0012s ]
SQL: SHOW COLUMNS FROM `pay_member` [ RunTime:0.0016s ]
SQL: SELECT `id`,`unit_paying_number`,`unit_frist_paying_time`,`unit_paying_amount`,`paying_money`,`last_paying_time` FROM `pay_member` WHERE `id` = 2 LIMIT 1   [ RunTime:0.0002s ]
SQL: SELECT * FROM `pay_user_riskcontrol_config` WHERE `user_id` = 2 AND `status` = 1 LIMIT 1   [ RunTime:0.0002s ]
SQL: SELECT * FROM `pay_user_riskcontrol_config` WHERE `is_system` = 1 AND `status` = 1 LIMIT 1   [ RunTime:0.0001s ]
SQL: SHOW COLUMNS FROM `pay_product` [ RunTime:0.0014s ]
SQL: SELECT COUNT(*) AS tp_count FROM `pay_product` WHERE `id` = 907 AND `status` = 1 LIMIT 1   [ RunTime:0.0001s ]
SQL: SHOW COLUMNS FROM `pay_product_user` [ RunTime:0.0008s ]
SQL: SELECT * FROM `pay_product_user` WHERE `pid` = 907 AND `userid` = 2 AND `status` = 1 LIMIT 1   [ RunTime:0.0001s ]

[ 2018-07-14T16:11:20+08:00 ] 172.18.0.1 /Pay_Index.html
INFO: [ app_init ] --START--
INFO: Run Behavior\BuildLiteBehavior [ RunTime:0.000005s ]
INFO: [ app_init ] --END-- [ RunTime:0.000021s ]
INFO: [ app_begin ] --START--
INFO: Run Behavior\ReadHtmlCacheBehavior [ RunTime:0.000195s ]
INFO: Run Behavior\CheckLangBehavior [ RunTime:0.000657s ]
INFO: [ app_begin ] --END-- [ RunTime:0.000874s ]
INFO: [ action_begin ] --START--
INFO: Run Behavior\CheckAuthBehavior [ RunTime:0.001951s ]
INFO: [ action_begin ] --END-- [ RunTime:0.001965s ]
SQL: SHOW COLUMNS FROM `pay_websiteconfig` [ RunTime:0.0008s ]
SQL: SELECT `is_repeat_order` FROM `pay_websiteconfig` LIMIT 1   [ RunTime:0.0002s ]
SQL: SHOW COLUMNS FROM `pay_order` [ RunTime:0.0012s ]
SQL: SELECT COUNT(*) AS tp_count FROM `pay_order` WHERE `pay_memberid` = 10002 AND `out_trade_id` = 'E20180714081117131481' LIMIT 1   [ RunTime:0.0013s ]
SQL: SHOW COLUMNS FROM `pay_user_riskcontrol_config` [ RunTime:0.0010s ]
SQL: SHOW COLUMNS FROM `pay_member` [ RunTime:0.0008s ]
SQL: SELECT `id`,`unit_paying_number`,`unit_frist_paying_time`,`unit_paying_amount`,`paying_money`,`last_paying_time` FROM `pay_member` WHERE `id` = 2 LIMIT 1   [ RunTime:0.0001s ]
SQL: SELECT * FROM `pay_user_riskcontrol_config` WHERE `user_id` = 2 AND `status` = 1 LIMIT 1   [ RunTime:0.0001s ]
SQL: SELECT * FROM `pay_user_riskcontrol_config` WHERE `is_system` = 1 AND `status` = 1 LIMIT 1   [ RunTime:0.0001s ]
SQL: SHOW COLUMNS FROM `pay_product` [ RunTime:0.0006s ]
SQL: SELECT COUNT(*) AS tp_count FROM `pay_product` WHERE `id` = 907 AND `status` = 1 LIMIT 1   [ RunTime:0.0001s ]
SQL: SHOW COLUMNS FROM `pay_product_user` [ RunTime:0.0005s ]
SQL: SELECT * FROM `pay_product_user` WHERE `pid` = 907 AND `userid` = 2 AND `status` = 1 LIMIT 1   [ RunTime:0.0001s ]
SQL: SHOW COLUMNS FROM `pay_channel` [ RunTime:0.0016s ]
SQL: SELECT * FROM `pay_channel` WHERE `id` = 212 LIMIT 1   [ RunTime:0.0003s ]
SQL: SHOW COLUMNS FROM `pay_banks` [ RunTime:0.0007s ]
SQL: SELECT * FROM `pay_banks` WHERE `status` = 1 AND `code` = 'CEB' LIMIT 1   [ RunTime:0.0001s ]
SQL: SELECT * FROM `pay_channel` WHERE `id` = 215 LIMIT 1   [ RunTime:0.0001s ]
SQL: SELECT * FROM `pay_channel` WHERE `id` = 215 AND `status` = 1 LIMIT 1   [ RunTime:0.0001s ]
INFO: [ action_begin ] --START--
INFO: Run Behavior\CheckAuthBehavior [ RunTime:0.000456s ]
INFO: [ action_begin ] --END-- [ RunTime:-0.028597s ]
SQL: SHOW COLUMNS FROM `pay_member` [ RunTime:0.0010s ]
SQL: SELECT * FROM `pay_member` WHERE `id` = 2 LIMIT 1   [ RunTime:0.0002s ]
SQL: SHOW COLUMNS FROM `pay_userrate` [ RunTime:0.0008s ]
NOTIC: [8] Undefined index: pid /var/www/jiuyu/fundtime.cn/Application/Pay/Controller/PayController.class.php 第 46 行.
SQL: SELECT * FROM `pay_userrate` WHERE `userid` = 2 AND `payapiid` = null LIMIT 1   [ RunTime:0.0007s ]
SQL: SELECT * FROM `pay_channel` WHERE `id` = 215 LIMIT 1   [ RunTime:0.0001s ]
SQL: SHOW COLUMNS FROM `pay_channel_account` [ RunTime:0.0009s ]
SQL: SELECT * FROM `pay_channel_account` WHERE `channel_id` = 215 AND `status` = 1  [ RunTime:0.0005s ]
SQL: SHOW COLUMNS FROM `pay_channel_account` [ RunTime:0.0009s ]
NOTIC: [8] Undefined index: pid /var/www/jiuyu/fundtime.cn/Application/Pay/Controller/PayController.class.php 第 101 行.
SQL: SELECT * FROM `pay_product` WHERE `id` = null LIMIT 1   [ RunTime:0.0001s ]
NOTIC: [8] Undefined index: pid /var/www/jiuyu/fundtime.cn/Application/Pay/Controller/PayController.class.php 第 142 行.
NOTIC: [8] Undefined index: pid /var/www/jiuyu/fundtime.cn/Application/Pay/Controller/PayController.class.php 第 153 行.
SQL: INSERT INTO `pay_order` (`pay_memberid`,`pay_orderid`,`pay_amount`,`pay_poundage`,`pay_actualamount`,`pay_applydate`,`pay_bankcode`,`pay_bankid`,`pay_bankname`,`pay_notifyurl`,`pay_callbackurl`,`pay_status`,`pay_tongdao`,`pay_zh_tongdao`,`pay_channel_account`,`pay_ytongdao`,`pay_yzh_tongdao`,`pay_tjurl`,`pay_productname`,`attach`,`out_trade_id`,`ddlx`,`memberid`,`key`,`account`,`cost`,`cost_rate`,`channel_id`,`account_id`) VALUES ('10002','20180714161120565110','0.01','2.0E-5','0.00998','1531555880',NULL,'CEB',NULL,'http://www.9pay.local/demo/server.php','http://www.9pay.local/demo/page.php','0','YsbBank','银生宝（网银支付）','松原市贵友科技有限公司','YsbBank','银生宝网银支付','http://www.9pay.local/demo/index1.php','VIP基础服务','1234|456','E20180714081117131481','0','2120180207134608001','joP3PUBXFsjte9R1','','0.00','0.0020','215','231') [ RunTime:0.0020s ]
NOTIC: [8192] Function mcrypt_encrypt() is deprecated /var/www/jiuyu/fundtime.cn/Application/Pay/Common/function.php 第 29 行.
INFO: [ view_parse ] --START--
INFO: [ template_filter ] --START--
INFO: Run Behavior\ContentReplaceBehavior [ RunTime:0.000017s ]
INFO: [ template_filter ] --END-- [ RunTime:0.000034s ]
NOTIC: [8] Undefined variable: url /var/www/jiuyu/fundtime.cn/Runtime/Cache/Pay/329f9dff0a76429316f9383e444fd356.php 第 106 行.
INFO: Run Behavior\ParseTemplateBehavior [ RunTime:0.102481s ]
INFO: [ view_parse ] --END-- [ RunTime:0.102497s ]
INFO: [ view_filter ] --START--
INFO: Run Behavior\WriteHtmlCacheBehavior [ RunTime:0.008728s ]
INFO: Run Behavior\TokenBuildBehavior [ RunTime:0.011088s ]
INFO: [ view_filter ] --END-- [ RunTime:0.019851s ]
INFO: [ app_end ] --START--
INFO: Run Behavior\ShowPageTraceBehavior [ RunTime:0.000517s ]
INFO: [ app_end ] --END-- [ RunTime:0.000530s ]

[ 2018-07-14T16:13:26+08:00 ] 172.18.0.1 /Pay_Index.html
INFO: [ app_init ] --START--
INFO: Run Behavior\BuildLiteBehavior [ RunTime:0.000005s ]
INFO: [ app_init ] --END-- [ RunTime:0.000022s ]
INFO: [ app_begin ] --START--
INFO: Run Behavior\ReadHtmlCacheBehavior [ RunTime:0.000242s ]
INFO: Run Behavior\CheckLangBehavior [ RunTime:0.000910s ]
INFO: [ app_begin ] --END-- [ RunTime:0.001179s ]
INFO: [ action_begin ] --START--
INFO: Run Behavior\CheckAuthBehavior [ RunTime:0.002203s ]
INFO: [ action_begin ] --END-- [ RunTime:0.002223s ]
SQL: SHOW COLUMNS FROM `pay_websiteconfig` [ RunTime:0.0012s ]
SQL: SELECT `is_repeat_order` FROM `pay_websiteconfig` LIMIT 1   [ RunTime:0.0001s ]
SQL: SHOW COLUMNS FROM `pay_order` [ RunTime:0.0008s ]
SQL: SELECT COUNT(*) AS tp_count FROM `pay_order` WHERE `pay_memberid` = 10002 AND `out_trade_id` = 'E20180714081323325783' LIMIT 1   [ RunTime:0.0002s ]
SQL: SHOW COLUMNS FROM `pay_user_riskcontrol_config` [ RunTime:0.0049s ]
SQL: SHOW COLUMNS FROM `pay_member` [ RunTime:0.0009s ]
SQL: SELECT `id`,`unit_paying_number`,`unit_frist_paying_time`,`unit_paying_amount`,`paying_money`,`last_paying_time` FROM `pay_member` WHERE `id` = 2 LIMIT 1   [ RunTime:0.0001s ]
SQL: SELECT * FROM `pay_user_riskcontrol_config` WHERE `user_id` = 2 AND `status` = 1 LIMIT 1   [ RunTime:0.0001s ]
SQL: SELECT * FROM `pay_user_riskcontrol_config` WHERE `is_system` = 1 AND `status` = 1 LIMIT 1   [ RunTime:0.0001s ]
SQL: SHOW COLUMNS FROM `pay_product` [ RunTime:0.0006s ]
SQL: SELECT COUNT(*) AS tp_count FROM `pay_product` WHERE `id` = 907 AND `status` = 1 LIMIT 1   [ RunTime:0.0001s ]
SQL: SHOW COLUMNS FROM `pay_product_user` [ RunTime:0.0006s ]
SQL: SELECT * FROM `pay_product_user` WHERE `pid` = 907 AND `userid` = 2 AND `status` = 1 LIMIT 1   [ RunTime:0.0001s ]
SQL: SHOW COLUMNS FROM `pay_channel` [ RunTime:0.0006s ]
SQL: SELECT * FROM `pay_channel` WHERE `id` = 212 LIMIT 1   [ RunTime:0.0001s ]
SQL: SHOW COLUMNS FROM `pay_banks` [ RunTime:0.0006s ]
SQL: SELECT * FROM `pay_banks` WHERE `status` = 1 AND `code` = 'ABC' LIMIT 1   [ RunTime:0.0001s ]
SQL: SELECT * FROM `pay_channel` WHERE `id` = 215 LIMIT 1   [ RunTime:0.0002s ]
SQL: SELECT * FROM `pay_channel` WHERE `id` = 215 AND `status` = 1 LIMIT 1   [ RunTime:0.0001s ]
INFO: [ action_begin ] --START--
INFO: Run Behavior\CheckAuthBehavior [ RunTime:0.000707s ]
INFO: [ action_begin ] --END-- [ RunTime:-0.024400s ]
SQL: SHOW COLUMNS FROM `pay_member` [ RunTime:0.0012s ]
SQL: SELECT * FROM `pay_member` WHERE `id` = 2 LIMIT 1   [ RunTime:0.0002s ]
SQL: SHOW COLUMNS FROM `pay_userrate` [ RunTime:0.0006s ]
NOTIC: [8] Undefined index: pid /var/www/jiuyu/fundtime.cn/Application/Pay/Controller/PayController.class.php 第 46 行.
SQL: SELECT * FROM `pay_userrate` WHERE `userid` = 2 AND `payapiid` = null LIMIT 1   [ RunTime:0.0008s ]
SQL: SELECT * FROM `pay_channel` WHERE `id` = 215 LIMIT 1   [ RunTime:0.0001s ]
SQL: SHOW COLUMNS FROM `pay_channel_account` [ RunTime:0.0013s ]
SQL: SELECT * FROM `pay_channel_account` WHERE `channel_id` = 215 AND `status` = 1  [ RunTime:0.0009s ]
SQL: SHOW COLUMNS FROM `pay_channel_account` [ RunTime:0.0010s ]
NOTIC: [8] Undefined index: pid /var/www/jiuyu/fundtime.cn/Application/Pay/Controller/PayController.class.php 第 101 行.
SQL: SELECT * FROM `pay_product` WHERE `id` = null LIMIT 1   [ RunTime:0.0001s ]
NOTIC: [8] Undefined index: pid /var/www/jiuyu/fundtime.cn/Application/Pay/Controller/PayController.class.php 第 142 行.
NOTIC: [8] Undefined index: pid /var/www/jiuyu/fundtime.cn/Application/Pay/Controller/PayController.class.php 第 153 行.
SQL: INSERT INTO `pay_order` (`pay_memberid`,`pay_orderid`,`pay_amount`,`pay_poundage`,`pay_actualamount`,`pay_applydate`,`pay_bankcode`,`pay_bankid`,`pay_bankname`,`pay_notifyurl`,`pay_callbackurl`,`pay_status`,`pay_tongdao`,`pay_zh_tongdao`,`pay_channel_account`,`pay_ytongdao`,`pay_yzh_tongdao`,`pay_tjurl`,`pay_productname`,`attach`,`out_trade_id`,`ddlx`,`memberid`,`key`,`account`,`cost`,`cost_rate`,`channel_id`,`account_id`) VALUES ('10002','20180714161326545049','0.01','2.0E-5','0.00998','1531556006',NULL,'ABC',NULL,'http://www.9pay.local/demo/server.php','http://www.9pay.local/demo/page.php','0','YsbBank','银生宝（网银支付）','松原市贵友科技有限公司','YsbBank','银生宝网银支付','http://www.9pay.local/demo/index1.php','VIP基础服务','1234|456','E20180714081323325783','0','2120180207134608001','joP3PUBXFsjte9R1','','0.00','0.0020','215','231') [ RunTime:0.0056s ]
NOTIC: [8192] Function mcrypt_encrypt() is deprecated /var/www/jiuyu/fundtime.cn/Application/Pay/Common/function.php 第 29 行.
INFO: [ view_parse ] --START--
INFO: [ template_filter ] --START--
INFO: Run Behavior\ContentReplaceBehavior [ RunTime:0.000017s ]
INFO: [ template_filter ] --END-- [ RunTime:0.000032s ]
NOTIC: [8] Undefined variable: url /var/www/jiuyu/fundtime.cn/Runtime/Cache/Pay/329f9dff0a76429316f9383e444fd356.php 第 106 行.
INFO: Run Behavior\ParseTemplateBehavior [ RunTime:0.007978s ]
INFO: [ view_parse ] --END-- [ RunTime:0.007994s ]
INFO: [ view_filter ] --START--
INFO: Run Behavior\WriteHtmlCacheBehavior [ RunTime:0.000255s ]
INFO: Run Behavior\TokenBuildBehavior [ RunTime:0.000261s ]
INFO: [ view_filter ] --END-- [ RunTime:0.000529s ]
INFO: [ app_end ] --START--
INFO: Run Behavior\ShowPageTraceBehavior [ RunTime:0.000245s ]
INFO: [ app_end ] --END-- [ RunTime:0.000255s ]

[ 2018-07-14T16:17:05+08:00 ] 172.18.0.1 /Pay_Index.html
INFO: [ app_init ] --START--
INFO: Run Behavior\BuildLiteBehavior [ RunTime:0.000006s ]
INFO: [ app_init ] --END-- [ RunTime:0.000026s ]
INFO: [ app_begin ] --START--
INFO: Run Behavior\ReadHtmlCacheBehavior [ RunTime:0.000251s ]
INFO: Run Behavior\CheckLangBehavior [ RunTime:0.000781s ]
INFO: [ app_begin ] --END-- [ RunTime:0.001062s ]
INFO: [ action_begin ] --START--
INFO: Run Behavior\CheckAuthBehavior [ RunTime:0.001725s ]
INFO: [ action_begin ] --END-- [ RunTime:0.001739s ]
SQL: SHOW COLUMNS FROM `pay_websiteconfig` [ RunTime:0.0012s ]
SQL: SELECT `is_repeat_order` FROM `pay_websiteconfig` LIMIT 1   [ RunTime:0.0002s ]
SQL: SHOW COLUMNS FROM `pay_order` [ RunTime:0.0009s ]
SQL: SELECT COUNT(*) AS tp_count FROM `pay_order` WHERE `pay_memberid` = 10002 AND `out_trade_id` = 'E20180714081702620606' LIMIT 1   [ RunTime:0.0002s ]
SQL: SHOW COLUMNS FROM `pay_user_riskcontrol_config` [ RunTime:0.0019s ]
SQL: SHOW COLUMNS FROM `pay_member` [ RunTime:0.0018s ]
SQL: SELECT `id`,`unit_paying_number`,`unit_frist_paying_time`,`unit_paying_amount`,`paying_money`,`last_paying_time` FROM `pay_member` WHERE `id` = 2 LIMIT 1   [ RunTime:0.0001s ]
SQL: SELECT * FROM `pay_user_riskcontrol_config` WHERE `user_id` = 2 AND `status` = 1 LIMIT 1   [ RunTime:0.0006s ]
SQL: SELECT * FROM `pay_user_riskcontrol_config` WHERE `is_system` = 1 AND `status` = 1 LIMIT 1   [ RunTime:0.0002s ]
SQL: SHOW COLUMNS FROM `pay_product` [ RunTime:0.0006s ]
SQL: SELECT COUNT(*) AS tp_count FROM `pay_product` WHERE `id` = 907 AND `status` = 1 LIMIT 1   [ RunTime:0.0002s ]
SQL: SHOW COLUMNS FROM `pay_product_user` [ RunTime:0.0007s ]
SQL: SELECT * FROM `pay_product_user` WHERE `pid` = 907 AND `userid` = 2 AND `status` = 1 LIMIT 1   [ RunTime:0.0002s ]
SQL: SHOW COLUMNS FROM `pay_channel` [ RunTime:0.0008s ]
SQL: SELECT * FROM `pay_channel` WHERE `id` = 212 LIMIT 1   [ RunTime:0.0002s ]
SQL: SHOW COLUMNS FROM `pay_banks` [ RunTime:0.0007s ]
SQL: SELECT * FROM `pay_banks` WHERE `status` = 1 AND `code` = 'CMB' LIMIT 1   [ RunTime:0.0002s ]
SQL: SELECT * FROM `pay_channel` WHERE `id` = 215 LIMIT 1   [ RunTime:0.0002s ]
SQL: SELECT * FROM `pay_channel` WHERE `id` = 215 AND `status` = 1 LIMIT 1   [ RunTime:0.0002s ]
INFO: [ action_begin ] --START--
INFO: Run Behavior\CheckAuthBehavior [ RunTime:0.000541s ]
INFO: [ action_begin ] --END-- [ RunTime:-0.017162s ]
SQL: SHOW COLUMNS FROM `pay_member` [ RunTime:0.0011s ]
SQL: SELECT * FROM `pay_member` WHERE `id` = 2 LIMIT 1   [ RunTime:0.0003s ]
SQL: SHOW COLUMNS FROM `pay_userrate` [ RunTime:0.0006s ]
SQL: SELECT * FROM `pay_userrate` WHERE `userid` = 2 AND `payapiid` = 907 LIMIT 1   [ RunTime:0.0001s ]
SQL: SELECT * FROM `pay_channel` WHERE `id` = 215 LIMIT 1   [ RunTime:0.0001s ]
SQL: SHOW COLUMNS FROM `pay_channel_account` [ RunTime:0.0008s ]
SQL: SELECT * FROM `pay_channel_account` WHERE `channel_id` = 215 AND `status` = 1  [ RunTime:0.0002s ]
SQL: SHOW COLUMNS FROM `pay_channel_account` [ RunTime:0.0012s ]
SQL: SELECT * FROM `pay_product` WHERE `id` = 907 LIMIT 1   [ RunTime:0.0003s ]
SQL: INSERT INTO `pay_order` (`pay_memberid`,`pay_orderid`,`pay_amount`,`pay_poundage`,`pay_actualamount`,`pay_applydate`,`pay_bankcode`,`pay_bankid`,`pay_bankname`,`pay_notifyurl`,`pay_callbackurl`,`pay_status`,`pay_tongdao`,`pay_zh_tongdao`,`pay_channel_account`,`pay_ytongdao`,`pay_yzh_tongdao`,`pay_tjurl`,`pay_productname`,`attach`,`out_trade_id`,`ddlx`,`memberid`,`key`,`account`,`cost`,`cost_rate`,`channel_id`,`account_id`) VALUES ('10002','20180714161705495499','0.01','8.0E-5','0.00992','1531556225','907','CMB','网银支付','http://www.9pay.local/demo/server.php','http://www.9pay.local/demo/page.php','0','YsbBank','银生宝（网银支付）','松原市贵友科技有限公司','YsbBank','银生宝网银支付','http://www.9pay.local/demo/index1.php','VIP基础服务','1234|456','E20180714081702620606','0','2120180207134608001','joP3PUBXFsjte9R1','','0.00','0.0020','215','231') [ RunTime:0.0026s ]
NOTIC: [8192] Function mcrypt_encrypt() is deprecated /var/www/jiuyu/fundtime.cn/Application/Pay/Common/function.php 第 29 行.
INFO: [ view_parse ] --START--
INFO: [ template_filter ] --START--
INFO: Run Behavior\ContentReplaceBehavior [ RunTime:0.000020s ]
INFO: [ template_filter ] --END-- [ RunTime:0.000039s ]
NOTIC: [8] Undefined variable: url /var/www/jiuyu/fundtime.cn/Runtime/Cache/Pay/329f9dff0a76429316f9383e444fd356.php 第 106 行.
INFO: Run Behavior\ParseTemplateBehavior [ RunTime:0.008647s ]
INFO: [ view_parse ] --END-- [ RunTime:0.008667s ]
INFO: [ view_filter ] --START--
INFO: Run Behavior\WriteHtmlCacheBehavior [ RunTime:0.000251s ]
INFO: Run Behavior\TokenBuildBehavior [ RunTime:0.000331s ]
INFO: [ view_filter ] --END-- [ RunTime:0.000597s ]
INFO: [ app_end ] --START--
INFO: Run Behavior\ShowPageTraceBehavior [ RunTime:0.000270s ]
INFO: [ app_end ] --END-- [ RunTime:0.000280s ]

[ 2018-07-14T16:22:31+08:00 ] 172.18.0.1 /Pay_Index.html
INFO: [ app_init ] --START--
INFO: Run Behavior\BuildLiteBehavior [ RunTime:0.000005s ]
INFO: [ app_init ] --END-- [ RunTime:0.000024s ]
INFO: [ app_begin ] --START--
INFO: Run Behavior\ReadHtmlCacheBehavior [ RunTime:0.000455s ]
INFO: Run Behavior\CheckLangBehavior [ RunTime:0.001091s ]
INFO: [ app_begin ] --END-- [ RunTime:0.001635s ]
INFO: [ action_begin ] --START--
INFO: Run Behavior\CheckAuthBehavior [ RunTime:0.002766s ]
INFO: [ action_begin ] --END-- [ RunTime:0.002797s ]
SQL: SHOW COLUMNS FROM `pay_websiteconfig` [ RunTime:0.0012s ]
SQL: SELECT `is_repeat_order` FROM `pay_websiteconfig` LIMIT 1   [ RunTime:0.0002s ]
SQL: SHOW COLUMNS FROM `pay_order` [ RunTime:0.0031s ]
SQL: SELECT COUNT(*) AS tp_count FROM `pay_order` WHERE `pay_memberid` = 10002 AND `out_trade_id` = 'E20180714081707895753' LIMIT 1   [ RunTime:0.0004s ]
SQL: SHOW COLUMNS FROM `pay_user_riskcontrol_config` [ RunTime:0.0016s ]
SQL: SHOW COLUMNS FROM `pay_member` [ RunTime:0.0012s ]
SQL: SELECT `id`,`unit_paying_number`,`unit_frist_paying_time`,`unit_paying_amount`,`paying_money`,`last_paying_time` FROM `pay_member` WHERE `id` = 2 LIMIT 1   [ RunTime:0.0002s ]
SQL: SELECT * FROM `pay_user_riskcontrol_config` WHERE `user_id` = 2 AND `status` = 1 LIMIT 1   [ RunTime:0.0002s ]
SQL: SELECT * FROM `pay_user_riskcontrol_config` WHERE `is_system` = 1 AND `status` = 1 LIMIT 1   [ RunTime:0.0002s ]
SQL: SHOW COLUMNS FROM `pay_product` [ RunTime:0.0007s ]
SQL: SELECT COUNT(*) AS tp_count FROM `pay_product` WHERE `id` = 907 AND `status` = 1 LIMIT 1   [ RunTime:0.0001s ]
SQL: SHOW COLUMNS FROM `pay_product_user` [ RunTime:0.0007s ]
SQL: SELECT * FROM `pay_product_user` WHERE `pid` = 907 AND `userid` = 2 AND `status` = 1 LIMIT 1   [ RunTime:0.0001s ]
SQL: SHOW COLUMNS FROM `pay_channel` [ RunTime:0.0007s ]
SQL: SELECT * FROM `pay_channel` WHERE `id` = 212 LIMIT 1   [ RunTime:0.0001s ]
SQL: SHOW COLUMNS FROM `pay_banks` [ RunTime:0.0010s ]
SQL: SELECT * FROM `pay_banks` WHERE `status` = 1 AND `code` = 'ICBC' LIMIT 1   [ RunTime:0.0006s ]
SQL: SELECT * FROM `pay_channel` WHERE `id` = 221 LIMIT 1   [ RunTime:0.0006s ]
SQL: SELECT * FROM `pay_channel` WHERE `id` = 221 AND `status` = 1 LIMIT 1   [ RunTime:0.0013s ]
INFO: [ action_begin ] --START--
INFO: Run Behavior\CheckAuthBehavior [ RunTime:0.000498s ]
INFO: [ action_begin ] --END-- [ RunTime:-0.038616s ]
SQL: SHOW COLUMNS FROM `pay_member` [ RunTime:0.0010s ]
SQL: SELECT * FROM `pay_member` WHERE `id` = 2 LIMIT 1   [ RunTime:0.0002s ]
SQL: SHOW COLUMNS FROM `pay_userrate` [ RunTime:0.0005s ]
SQL: SELECT * FROM `pay_userrate` WHERE `userid` = 2 AND `payapiid` = 907 LIMIT 1   [ RunTime:0.0001s ]
SQL: SELECT * FROM `pay_channel` WHERE `id` = 221 LIMIT 1   [ RunTime:0.0001s ]
SQL: SHOW COLUMNS FROM `pay_channel_account` [ RunTime:0.0006s ]
SQL: SELECT * FROM `pay_channel_account` WHERE `channel_id` = 221 AND `status` = 1  [ RunTime:0.0002s ]
SQL: SHOW COLUMNS FROM `pay_channel_account` [ RunTime:0.0008s ]
SQL: SELECT * FROM `pay_product` WHERE `id` = 907 LIMIT 1   [ RunTime:0.0001s ]
SQL: INSERT INTO `pay_order` (`pay_memberid`,`pay_orderid`,`pay_amount`,`pay_poundage`,`pay_actualamount`,`pay_applydate`,`pay_bankcode`,`pay_bankid`,`pay_bankname`,`pay_notifyurl`,`pay_callbackurl`,`pay_status`,`pay_tongdao`,`pay_zh_tongdao`,`pay_channel_account`,`pay_ytongdao`,`pay_yzh_tongdao`,`pay_tjurl`,`pay_productname`,`attach`,`out_trade_id`,`ddlx`,`memberid`,`key`,`account`,`cost`,`cost_rate`,`channel_id`,`account_id`) VALUES ('10002','20180714162231551015','0.01','8.0E-5','0.00992','1531556551','907','ICBC','网银支付','http://www.9pay.local/demo/server.php','http://www.9pay.local/demo/page.php','0','AnsBank','爱农商（网银）','929530095023526','AnsBank','爱农商网银支付','http://www.9pay.local/demo/index1.php','VIP基础服务','1234|456','E20180714081707895753','0','929530095023526','5syyBnt4gSHVuXSvJsBUKFafhmPzBrRg','','0.00','0.0021','221','237') [ RunTime:0.0022s ]
NOTIC: [8192] Function mcrypt_encrypt() is deprecated /var/www/jiuyu/fundtime.cn/Application/Pay/Common/function.php 第 29 行.
INFO: [ app_end ] --START--
INFO: Run Behavior\ShowPageTraceBehavior [ RunTime:0.000328s ]
INFO: [ app_end ] --END-- [ RunTime:0.000337s ]

[ 2018-07-14T16:23:43+08:00 ] 172.18.0.1 /Pay_Index.html
INFO: [ app_init ] --START--
INFO: Run Behavior\BuildLiteBehavior [ RunTime:0.000006s ]
INFO: [ app_init ] --END-- [ RunTime:0.000029s ]
INFO: [ app_begin ] --START--
INFO: Run Behavior\ReadHtmlCacheBehavior [ RunTime:0.000270s ]
INFO: Run Behavior\CheckLangBehavior [ RunTime:0.000943s ]
INFO: [ app_begin ] --END-- [ RunTime:0.001244s ]
INFO: [ action_begin ] --START--
INFO: Run Behavior\CheckAuthBehavior [ RunTime:0.002343s ]
INFO: [ action_begin ] --END-- [ RunTime:0.002366s ]
SQL: SHOW COLUMNS FROM `pay_websiteconfig` [ RunTime:0.0014s ]
SQL: SELECT `is_repeat_order` FROM `pay_websiteconfig` LIMIT 1   [ RunTime:0.0003s ]
SQL: SHOW COLUMNS FROM `pay_order` [ RunTime:0.0010s ]
SQL: SELECT COUNT(*) AS tp_count FROM `pay_order` WHERE `pay_memberid` = 10002 AND `out_trade_id` = 'E20180714082242700490' LIMIT 1   [ RunTime:0.0002s ]
SQL: SHOW COLUMNS FROM `pay_user_riskcontrol_config` [ RunTime:0.0014s ]
SQL: SHOW COLUMNS FROM `pay_member` [ RunTime:0.0017s ]
SQL: SELECT `id`,`unit_paying_number`,`unit_frist_paying_time`,`unit_paying_amount`,`paying_money`,`last_paying_time` FROM `pay_member` WHERE `id` = 2 LIMIT 1   [ RunTime:0.0003s ]
SQL: SELECT * FROM `pay_user_riskcontrol_config` WHERE `user_id` = 2 AND `status` = 1 LIMIT 1   [ RunTime:0.0025s ]
SQL: SELECT * FROM `pay_user_riskcontrol_config` WHERE `is_system` = 1 AND `status` = 1 LIMIT 1   [ RunTime:0.0007s ]
SQL: SHOW COLUMNS FROM `pay_product` [ RunTime:0.0008s ]
SQL: SELECT COUNT(*) AS tp_count FROM `pay_product` WHERE `id` = 907 AND `status` = 1 LIMIT 1   [ RunTime:0.0005s ]
SQL: SHOW COLUMNS FROM `pay_product_user` [ RunTime:0.0009s ]
SQL: SELECT * FROM `pay_product_user` WHERE `pid` = 907 AND `userid` = 2 AND `status` = 1 LIMIT 1   [ RunTime:0.0020s ]
SQL: SHOW COLUMNS FROM `pay_channel` [ RunTime:0.0018s ]
SQL: SELECT * FROM `pay_channel` WHERE `id` = 212 LIMIT 1   [ RunTime:0.0003s ]
SQL: SHOW COLUMNS FROM `pay_banks` [ RunTime:0.0019s ]
SQL: SELECT * FROM `pay_banks` WHERE `status` = 1 AND `code` = 'CCB' LIMIT 1   [ RunTime:0.0005s ]
SQL: SELECT * FROM `pay_channel` WHERE `id` = 215 LIMIT 1   [ RunTime:0.0003s ]
SQL: SELECT * FROM `pay_channel` WHERE `id` = 215 AND `status` = 1 LIMIT 1   [ RunTime:0.0002s ]
INFO: [ action_begin ] --START--
INFO: Run Behavior\CheckAuthBehavior [ RunTime:0.000589s ]
INFO: [ action_begin ] --END-- [ RunTime:-0.033212s ]
SQL: SHOW COLUMNS FROM `pay_member` [ RunTime:0.0012s ]
SQL: SELECT * FROM `pay_member` WHERE `id` = 2 LIMIT 1   [ RunTime:0.0003s ]
SQL: SHOW COLUMNS FROM `pay_userrate` [ RunTime:0.0008s ]
SQL: SELECT * FROM `pay_userrate` WHERE `userid` = 2 AND `payapiid` = 907 LIMIT 1   [ RunTime:0.0021s ]
SQL: SELECT * FROM `pay_channel` WHERE `id` = 215 LIMIT 1   [ RunTime:0.0003s ]
SQL: SHOW COLUMNS FROM `pay_channel_account` [ RunTime:0.0013s ]
SQL: SELECT * FROM `pay_channel_account` WHERE `channel_id` = 215 AND `status` = 1  [ RunTime:0.0020s ]
SQL: SHOW COLUMNS FROM `pay_channel_account` [ RunTime:0.0014s ]
SQL: SELECT * FROM `pay_product` WHERE `id` = 907 LIMIT 1   [ RunTime:0.0003s ]
SQL: INSERT INTO `pay_order` (`pay_memberid`,`pay_orderid`,`pay_amount`,`pay_poundage`,`pay_actualamount`,`pay_applydate`,`pay_bankcode`,`pay_bankid`,`pay_bankname`,`pay_notifyurl`,`pay_callbackurl`,`pay_status`,`pay_tongdao`,`pay_zh_tongdao`,`pay_channel_account`,`pay_ytongdao`,`pay_yzh_tongdao`,`pay_tjurl`,`pay_productname`,`attach`,`out_trade_id`,`ddlx`,`memberid`,`key`,`account`,`cost`,`cost_rate`,`channel_id`,`account_id`) VALUES ('10002','20180714162343102535','0.01','8.0E-5','0.00992','1531556623','907','CCB','网银支付','http://www.9pay.local/demo/server.php','http://www.9pay.local/demo/page.php','0','YsbBank','银生宝（网银支付）','松原市贵友科技有限公司','YsbBank','银生宝网银支付','http://www.9pay.local/demo/index1.php','VIP基础服务','1234|456','E20180714082242700490','0','2120180207134608001','joP3PUBXFsjte9R1','','0.00','0.0020','215','231') [ RunTime:0.0054s ]
NOTIC: [8192] Function mcrypt_encrypt() is deprecated /var/www/jiuyu/fundtime.cn/Application/Pay/Common/function.php 第 29 行.
NOTIC: [8192] Function mcrypt_decrypt() is deprecated /var/www/jiuyu/fundtime.cn/Application/Pay/Common/function.php 第 26 行.
INFO: [ app_end ] --START--
INFO: Run Behavior\ShowPageTraceBehavior [ RunTime:0.000438s ]
INFO: [ app_end ] --END-- [ RunTime:0.000451s ]

