[ 2018-07-14T16:11:56+08:00 ] 172.18.0.1 /agent_Login_verifycode.html?t=1531555916
INFO: [ app_init ] --START--
INFO: Run Behavior\BuildLiteBehavior [ RunTime:0.000005s ]
INFO: [ app_init ] --END-- [ RunTime:0.000020s ]
INFO: [ app_begin ] --START--
INFO: Run Behavior\ReadHtmlCacheBehavior [ RunTime:0.000028s ]
INFO: Run Behavior\CheckLangBehavior [ RunTime:0.000195s ]
INFO: [ app_begin ] --END-- [ RunTime:0.000252s ]
INFO: [ action_begin ] --START--
INFO: Run Behavior\CheckAuthBehavior [ RunTime:0.001238s ]
INFO: [ action_begin ] --END-- [ RunTime:0.001265s ]
SQL: SHOW COLUMNS FROM `pay_websiteconfig` [ RunTime:0.0009s ]
SQL: SELECT * FROM `pay_websiteconfig` LIMIT 1   [ RunTime:0.0002s ]
INFO: [ app_end ] --START--
INFO: Run Behavior\ShowPageTraceBehavior [ RunTime:0.000033s ]
INFO: [ app_end ] --END-- [ RunTime:0.000054s ]

[ 2018-07-14T16:12:01+08:00 ] 172.18.0.1 /User_Login_checklogin
INFO: [ app_init ] --START--
INFO: Run Behavior\BuildLiteBehavior [ RunTime:0.000004s ]
INFO: [ app_init ] --END-- [ RunTime:0.000017s ]
INFO: [ app_begin ] --START--
INFO: Run Behavior\ReadHtmlCacheBehavior [ RunTime:0.000216s ]
INFO: Run Behavior\CheckLangBehavior [ RunTime:0.000642s ]
INFO: [ app_begin ] --END-- [ RunTime:0.000878s ]
INFO: [ action_begin ] --START--
INFO: Run Behavior\CheckAuthBehavior [ RunTime:0.001651s ]
INFO: [ action_begin ] --END-- [ RunTime:0.001661s ]
SQL: SHOW COLUMNS FROM `pay_websiteconfig` [ RunTime:0.0008s ]
SQL: SELECT * FROM `pay_websiteconfig` LIMIT 1   [ RunTime:0.0001s ]
SQL: SHOW COLUMNS FROM `pay_member` [ RunTime:0.0007s ]
SQL: SELECT * FROM `pay_member` WHERE `username` = 'adminroot' LIMIT 1   [ RunTime:0.0001s ]
SQL: SELECT `login_warning_num` FROM `pay_websiteconfig` LIMIT 1   [ RunTime:0.0001s ]

[ 2018-07-14T16:12:02+08:00 ] 172.18.0.1 /User_Login_checklogin
INFO: [ app_init ] --START--
INFO: Run Behavior\BuildLiteBehavior [ RunTime:0.000004s ]
INFO: [ app_init ] --END-- [ RunTime:0.000018s ]
INFO: [ app_begin ] --START--
INFO: Run Behavior\ReadHtmlCacheBehavior [ RunTime:0.000271s ]
INFO: Run Behavior\CheckLangBehavior [ RunTime:0.000722s ]
INFO: [ app_begin ] --END-- [ RunTime:0.001017s ]
INFO: [ action_begin ] --START--
INFO: Run Behavior\CheckAuthBehavior [ RunTime:0.001435s ]
INFO: [ action_begin ] --END-- [ RunTime:0.001447s ]
SQL: SHOW COLUMNS FROM `pay_websiteconfig` [ RunTime:0.0008s ]
SQL: SELECT * FROM `pay_websiteconfig` LIMIT 1   [ RunTime:0.0001s ]

[ 2018-07-14T18:07:51+08:00 ] 172.18.0.1 /agent.html
INFO: [ app_init ] --START--
INFO: Run Behavior\BuildLiteBehavior [ RunTime:0.000003s ]
INFO: [ app_init ] --END-- [ RunTime:0.000013s ]
INFO: [ app_begin ] --START--
INFO: Run Behavior\ReadHtmlCacheBehavior [ RunTime:0.000017s ]
INFO: Run Behavior\CheckLangBehavior [ RunTime:0.000157s ]
INFO: [ app_begin ] --END-- [ RunTime:0.000195s ]
INFO: [ action_begin ] --START--
INFO: Run Behavior\CheckAuthBehavior [ RunTime:0.000981s ]
INFO: [ action_begin ] --END-- [ RunTime:0.001002s ]
SQL: SHOW COLUMNS FROM `pay_websiteconfig` [ RunTime:0.0008s ]
SQL: SELECT * FROM `pay_websiteconfig` LIMIT 1   [ RunTime:0.0001s ]
SQL: SHOW COLUMNS FROM `pay_member` [ RunTime:0.0008s ]
SQL: SELECT `id` as uid,`username`,`password`,`groupid`,`parentid`,`salt`,`balance`,`blockedbalance`,`email`,`realname`,`authorized`,`apidomain`,`apikey`,`status`,`mobile`,`receiver`,`agent_cate`,`df_api`,`login_ip`,`open_charge`,`google_secret_key`,`session_random`,`regdatetime` FROM `pay_member` WHERE `id` = 18 LIMIT 1   [ RunTime:0.0002s ]
INFO: [ view_parse ] --START--
INFO: [ template_filter ] --START--
INFO: Run Behavior\ContentReplaceBehavior [ RunTime:0.000027s ]
INFO: [ template_filter ] --END-- [ RunTime:0.000044s ]
NOTIC: [2] Use of undefined constant agent_cate - assumed 'agent_cate' (this will throw an Error in a future version of PHP) /var/www/jiuyu/fundtime.cn/Runtime/Cache/User/d7a7632f153cf12d0db44c934c28bcfe.php 第 53 行.
NOTIC: [2] Use of undefined constant groupid - assumed 'groupid' (this will throw an Error in a future version of PHP) /var/www/jiuyu/fundtime.cn/Runtime/Cache/User/d7a7632f153cf12d0db44c934c28bcfe.php 第 58 行.
NOTIC: [2] Use of undefined constant groupid - assumed 'groupid' (this will throw an Error in a future version of PHP) /var/www/jiuyu/fundtime.cn/Runtime/Cache/User/d7a7632f153cf12d0db44c934c28bcfe.php 第 69 行.
NOTIC: [2] Use of undefined constant groupid - assumed 'groupid' (this will throw an Error in a future version of PHP) /var/www/jiuyu/fundtime.cn/Runtime/Cache/User/d7a7632f153cf12d0db44c934c28bcfe.php 第 102 行.
NOTIC: [2] Use of undefined constant df_api - assumed 'df_api' (this will throw an Error in a future version of PHP) /var/www/jiuyu/fundtime.cn/Runtime/Cache/User/d7a7632f153cf12d0db44c934c28bcfe.php 第 112 行.
NOTIC: [2] Use of undefined constant groupid - assumed 'groupid' (this will throw an Error in a future version of PHP) /var/www/jiuyu/fundtime.cn/Runtime/Cache/User/d7a7632f153cf12d0db44c934c28bcfe.php 第 115 行.
NOTIC: [2] Use of undefined constant groupid - assumed 'groupid' (this will throw an Error in a future version of PHP) /var/www/jiuyu/fundtime.cn/Runtime/Cache/User/d7a7632f153cf12d0db44c934c28bcfe.php 第 121 行.
NOTIC: [2] Use of undefined constant groupid - assumed 'groupid' (this will throw an Error in a future version of PHP) /var/www/jiuyu/fundtime.cn/Runtime/Cache/User/d7a7632f153cf12d0db44c934c28bcfe.php 第 135 行.
NOTIC: [2] Use of undefined constant groupid - assumed 'groupid' (this will throw an Error in a future version of PHP) /var/www/jiuyu/fundtime.cn/Runtime/Cache/User/d7a7632f153cf12d0db44c934c28bcfe.php 第 149 行.
INFO: Run Behavior\ParseTemplateBehavior [ RunTime:0.039097s ]
INFO: [ view_parse ] --END-- [ RunTime:0.039113s ]
INFO: [ view_filter ] --START--
INFO: Run Behavior\WriteHtmlCacheBehavior [ RunTime:0.000535s ]
INFO: Run Behavior\TokenBuildBehavior [ RunTime:0.000532s ]
INFO: [ view_filter ] --END-- [ RunTime:0.001083s ]
INFO: [ app_end ] --START--
INFO: Run Behavior\ShowPageTraceBehavior [ RunTime:0.000015s ]
INFO: [ app_end ] --END-- [ RunTime:0.000024s ]

[ 2018-07-14T18:07:51+08:00 ] 172.18.0.1 /agent_Index_main.html
INFO: [ app_init ] --START--
INFO: Run Behavior\BuildLiteBehavior [ RunTime:0.000004s ]
INFO: [ app_init ] --END-- [ RunTime:0.000019s ]
INFO: [ app_begin ] --START--
INFO: Run Behavior\ReadHtmlCacheBehavior [ RunTime:0.000013s ]
INFO: Run Behavior\CheckLangBehavior [ RunTime:0.000030s ]
INFO: [ app_begin ] --END-- [ RunTime:0.000059s ]
INFO: [ action_begin ] --START--
INFO: Run Behavior\CheckAuthBehavior [ RunTime:0.000707s ]
INFO: [ action_begin ] --END-- [ RunTime:0.000720s ]
SQL: SHOW COLUMNS FROM `pay_websiteconfig` [ RunTime:0.0009s ]
SQL: SELECT * FROM `pay_websiteconfig` LIMIT 1   [ RunTime:0.0004s ]
SQL: SHOW COLUMNS FROM `pay_member` [ RunTime:0.0014s ]
SQL: SELECT `id` as uid,`username`,`password`,`groupid`,`parentid`,`salt`,`balance`,`blockedbalance`,`email`,`realname`,`authorized`,`apidomain`,`apikey`,`status`,`mobile`,`receiver`,`agent_cate`,`df_api`,`login_ip`,`open_charge`,`google_secret_key`,`session_random`,`regdatetime` FROM `pay_member` WHERE `id` = 18 LIMIT 1   [ RunTime:0.0006s ]
SQL: SHOW COLUMNS FROM `pay_order` [ RunTime:0.0014s ]
SQL: SELECT SUM( pay_actualamount ) AS total, FROM_UNIXTIME( pay_successdate,  '%Y-%m-%d' ) AS DATETIME
FROM pay_order WHERE pay_successdate >= UNIX_TIMESTAMP(  '2018-07-01' ) AND pay_successdate < UNIX_TIMESTAMP(  '2018-07-31' ) AND pay_status>=1 AND pay_memberid=10018  GROUP BY DATETIME [ RunTime:0.0045s ]
SQL: SELECT COUNT( id ) AS num, FROM_UNIXTIME( pay_successdate,  '%Y-%m-%d' ) AS DATETIME
FROM pay_order WHERE pay_successdate >= UNIX_TIMESTAMP(  '2018-07-01' ) AND pay_successdate < UNIX_TIMESTAMP(  '2018-07-31' ) AND pay_status>=1 AND pay_memberid=10018  GROUP BY DATETIME [ RunTime:0.0004s ]
NOTIC: [8] Undefined variable: category /var/www/jiuyu/fundtime.cn/Application/User/Controller/IndexController.class.php 第 57 行.
NOTIC: [2] implode(): Invalid arguments passed /var/www/jiuyu/fundtime.cn/Application/User/Controller/IndexController.class.php 第 57 行.
NOTIC: [8] Undefined variable: dataone /var/www/jiuyu/fundtime.cn/Application/User/Controller/IndexController.class.php 第 58 行.
NOTIC: [2] implode(): Invalid arguments passed /var/www/jiuyu/fundtime.cn/Application/User/Controller/IndexController.class.php 第 58 行.
NOTIC: [8] Undefined variable: datatwo /var/www/jiuyu/fundtime.cn/Application/User/Controller/IndexController.class.php 第 59 行.
NOTIC: [2] implode(): Invalid arguments passed /var/www/jiuyu/fundtime.cn/Application/User/Controller/IndexController.class.php 第 59 行.
SQL: SHOW COLUMNS FROM `pay_article` [ RunTime:0.0015s ]
SQL: SELECT * FROM `pay_article` WHERE `status` = 1 AND `groupid` IN ('0','2') ORDER BY id desc LIMIT 2   [ RunTime:0.0084s ]
SQL: SHOW COLUMNS FROM `pay_loginrecord` [ RunTime:0.0013s ]
SQL: SELECT * FROM `pay_loginrecord` WHERE `userid` = 18 ORDER BY id desc LIMIT 2   [ RunTime:0.0078s ]
SQL: SELECT COUNT(*) AS tp_count FROM `pay_order` WHERE `pay_memberid` = 10018 AND `pay_applydate` BETWEEN 1531497600 AND 1531583999 LIMIT 1   [ RunTime:0.0002s ]
SQL: SELECT COUNT(*) AS tp_count FROM `pay_order` WHERE `pay_memberid` = 10018 AND `pay_successdate` BETWEEN 1531497600 AND 1531583999 AND `pay_status` IN ('1','2') LIMIT 1   [ RunTime:0.0002s ]
SQL: SELECT COUNT(*) AS tp_count FROM `pay_order` WHERE `pay_memberid` = 10018 AND `pay_applydate` BETWEEN 1531497600 AND 1531583999 AND `pay_status` = 0 LIMIT 1   [ RunTime:0.0002s ]
SQL: SELECT SUM(pay_amount) AS tp_sum FROM `pay_order` WHERE `pay_memberid` = 10018 AND `pay_applydate` BETWEEN 1531497600 AND 1531583999 AND `pay_status` = 0 LIMIT 1   [ RunTime:0.0002s ]
SQL: SELECT SUM(pay_actualamount) AS tp_sum FROM `pay_order` WHERE `pay_memberid` = 10018 AND `pay_successdate` BETWEEN 1531497600 AND 1531583999 AND `pay_status` IN ('1','2') LIMIT 1   [ RunTime:0.0002s ]
NOTIC: [8] Undefined variable: ipItem /var/www/jiuyu/fundtime.cn/Application/User/Controller/IndexController.class.php 第 93 行.
INFO: [ view_parse ] --START--
INFO: [ template_filter ] --START--
INFO: Run Behavior\ContentReplaceBehavior [ RunTime:0.000020s ]
INFO: [ template_filter ] --END-- [ RunTime:0.000034s ]
NOTIC: [2] Illegal string offset 'loginip' /var/www/jiuyu/fundtime.cn/Runtime/Cache/User/0a2302724c4cbc626c8639028f086c96.php 第 29 行.
NOTIC: [8] Uninitialized string offset: 0 /var/www/jiuyu/fundtime.cn/Runtime/Cache/User/0a2302724c4cbc626c8639028f086c96.php 第 29 行.
NOTIC: [2] Illegal string offset 'loginaddress' /var/www/jiuyu/fundtime.cn/Runtime/Cache/User/0a2302724c4cbc626c8639028f086c96.php 第 29 行.
NOTIC: [8] Uninitialized string offset: 0 /var/www/jiuyu/fundtime.cn/Runtime/Cache/User/0a2302724c4cbc626c8639028f086c96.php 第 29 行.
NOTIC: [2] Illegal string offset 'logindatetime' /var/www/jiuyu/fundtime.cn/Runtime/Cache/User/0a2302724c4cbc626c8639028f086c96.php 第 29 行.
NOTIC: [8] Uninitialized string offset: 0 /var/www/jiuyu/fundtime.cn/Runtime/Cache/User/0a2302724c4cbc626c8639028f086c96.php 第 29 行.
NOTIC: [2] Use of undefined constant groupid - assumed 'groupid' (this will throw an Error in a future version of PHP) /var/www/jiuyu/fundtime.cn/Runtime/Cache/User/0a2302724c4cbc626c8639028f086c96.php 第 37 行.
NOTIC: [2] Use of undefined constant groupid - assumed 'groupid' (this will throw an Error in a future version of PHP) /var/www/jiuyu/fundtime.cn/Runtime/Cache/User/0a2302724c4cbc626c8639028f086c96.php 第 84 行.
INFO: Run Behavior\ParseTemplateBehavior [ RunTime:0.050146s ]
INFO: [ view_parse ] --END-- [ RunTime:0.050162s ]
INFO: [ view_filter ] --START--
INFO: Run Behavior\WriteHtmlCacheBehavior [ RunTime:0.000018s ]
INFO: Run Behavior\TokenBuildBehavior [ RunTime:0.000030s ]
INFO: [ view_filter ] --END-- [ RunTime:0.000057s ]
INFO: [ app_end ] --START--
INFO: Run Behavior\ShowPageTraceBehavior [ RunTime:0.000008s ]
INFO: [ app_end ] --END-- [ RunTime:0.000013s ]

