[ 2018-07-15T15:15:17+08:00 ] 172.18.0.1 /agent.html
INFO: [ app_init ] --START--
INFO: Run Behavior\BuildLiteBehavior [ RunTime:0.000003s ]
INFO: [ app_init ] --END-- [ RunTime:0.000013s ]
INFO: [ app_begin ] --START--
INFO: Run Behavior\ReadHtmlCacheBehavior [ RunTime:0.000016s ]
INFO: Run Behavior\CheckLangBehavior [ RunTime:0.000165s ]
INFO: [ app_begin ] --END-- [ RunTime:0.000201s ]
INFO: [ action_begin ] --START--
INFO: Run Behavior\CheckAuthBehavior [ RunTime:0.000541s ]
INFO: [ action_begin ] --END-- [ RunTime:0.000562s ]
SQL: SHOW COLUMNS FROM `pay_websiteconfig` [ RunTime:0.0010s ]
SQL: SELECT * FROM `pay_websiteconfig` LIMIT 1   [ RunTime:0.0006s ]
SQL: SHOW COLUMNS FROM `pay_member` [ RunTime:0.0008s ]
SQL: SELECT `id` as uid,`username`,`password`,`groupid`,`parentid`,`salt`,`balance`,`blockedbalance`,`email`,`realname`,`authorized`,`apidomain`,`apikey`,`status`,`mobile`,`receiver`,`agent_cate`,`df_api`,`login_ip`,`open_charge`,`google_secret_key`,`session_random`,`regdatetime` FROM `pay_member` WHERE `id` = 13 LIMIT 1   [ RunTime:0.0002s ]
INFO: [ view_parse ] --START--
INFO: [ template_filter ] --START--
INFO: Run Behavior\ContentReplaceBehavior [ RunTime:0.000028s ]
INFO: [ template_filter ] --END-- [ RunTime:0.000045s ]
NOTIC: [2] Use of undefined constant agent_cate - assumed 'agent_cate' (this will throw an Error in a future version of PHP) /var/www/jiuyu/fundtime.cn/Runtime/Cache/User/d7a7632f153cf12d0db44c934c28bcfe.php 第 53 行.
NOTIC: [2] Use of undefined constant groupid - assumed 'groupid' (this will throw an Error in a future version of PHP) /var/www/jiuyu/fundtime.cn/Runtime/Cache/User/d7a7632f153cf12d0db44c934c28bcfe.php 第 58 行.
NOTIC: [2] Use of undefined constant groupid - assumed 'groupid' (this will throw an Error in a future version of PHP) /var/www/jiuyu/fundtime.cn/Runtime/Cache/User/d7a7632f153cf12d0db44c934c28bcfe.php 第 69 行.
NOTIC: [2] Use of undefined constant groupid - assumed 'groupid' (this will throw an Error in a future version of PHP) /var/www/jiuyu/fundtime.cn/Runtime/Cache/User/d7a7632f153cf12d0db44c934c28bcfe.php 第 102 行.
NOTIC: [2] Use of undefined constant df_api - assumed 'df_api' (this will throw an Error in a future version of PHP) /var/www/jiuyu/fundtime.cn/Runtime/Cache/User/d7a7632f153cf12d0db44c934c28bcfe.php 第 112 行.
NOTIC: [2] Use of undefined constant groupid - assumed 'groupid' (this will throw an Error in a future version of PHP) /var/www/jiuyu/fundtime.cn/Runtime/Cache/User/d7a7632f153cf12d0db44c934c28bcfe.php 第 115 行.
NOTIC: [2] Use of undefined constant groupid - assumed 'groupid' (this will throw an Error in a future version of PHP) /var/www/jiuyu/fundtime.cn/Runtime/Cache/User/d7a7632f153cf12d0db44c934c28bcfe.php 第 121 行.
NOTIC: [2] Use of undefined constant groupid - assumed 'groupid' (this will throw an Error in a future version of PHP) /var/www/jiuyu/fundtime.cn/Runtime/Cache/User/d7a7632f153cf12d0db44c934c28bcfe.php 第 135 行.
NOTIC: [2] Use of undefined constant groupid - assumed 'groupid' (this will throw an Error in a future version of PHP) /var/www/jiuyu/fundtime.cn/Runtime/Cache/User/d7a7632f153cf12d0db44c934c28bcfe.php 第 149 行.
INFO: Run Behavior\ParseTemplateBehavior [ RunTime:0.038342s ]
INFO: [ view_parse ] --END-- [ RunTime:0.038358s ]
INFO: [ view_filter ] --START--
INFO: Run Behavior\WriteHtmlCacheBehavior [ RunTime:0.000295s ]
INFO: Run Behavior\TokenBuildBehavior [ RunTime:0.000287s ]
INFO: [ view_filter ] --END-- [ RunTime:0.000595s ]
INFO: [ app_end ] --START--
INFO: Run Behavior\ShowPageTraceBehavior [ RunTime:0.000017s ]
INFO: [ app_end ] --END-- [ RunTime:0.000028s ]

[ 2018-07-15T15:15:17+08:00 ] 172.18.0.1 /agent_Index_main.html
INFO: [ app_init ] --START--
INFO: Run Behavior\BuildLiteBehavior [ RunTime:0.000003s ]
INFO: [ app_init ] --END-- [ RunTime:0.000015s ]
INFO: [ app_begin ] --START--
INFO: Run Behavior\ReadHtmlCacheBehavior [ RunTime:0.000010s ]
INFO: Run Behavior\CheckLangBehavior [ RunTime:0.000021s ]
INFO: [ app_begin ] --END-- [ RunTime:0.000043s ]
INFO: [ action_begin ] --START--
INFO: Run Behavior\CheckAuthBehavior [ RunTime:0.000797s ]
INFO: [ action_begin ] --END-- [ RunTime:0.000811s ]
SQL: SHOW COLUMNS FROM `pay_websiteconfig` [ RunTime:0.0010s ]
SQL: SELECT * FROM `pay_websiteconfig` LIMIT 1   [ RunTime:0.0006s ]
SQL: SHOW COLUMNS FROM `pay_member` [ RunTime:0.0008s ]
SQL: SELECT `id` as uid,`username`,`password`,`groupid`,`parentid`,`salt`,`balance`,`blockedbalance`,`email`,`realname`,`authorized`,`apidomain`,`apikey`,`status`,`mobile`,`receiver`,`agent_cate`,`df_api`,`login_ip`,`open_charge`,`google_secret_key`,`session_random`,`regdatetime` FROM `pay_member` WHERE `id` = 13 LIMIT 1   [ RunTime:0.0002s ]
SQL: SHOW COLUMNS FROM `pay_order` [ RunTime:0.0012s ]
SQL: SELECT SUM( pay_actualamount ) AS total, FROM_UNIXTIME( pay_successdate,  '%Y-%m-%d' ) AS DATETIME
FROM pay_order WHERE pay_successdate >= UNIX_TIMESTAMP(  '2018-07-01' ) AND pay_successdate < UNIX_TIMESTAMP(  '2018-07-31' ) AND pay_status>=1 AND pay_memberid=10013  GROUP BY DATETIME [ RunTime:0.0007s ]
SQL: SELECT COUNT( id ) AS num, FROM_UNIXTIME( pay_successdate,  '%Y-%m-%d' ) AS DATETIME
FROM pay_order WHERE pay_successdate >= UNIX_TIMESTAMP(  '2018-07-01' ) AND pay_successdate < UNIX_TIMESTAMP(  '2018-07-31' ) AND pay_status>=1 AND pay_memberid=10013  GROUP BY DATETIME [ RunTime:0.0003s ]
NOTIC: [8] Undefined variable: category /var/www/jiuyu/fundtime.cn/Application/User/Controller/IndexController.class.php 第 57 行.
NOTIC: [2] implode(): Invalid arguments passed /var/www/jiuyu/fundtime.cn/Application/User/Controller/IndexController.class.php 第 57 行.
NOTIC: [8] Undefined variable: dataone /var/www/jiuyu/fundtime.cn/Application/User/Controller/IndexController.class.php 第 58 行.
NOTIC: [2] implode(): Invalid arguments passed /var/www/jiuyu/fundtime.cn/Application/User/Controller/IndexController.class.php 第 58 行.
NOTIC: [8] Undefined variable: datatwo /var/www/jiuyu/fundtime.cn/Application/User/Controller/IndexController.class.php 第 59 行.
NOTIC: [2] implode(): Invalid arguments passed /var/www/jiuyu/fundtime.cn/Application/User/Controller/IndexController.class.php 第 59 行.
SQL: SHOW COLUMNS FROM `pay_article` [ RunTime:0.0010s ]
SQL: SELECT * FROM `pay_article` WHERE `status` = 1 AND `groupid` IN ('0','2') ORDER BY id desc LIMIT 2   [ RunTime:0.0018s ]
SQL: SHOW COLUMNS FROM `pay_loginrecord` [ RunTime:0.0011s ]
SQL: SELECT * FROM `pay_loginrecord` WHERE `userid` = 13 ORDER BY id desc LIMIT 2   [ RunTime:0.0007s ]
SQL: SELECT COUNT(*) AS tp_count FROM `pay_order` WHERE `pay_memberid` = 10013 AND `pay_applydate` BETWEEN 1531584000 AND 1531670399 LIMIT 1   [ RunTime:0.0002s ]
SQL: SELECT COUNT(*) AS tp_count FROM `pay_order` WHERE `pay_memberid` = 10013 AND `pay_successdate` BETWEEN 1531584000 AND 1531670399 AND `pay_status` IN ('1','2') LIMIT 1   [ RunTime:0.0002s ]
SQL: SELECT COUNT(*) AS tp_count FROM `pay_order` WHERE `pay_memberid` = 10013 AND `pay_applydate` BETWEEN 1531584000 AND 1531670399 AND `pay_status` = 0 LIMIT 1   [ RunTime:0.0002s ]
SQL: SELECT SUM(pay_amount) AS tp_sum FROM `pay_order` WHERE `pay_memberid` = 10013 AND `pay_applydate` BETWEEN 1531584000 AND 1531670399 AND `pay_status` = 0 LIMIT 1   [ RunTime:0.0002s ]
SQL: SELECT SUM(pay_actualamount) AS tp_sum FROM `pay_order` WHERE `pay_memberid` = 10013 AND `pay_successdate` BETWEEN 1531584000 AND 1531670399 AND `pay_status` IN ('1','2') LIMIT 1   [ RunTime:0.0002s ]
NOTIC: [8] Undefined variable: ipItem /var/www/jiuyu/fundtime.cn/Application/User/Controller/IndexController.class.php 第 93 行.
INFO: [ view_parse ] --START--
INFO: [ template_filter ] --START--
INFO: Run Behavior\ContentReplaceBehavior [ RunTime:0.000025s ]
INFO: [ template_filter ] --END-- [ RunTime:0.000044s ]
NOTIC: [2] Use of undefined constant groupid - assumed 'groupid' (this will throw an Error in a future version of PHP) /var/www/jiuyu/fundtime.cn/Runtime/Cache/User/0a2302724c4cbc626c8639028f086c96.php 第 37 行.
NOTIC: [2] Use of undefined constant groupid - assumed 'groupid' (this will throw an Error in a future version of PHP) /var/www/jiuyu/fundtime.cn/Runtime/Cache/User/0a2302724c4cbc626c8639028f086c96.php 第 84 行.
INFO: Run Behavior\ParseTemplateBehavior [ RunTime:0.059136s ]
INFO: [ view_parse ] --END-- [ RunTime:0.059154s ]
INFO: [ view_filter ] --START--
INFO: Run Behavior\WriteHtmlCacheBehavior [ RunTime:0.000030s ]
INFO: Run Behavior\TokenBuildBehavior [ RunTime:0.000044s ]
INFO: [ view_filter ] --END-- [ RunTime:0.000090s ]
INFO: [ app_end ] --START--
INFO: Run Behavior\ShowPageTraceBehavior [ RunTime:0.000014s ]
INFO: [ app_end ] --END-- [ RunTime:0.000022s ]

